5.9552 	WARNING 	User requested fullscreen with size [1920 1080], but screen is actually [3840, 2160]. Using actual size
6.6355 	EXP 	Created window1 = Window(allowGUI=True, allowStencil=False, autoLog=True, backendConf=UNKNOWN, backgroundFit=<method-wrapper '__getattribute__' of attributeSetter object at 0x000001C79F8223D0>, backgroundImage=<method-wrapper '__getattribute__' of attributeSetter object at 0x000001C79F822370>, bitsMode=UNKNOWN, blendMode='avg', bpc=(8, 8, 8), color=array([0, 0, 0]), colorSpace='rgb', depthBits=8, fullscr=<method-wrapper '__getattribute__' of attributeSetter object at 0x000001C79F8221C0>, gamma=None, gammaErrorPolicy='raise', infoMsg=UNKNOWN, lms=UNKNOWN, monitor=<psychopy.monitors.calibTools.Monitor object at 0x000001C79FB09850>, multiSample=False, name='window1', numSamples=2, pos=[0.0, 0.0], screen=0, size=array([3840, 2160]), stencilBits=0, stereo=False, title='PsychoPy', units='height', useFBO=True, useRetina=False, viewOri=0.0, viewPos=None, viewScale=None, waitBlanking=True, winType='pyglet')
6.6356 	EXP 	window1: mouseVisible = True
6.6356 	EXP 	window1: backgroundImage = ''
6.6356 	EXP 	window1: backgroundFit = 'none'
6.6357 	EXP 	window1: mouseVisible = True
6.6359 	EXP 	window1: mouseVisible = True
6.6379 	EXP 	window1: mouseVisible = True
6.6385 	EXP 	window1: mouseVisible = True
6.7698 	EXP 	window1: mouseVisible = True
6.7699 	EXP 	window1: mouseVisible = True
6.7706 	EXP 	window1: mouseVisible = True
6.7712 	EXP 	window1: mouseVisible = True
6.8174 	EXP 	window1: Attempting to measure frame rate of screen (0) ...
6.8174 	EXP 	window1: recordFrameIntervals = False
7.0838 	EXP 	window1: recordFrameIntervals = True
7.4262 	EXP 	Screen (0) actual frame rate measured at 59.88Hz
7.4262 	EXP 	window1: recordFrameIntervals = False
7.4264 	EXP 	window1: mouseVisible = False
9.3633 	EXP 	AB: status = STARTED
9.3638 	EXP 	window1: mouseVisible = True
9.4064 	EXP 	Created text_instructions = TextStim(__class__=<class 'psychopy.visual.text.TextStim'>, alignHoriz=method-wrapper(...), alignText='center', alignVert=method-wrapper(...), anchorHoriz='center', anchorVert='center', antialias=True, autoDraw=False, autoLog=True, bold=False, color=array([1., 1., 1.]), colorSpace='rgb', contrast=1.0, depth=0.0, draggable=False, flipHoriz=False, flipVert=False, font='Open Sans', fontFiles=[], height=0.02, italic=False, languageStyle='LTR', name='text_instructions', opacity=1.0, ori=0.0, pos=array([0., 0.]), rgb=UNKNOWN, text='', units='height', win=Window(...), wrapWidth=1)
9.4320 	EXP 	window1: mouseVisible = True
9.4331 	EXP 	Created context_word = TextStim(__class__=<class 'psychopy.visual.text.TextStim'>, alignHoriz=method-wrapper(...), alignText='center', alignVert=method-wrapper(...), anchorHoriz='center', anchorVert='center', antialias=True, autoDraw=False, autoLog=True, bold=False, color=array([-1., -1.,  1.]), colorSpace='rgb', contrast=1.0, depth=0.0, draggable=False, flipHoriz=False, flipVert=False, font='Open Sans', fontFiles=[], height=0.05, italic=False, languageStyle='LTR', name='context_word', opacity=1.0, ori=0.0, pos=array([0., 0.]), rgb=UNKNOWN, text='', units='height', win=Window(...), wrapWidth=1)
9.4332 	EXP 	window1: mouseVisible = True
9.4347 	EXP 	Created blankContext = TextStim(__class__=<class 'psychopy.visual.text.TextStim'>, alignHoriz=method-wrapper(...), alignText='center', alignVert=method-wrapper(...), anchorHoriz='center', anchorVert='center', antialias=True, autoDraw=False, autoLog=True, bold=False, color=array([1., 1., 1.]), colorSpace='rgb', contrast=1.0, depth=-1.0, draggable=False, flipHoriz=False, flipVert=False, font='Open Sans', fontFiles=[], height=0.05, italic=False, languageStyle='LTR', name='blankContext', opacity=1.0, ori=0.0, pos=array([0., 0.]), rgb=UNKNOWN, text='', units='height', win=Window(...), wrapWidth=1)
9.4348 	EXP 	window1: mouseVisible = True
9.4360 	EXP 	Created text_distractors_2 = TextStim(__class__=<class 'psychopy.visual.text.TextStim'>, alignHoriz=method-wrapper(...), alignText='center', alignVert=method-wrapper(...), anchorHoriz='center', anchorVert='center', antialias=True, autoDraw=False, autoLog=True, bold=False, color=array([-1., -1.,  1.]), colorSpace='rgb', contrast=1.0, depth=0.0, draggable=False, flipHoriz=False, flipVert=False, font='Open Sans', fontFiles=[], height=0.05, italic=False, languageStyle='LTR', name='text_distractors_2', opacity=1.0, ori=0.0, pos=array([0., 0.]), rgb=UNKNOWN, text='', units='height', win=Window(...), wrapWidth=1)
9.4361 	EXP 	window1: mouseVisible = True
9.4372 	EXP 	Created text_T1 = TextStim(__class__=<class 'psychopy.visual.text.TextStim'>, alignHoriz=method-wrapper(...), alignText='center', alignVert=method-wrapper(...), anchorHoriz='center', anchorVert='center', antialias=True, autoDraw=False, autoLog=True, bold=False, color=array([ 1., -1., -1.]), colorSpace='rgb', contrast=1.0, depth=0.0, draggable=False, flipHoriz=False, flipVert=False, font='Open Sans', fontFiles=[], height=0.05, italic=False, languageStyle='LTR', name='text_T1', opacity=1.0, ori=0.0, pos=array([0., 0.]), rgb=UNKNOWN, text='', units='height', win=Window(...), wrapWidth=1)
9.4372 	EXP 	window1: mouseVisible = True
9.4383 	EXP 	Created text_distractors = TextStim(__class__=<class 'psychopy.visual.text.TextStim'>, alignHoriz=method-wrapper(...), alignText='center', alignVert=method-wrapper(...), anchorHoriz='center', anchorVert='center', antialias=True, autoDraw=False, autoLog=True, bold=False, color=array([-1., -1.,  1.]), colorSpace='rgb', contrast=1.0, depth=-1.0, draggable=False, flipHoriz=False, flipVert=False, font='Open Sans', fontFiles=[], height=0.05, italic=False, languageStyle='LTR', name='text_distractors', opacity=1.0, ori=0.0, pos=array([0., 0.]), rgb=UNKNOWN, text='', units='height', win=Window(...), wrapWidth=1)
9.4384 	EXP 	window1: mouseVisible = True
9.4395 	EXP 	Created text_T2 = TextStim(__class__=<class 'psychopy.visual.text.TextStim'>, alignHoriz=method-wrapper(...), alignText='center', alignVert=method-wrapper(...), anchorHoriz='center', anchorVert='center', antialias=True, autoDraw=False, autoLog=True, bold=False, color=array([ 1., -1., -1.]), colorSpace='rgb', contrast=1.0, depth=0.0, draggable=False, flipHoriz=False, flipVert=False, font='Open Sans', fontFiles=[], height=0.05, italic=False, languageStyle='LTR', name='text_T2', opacity=1.0, ori=0.0, pos=array([0., 0.]), rgb=UNKNOWN, text='', units='height', win=Window(...), wrapWidth=1)
9.4396 	EXP 	window1: mouseVisible = True
9.4406 	EXP 	Created text_distractors_2 = TextStim(__class__=<class 'psychopy.visual.text.TextStim'>, alignHoriz=method-wrapper(...), alignText='center', alignVert=method-wrapper(...), anchorHoriz='center', anchorVert='center', antialias=True, autoDraw=False, autoLog=True, bold=False, color=array([-1., -1.,  1.]), colorSpace='rgb', contrast=1.0, depth=0.0, draggable=False, flipHoriz=False, flipVert=False, font='Open Sans', fontFiles=[], height=0.05, italic=False, languageStyle='LTR', name='text_distractors_2', opacity=1.0, ori=0.0, pos=array([0., 0.]), rgb=UNKNOWN, text='', units='height', win=Window(...), wrapWidth=1)
9.4407 	EXP 	window1: mouseVisible = True
9.4422 	EXP 	Created blankT1_1 = TextStim(__class__=<class 'psychopy.visual.text.TextStim'>, alignHoriz=method-wrapper(...), alignText='center', alignVert=method-wrapper(...), anchorHoriz='center', anchorVert='center', antialias=True, autoDraw=False, autoLog=True, bold=False, color=array([1., 1., 1.]), colorSpace='rgb', contrast=1.0, depth=0.0, draggable=False, flipHoriz=False, flipVert=False, font='Open Sans', fontFiles=[], height=0.05, italic=False, languageStyle='LTR', name='blankT1_1', opacity=1.0, ori=0.0, pos=array([0., 0.]), rgb=UNKNOWN, text='', units='height', win=Window(...), wrapWidth=1)
9.4423 	EXP 	window1: mouseVisible = True
9.4535 	EXP 	Created text_T1ask = TextStim(__class__=<class 'psychopy.visual.text.TextStim'>, alignHoriz=method-wrapper(...), alignText='center', alignVert=method-wrapper(...), anchorHoriz='center', anchorVert='center', antialias=True, autoDraw=False, autoLog=True, bold=False, color=array([-1., -1.,  1.]), colorSpace='rgb', contrast=1.0, depth=-1.0, draggable=False, flipHoriz=False, flipVert=False, font='Open Sans', fontFiles=[], height=0.05, italic=False, languageStyle='LTR', name='text_T1ask', opacity=1.0, ori=0.0, pos=array([0., 0.]), rgb=UNKNOWN, text='?\n\nOdd-F    Even-J', units='height', win=Window(...), wrapWidth=1)
9.4537 	EXP 	window1: mouseVisible = True
9.4551 	EXP 	Created blankT1_2 = TextStim(__class__=<class 'psychopy.visual.text.TextStim'>, alignHoriz=method-wrapper(...), alignText='center', alignVert=method-wrapper(...), anchorHoriz='center', anchorVert='center', antialias=True, autoDraw=False, autoLog=True, bold=False, color=array([1., 1., 1.]), colorSpace='rgb', contrast=1.0, depth=-2.0, draggable=False, flipHoriz=False, flipVert=False, font='Open Sans', fontFiles=[], height=0.05, italic=False, languageStyle='LTR', name='blankT1_2', opacity=1.0, ori=0.0, pos=array([0., 0.]), rgb=UNKNOWN, text='', units='height', win=Window(...), wrapWidth=1)
9.4552 	EXP 	window1: mouseVisible = True
9.4567 	EXP 	Created blankT2_1 = TextStim(__class__=<class 'psychopy.visual.text.TextStim'>, alignHoriz=method-wrapper(...), alignText='center', alignVert=method-wrapper(...), anchorHoriz='center', anchorVert='center', antialias=True, autoDraw=False, autoLog=True, bold=False, color=array([1., 1., 1.]), colorSpace='rgb', contrast=1.0, depth=0.0, draggable=False, flipHoriz=False, flipVert=False, font='Open Sans', fontFiles=[], height=0.05, italic=False, languageStyle='LTR', name='blankT2_1', opacity=1.0, ori=0.0, pos=array([0., 0.]), rgb=UNKNOWN, text='', units='height', win=Window(...), wrapWidth=1)
9.4567 	EXP 	window1: mouseVisible = True
9.4643 	EXP 	Created text_T2ask = TextStim(__class__=<class 'psychopy.visual.text.TextStim'>, alignHoriz=method-wrapper(...), alignText='center', alignVert=method-wrapper(...), anchorHoriz='center', anchorVert='center', antialias=True, autoDraw=False, autoLog=True, bold=False, color=array([-1., -1.,  1.]), colorSpace='rgb', contrast=1.0, depth=-1.0, draggable=False, flipHoriz=False, flipVert=False, font='Open Sans', fontFiles=[], height=0.05, italic=False, languageStyle='LTR', name='text_T2ask', opacity=1.0, ori=0.0, pos=array([0., 0.]), rgb=UNKNOWN, text='?\n\nRelated-F    Unrelated-J', units='height', win=Window(...), wrapWidth=1)
9.4644 	EXP 	window1: mouseVisible = True
9.4659 	EXP 	Created blankT2_2 = TextStim(__class__=<class 'psychopy.visual.text.TextStim'>, alignHoriz=method-wrapper(...), alignText='center', alignVert=method-wrapper(...), anchorHoriz='center', anchorVert='center', antialias=True, autoDraw=False, autoLog=True, bold=False, color=array([1., 1., 1.]), colorSpace='rgb', contrast=1.0, depth=-2.0, draggable=False, flipHoriz=False, flipVert=False, font='Open Sans', fontFiles=[], height=0.05, italic=False, languageStyle='LTR', name='blankT2_2', opacity=1.0, ori=0.0, pos=array([0., 0.]), rgb=UNKNOWN, text='', units='height', win=Window(...), wrapWidth=1)
9.4659 	EXP 	window1: mouseVisible = True
9.4692 	EXP 	Created text = TextStim(__class__=<class 'psychopy.visual.text.TextStim'>, alignHoriz=method-wrapper(...), alignText='center', alignVert=method-wrapper(...), anchorHoriz='center', anchorVert='center', antialias=True, autoDraw=False, autoLog=True, bold=False, color=array([1., 1., 1.]), colorSpace='rgb', contrast=1.0, depth=0.0, draggable=False, flipHoriz=False, flipVert=False, font='Open Sans', fontFiles=[], height=0.05, italic=False, languageStyle='LTR', name='text', opacity=1.0, ori=0.0, pos=array([0., 0.]), rgb=UNKNOWN, text='rest', units='height', win=Window(...), wrapWidth=1)
0.0060 	EXP 	text_instructions: height = 0.02
0.0060 	EXP 	text_instructions: height = 0.02
0.0060 	EXP 	text_instructions: height = 0.02
0.0060 	EXP 	text_instructions: text = 'Instructions\n\nIf you see an odd number, please press the F key on your keyboard.\nIf you see an even number, please press the J key on your keyboard.\nPlease focus your attention and try to respond as accurately and swiftly as possible. Once you are ready, we will begin the test.'
0.0201 	EXP 	text_instructions: autoDraw = True
0.9306 	EXP 	Imported task_type.xlsx as conditions, 12 conditions, 2 params
0.9310 	EXP 	Created sequence: sequential, trialTypes=12, nReps=1, seed=None
0.9312 	EXP 	New trial (rep=0, index=0): {'task1': 'single', 'task2': 'dual'}
1.0599 	EXP 	Imported wordPairs.xlsx as conditions, 60 conditions, 9 params
1.0608 	EXP 	Created sequence: sequential, trialTypes=60, nReps=1, seed=None
1.0609 	EXP 	New trial (rep=0, index=0): {'T0': 'HER', 'T2': 'XXHIMXX', 'T1': 3333333, 'lagT0': 7, 'lagT1': 7, 'lagT2': 6, 'responseT1': 'j', 'responseT2': 'f', 'related': 1}
1.0665 	DATA 	Keypress: space
1.0684 	EXP 	text_instructions: autoDraw = False
1.0684 	EXP 	context_word: height = 0.05
1.0684 	EXP 	context_word: height = 0.05
1.0684 	EXP 	context_word: height = 0.05
1.0684 	EXP 	context_word: text = 'HER'
1.0684 	EXP 	context_word: autoDraw = True
1.9401 	EXP 	blankContext: autoDraw = True
2.0735 	EXP 	context_word: autoDraw = False
2.9757 	EXP 	Imported distractors.csv as conditions, 6 conditions, 1 params
2.9760 	EXP 	Created sequence: random, trialTypes=6, nReps=1, seed=None
2.9762 	EXP 	New trial (rep=0, index=0): OrderedDict([('dist', 'ZTFYDXH')])
2.9863 	EXP 	blankContext: autoDraw = False
2.9863 	EXP 	context_word: autoDraw = False
2.9863 	EXP 	blankContext: autoDraw = False
2.9863 	EXP 	text_distractors_2: height = 0.05
2.9863 	EXP 	text_distractors_2: height = 0.05
2.9863 	EXP 	text_distractors_2: height = 0.05
2.9863 	EXP 	text_distractors_2: text = 'ZTFYDXH'
2.9863 	EXP 	text_distractors_2: autoDraw = True
3.0239 	EXP 	New trial (rep=0, index=1): OrderedDict([('dist', 'GQKRPDL')])
3.0403 	EXP 	text_distractors_2: autoDraw = False
3.0403 	EXP 	text_distractors_2: height = 0.05
3.0403 	EXP 	text_distractors_2: height = 0.05
3.0403 	EXP 	text_distractors_2: height = 0.05
3.0403 	EXP 	text_distractors_2: text = 'GQKRPDL'
3.0403 	EXP 	text_distractors_2: autoDraw = True
3.1073 	EXP 	New trial (rep=0, index=2): OrderedDict([('dist', 'YGLMSFQ')])
3.1236 	EXP 	text_distractors_2: autoDraw = False
3.1236 	EXP 	text_distractors_2: height = 0.05
3.1236 	EXP 	text_distractors_2: height = 0.05
3.1236 	EXP 	text_distractors_2: height = 0.05
3.1236 	EXP 	text_distractors_2: text = 'YGLMSFQ'
3.1236 	EXP 	text_distractors_2: autoDraw = True
3.1909 	EXP 	New trial (rep=0, index=3): OrderedDict([('dist', 'HLFPYXK')])
3.2068 	EXP 	text_distractors_2: autoDraw = False
3.2068 	EXP 	text_distractors_2: height = 0.05
3.2068 	EXP 	text_distractors_2: height = 0.05
3.2068 	EXP 	text_distractors_2: height = 0.05
3.2068 	EXP 	text_distractors_2: text = 'HLFPYXK'
3.2068 	EXP 	text_distractors_2: autoDraw = True
3.2740 	EXP 	New trial (rep=0, index=4): OrderedDict([('dist', 'ZJTSHFP')])
3.2903 	EXP 	text_distractors_2: autoDraw = False
3.2903 	EXP 	text_distractors_2: height = 0.05
3.2903 	EXP 	text_distractors_2: height = 0.05
3.2903 	EXP 	text_distractors_2: height = 0.05
3.2903 	EXP 	text_distractors_2: text = 'ZJTSHFP'
3.2903 	EXP 	text_distractors_2: autoDraw = True
3.3572 	EXP 	New trial (rep=0, index=5): OrderedDict([('dist', 'VYKXSPC')])
3.3736 	EXP 	text_distractors_2: autoDraw = False
3.3736 	EXP 	text_distractors_2: height = 0.05
3.3736 	EXP 	text_distractors_2: height = 0.05
3.3736 	EXP 	text_distractors_2: height = 0.05
3.3736 	EXP 	text_distractors_2: text = 'VYKXSPC'
3.3736 	EXP 	text_distractors_2: autoDraw = True
3.4570 	EXP 	text_distractors_2: autoDraw = False
3.4570 	EXP 	text_T1: height = 0.05
3.4570 	EXP 	text_T1: height = 0.05
3.4570 	EXP 	text_T1: height = 0.05
3.4570 	EXP 	text_T1: text = '3333333'
3.4570 	EXP 	text_T1: autoDraw = True
3.5698 	EXP 	Imported distractors.csv as conditions, 6 conditions, 1 params
3.5701 	EXP 	Created sequence: random, trialTypes=6, nReps=1, seed=None
3.5702 	EXP 	New trial (rep=0, index=0): OrderedDict([('dist', 'YGLMSFQ')])
3.5775 	EXP 	text_T1: autoDraw = False
3.5775 	EXP 	text_distractors: height = 0.05
3.5775 	EXP 	text_distractors: height = 0.05
3.5775 	EXP 	text_distractors: height = 0.05
3.5775 	EXP 	text_distractors: text = 'YGLMSFQ'
3.5775 	EXP 	text_distractors: autoDraw = True
3.6073 	EXP 	New trial (rep=0, index=1): OrderedDict([('dist', 'HLFPYXK')])
3.6235 	EXP 	text_distractors: autoDraw = False
3.6235 	EXP 	text_distractors: height = 0.05
3.6235 	EXP 	text_distractors: height = 0.05
3.6235 	EXP 	text_distractors: height = 0.05
3.6235 	EXP 	text_distractors: text = 'HLFPYXK'
3.6235 	EXP 	text_distractors: autoDraw = True
3.6905 	EXP 	New trial (rep=0, index=2): OrderedDict([('dist', 'ZTFYDXH')])
3.7071 	EXP 	text_distractors: autoDraw = False
3.7071 	EXP 	text_distractors: height = 0.05
3.7071 	EXP 	text_distractors: height = 0.05
3.7071 	EXP 	text_distractors: height = 0.05
3.7071 	EXP 	text_distractors: text = 'ZTFYDXH'
3.7071 	EXP 	text_distractors: autoDraw = True
3.7739 	EXP 	New trial (rep=0, index=3): OrderedDict([('dist', 'GQKRPDL')])
3.7902 	EXP 	text_distractors: autoDraw = False
3.7902 	EXP 	text_distractors: height = 0.05
3.7902 	EXP 	text_distractors: height = 0.05
3.7902 	EXP 	text_distractors: height = 0.05
3.7902 	EXP 	text_distractors: text = 'GQKRPDL'
3.7902 	EXP 	text_distractors: autoDraw = True
3.8573 	EXP 	New trial (rep=0, index=4): OrderedDict([('dist', 'VYKXSPC')])
3.8738 	EXP 	text_distractors: autoDraw = False
3.8738 	EXP 	text_distractors: height = 0.05
3.8738 	EXP 	text_distractors: height = 0.05
3.8738 	EXP 	text_distractors: height = 0.05
3.8738 	EXP 	text_distractors: text = 'VYKXSPC'
3.8738 	EXP 	text_distractors: autoDraw = True
3.9406 	EXP 	New trial (rep=0, index=5): OrderedDict([('dist', 'ZJTSHFP')])
3.9572 	EXP 	text_distractors: autoDraw = False
3.9572 	EXP 	text_distractors: height = 0.05
3.9572 	EXP 	text_distractors: height = 0.05
3.9572 	EXP 	text_distractors: height = 0.05
3.9572 	EXP 	text_distractors: text = 'ZJTSHFP'
3.9572 	EXP 	text_distractors: autoDraw = True
4.0404 	EXP 	text_distractors: autoDraw = False
4.0404 	EXP 	text_T2: height = 0.05
4.0404 	EXP 	text_T2: height = 0.05
4.0404 	EXP 	text_T2: height = 0.05
4.0404 	EXP 	text_T2: text = 'XXHIMXX'
4.0404 	EXP 	text_T2: autoDraw = True
4.1538 	EXP 	Imported distractors.csv as conditions, 6 conditions, 1 params
4.1542 	EXP 	Created sequence: random, trialTypes=6, nReps=1, seed=None
4.1544 	EXP 	New trial (rep=0, index=0): OrderedDict([('dist', 'YGLMSFQ')])
4.1619 	EXP 	text_T2: autoDraw = False
4.1619 	EXP 	text_distractors_2: height = 0.05
4.1619 	EXP 	text_distractors_2: height = 0.05
4.1619 	EXP 	text_distractors_2: height = 0.05
4.1619 	EXP 	text_distractors_2: text = 'YGLMSFQ'
4.1619 	EXP 	text_distractors_2: autoDraw = True
4.1906 	EXP 	New trial (rep=0, index=1): OrderedDict([('dist', 'ZJTSHFP')])
4.2072 	EXP 	text_distractors_2: autoDraw = False
4.2072 	EXP 	text_distractors_2: height = 0.05
4.2072 	EXP 	text_distractors_2: height = 0.05
4.2072 	EXP 	text_distractors_2: height = 0.05
4.2072 	EXP 	text_distractors_2: text = 'ZJTSHFP'
4.2072 	EXP 	text_distractors_2: autoDraw = True
4.2743 	EXP 	New trial (rep=0, index=2): OrderedDict([('dist', 'GQKRPDL')])
4.2903 	EXP 	text_distractors_2: autoDraw = False
4.2903 	EXP 	text_distractors_2: height = 0.05
4.2903 	EXP 	text_distractors_2: height = 0.05
4.2903 	EXP 	text_distractors_2: height = 0.05
4.2903 	EXP 	text_distractors_2: text = 'GQKRPDL'
4.2903 	EXP 	text_distractors_2: autoDraw = True
4.3576 	EXP 	New trial (rep=0, index=3): OrderedDict([('dist', 'VYKXSPC')])
4.3737 	EXP 	text_distractors_2: autoDraw = False
4.3737 	EXP 	text_distractors_2: height = 0.05
4.3737 	EXP 	text_distractors_2: height = 0.05
4.3737 	EXP 	text_distractors_2: height = 0.05
4.3737 	EXP 	text_distractors_2: text = 'VYKXSPC'
4.3737 	EXP 	text_distractors_2: autoDraw = True
4.4405 	EXP 	New trial (rep=0, index=4): OrderedDict([('dist', 'ZTFYDXH')])
4.4573 	EXP 	text_distractors_2: autoDraw = False
4.4573 	EXP 	text_distractors_2: height = 0.05
4.4573 	EXP 	text_distractors_2: height = 0.05
4.4573 	EXP 	text_distractors_2: height = 0.05
4.4573 	EXP 	text_distractors_2: text = 'ZTFYDXH'
4.4573 	EXP 	text_distractors_2: autoDraw = True
4.5242 	EXP 	New trial (rep=0, index=5): OrderedDict([('dist', 'HLFPYXK')])
4.5404 	EXP 	text_distractors_2: autoDraw = False
4.5404 	EXP 	text_distractors_2: height = 0.05
4.5404 	EXP 	text_distractors_2: height = 0.05
4.5404 	EXP 	text_distractors_2: height = 0.05
4.5404 	EXP 	text_distractors_2: text = 'HLFPYXK'
4.5404 	EXP 	text_distractors_2: autoDraw = True
4.6237 	EXP 	text_distractors_2: autoDraw = False
4.6237 	EXP 	blankT1_1: autoDraw = False
4.6237 	EXP 	text_T1ask: autoDraw = False
4.6237 	EXP 	blankT1_2: autoDraw = False
4.6237 	EXP 	blankT2_1: autoDraw = True
5.6074 	EXP 	text_T2ask: autoDraw = True
5.6241 	EXP 	blankT2_1: autoDraw = False
6.5918 	EXP 	New trial (rep=0, index=1): {'T0': 'WOMAN', 'T2': 'XXMANXX', 'T1': 0, 'lagT0': 7, 'lagT1': 3, 'lagT2': 10, 'responseT1': 'f', 'responseT2': 'f', 'related': 1}
6.5989 	DATA 	Keypress: f
6.6073 	EXP 	blankT2_1: autoDraw = False
6.6073 	EXP 	text_T2ask: autoDraw = False
6.6073 	EXP 	blankT2_2: autoDraw = False
6.6073 	EXP 	context_word: height = 0.05
6.6073 	EXP 	context_word: height = 0.05
6.6073 	EXP 	context_word: height = 0.05
6.6073 	EXP 	context_word: text = 'WOMAN'
6.6073 	EXP 	context_word: autoDraw = True
7.6071 	EXP 	context_word: autoDraw = False
7.6071 	EXP 	blankContext: autoDraw = True
8.6364 	EXP 	Imported distractors.csv as conditions, 6 conditions, 1 params
8.6367 	EXP 	Created sequence: random, trialTypes=6, nReps=1, seed=None
8.6369 	EXP 	New trial (rep=0, index=0): OrderedDict([('dist', 'HLFPYXK')])
8.6431 	EXP 	blankContext: autoDraw = False
8.6431 	EXP 	context_word: autoDraw = False
8.6431 	EXP 	blankContext: autoDraw = False
8.6431 	EXP 	text_distractors_2: text = 'HLFPYXK'
8.6431 	EXP 	text_distractors_2: autoDraw = True
8.6908 	EXP 	New trial (rep=0, index=1): OrderedDict([('dist', 'ZJTSHFP')])
8.7072 	EXP 	text_distractors_2: autoDraw = False
8.7072 	EXP 	text_distractors_2: height = 0.05
8.7072 	EXP 	text_distractors_2: height = 0.05
8.7072 	EXP 	text_distractors_2: height = 0.05
8.7072 	EXP 	text_distractors_2: text = 'ZJTSHFP'
8.7072 	EXP 	text_distractors_2: autoDraw = True
8.7580 	EXP 	New trial (rep=0, index=2): OrderedDict([('dist', 'VYKXSPC')])
8.7738 	EXP 	text_distractors_2: autoDraw = False
8.7738 	EXP 	text_distractors_2: height = 0.05
8.7738 	EXP 	text_distractors_2: height = 0.05
8.7738 	EXP 	text_distractors_2: height = 0.05
8.7738 	EXP 	text_distractors_2: text = 'VYKXSPC'
8.7738 	EXP 	text_distractors_2: autoDraw = True
8.8411 	EXP 	New trial (rep=0, index=3): OrderedDict([('dist', 'YGLMSFQ')])
8.8578 	EXP 	text_distractors_2: autoDraw = False
8.8578 	EXP 	text_distractors_2: autoDraw = False
8.8578 	EXP 	text_distractors_2: height = 0.05
8.8578 	EXP 	text_distractors_2: height = 0.05
8.8578 	EXP 	text_distractors_2: height = 0.05
8.8578 	EXP 	text_distractors_2: text = 'YGLMSFQ'
8.8578 	EXP 	text_distractors_2: autoDraw = True
8.9246 	EXP 	New trial (rep=0, index=4): OrderedDict([('dist', 'ZTFYDXH')])
8.9405 	EXP 	text_distractors_2: autoDraw = False
8.9405 	EXP 	text_distractors_2: height = 0.05
8.9405 	EXP 	text_distractors_2: height = 0.05
8.9405 	EXP 	text_distractors_2: height = 0.05
8.9405 	EXP 	text_distractors_2: text = 'ZTFYDXH'
8.9405 	EXP 	text_distractors_2: autoDraw = True
9.0078 	EXP 	New trial (rep=0, index=5): OrderedDict([('dist', 'GQKRPDL')])
9.0240 	EXP 	text_distractors_2: autoDraw = False
9.0240 	EXP 	text_distractors_2: height = 0.05
9.0240 	EXP 	text_distractors_2: height = 0.05
9.0240 	EXP 	text_distractors_2: height = 0.05
9.0240 	EXP 	text_distractors_2: text = 'GQKRPDL'
9.0240 	EXP 	text_distractors_2: autoDraw = True
9.1074 	EXP 	text_distractors_2: autoDraw = False
9.1074 	EXP 	text_T1: height = 0.05
9.1074 	EXP 	text_T1: height = 0.05
9.1074 	EXP 	text_T1: height = 0.05
9.1074 	EXP 	text_T1: text = '0000000'
9.1074 	EXP 	text_T1: autoDraw = True
9.2189 	EXP 	Imported distractors.csv as conditions, 2 conditions, 1 params
9.2193 	EXP 	Created sequence: random, trialTypes=2, nReps=1, seed=None
9.2194 	EXP 	New trial (rep=0, index=0): OrderedDict([('dist', 'YGLMSFQ')])
9.2282 	EXP 	text_T1: autoDraw = False
9.2282 	EXP 	text_distractors: height = 0.05
9.2282 	EXP 	text_distractors: height = 0.05
9.2282 	EXP 	text_distractors: height = 0.05
9.2282 	EXP 	text_distractors: text = 'YGLMSFQ'
9.2282 	EXP 	text_distractors: autoDraw = True
9.2580 	EXP 	New trial (rep=0, index=1): OrderedDict([('dist', 'ZTFYDXH')])
9.2740 	EXP 	text_distractors: autoDraw = False
9.2740 	EXP 	text_distractors: height = 0.05
9.2740 	EXP 	text_distractors: height = 0.05
9.2740 	EXP 	text_distractors: height = 0.05
9.2740 	EXP 	text_distractors: text = 'ZTFYDXH'
9.2740 	EXP 	text_distractors: autoDraw = True
9.3573 	EXP 	text_distractors: autoDraw = False
9.3573 	EXP 	text_T2: height = 0.05
9.3573 	EXP 	text_T2: height = 0.05
9.3573 	EXP 	text_T2: height = 0.05
9.3573 	EXP 	text_T2: text = 'XXMANXX'
9.3573 	EXP 	text_T2: autoDraw = True
9.4766 	EXP 	Imported distractors.csv as conditions, 10 conditions, 1 params
9.4771 	EXP 	Created sequence: random, trialTypes=10, nReps=1, seed=None
9.4774 	EXP 	New trial (rep=0, index=0): OrderedDict([('dist', 'YGLMSFQ')])
9.4869 	EXP 	text_T2: autoDraw = False
9.4869 	EXP 	text_distractors_2: height = 0.05
9.4869 	EXP 	text_distractors_2: height = 0.05
9.4869 	EXP 	text_distractors_2: height = 0.05
9.4869 	EXP 	text_distractors_2: text = 'YGLMSFQ'
9.4869 	EXP 	text_distractors_2: autoDraw = True
9.5078 	EXP 	New trial (rep=0, index=1): OrderedDict([('dist', 'VYKXSPC')])
9.5243 	EXP 	text_distractors_2: autoDraw = False
9.5243 	EXP 	text_distractors_2: height = 0.05
9.5243 	EXP 	text_distractors_2: height = 0.05
9.5243 	EXP 	text_distractors_2: height = 0.05
9.5243 	EXP 	text_distractors_2: text = 'VYKXSPC'
9.5243 	EXP 	text_distractors_2: autoDraw = True
9.5909 	EXP 	New trial (rep=0, index=2): OrderedDict([('dist', 'HQTYPJM')])
9.6073 	EXP 	text_distractors_2: autoDraw = False
9.6073 	EXP 	text_distractors_2: height = 0.05
9.6073 	EXP 	text_distractors_2: height = 0.05
9.6073 	EXP 	text_distractors_2: height = 0.05
9.6073 	EXP 	text_distractors_2: text = 'HQTYPJM'
9.6073 	EXP 	text_distractors_2: autoDraw = True
9.6742 	EXP 	New trial (rep=0, index=3): OrderedDict([('dist', 'ZJTSHFP')])
9.6909 	EXP 	text_distractors_2: autoDraw = False
9.6909 	EXP 	text_distractors_2: height = 0.05
9.6909 	EXP 	text_distractors_2: height = 0.05
9.6909 	EXP 	text_distractors_2: height = 0.05
9.6909 	EXP 	text_distractors_2: text = 'ZJTSHFP'
9.6909 	EXP 	text_distractors_2: autoDraw = True
9.7576 	EXP 	New trial (rep=0, index=4): OrderedDict([('dist', 'YNPLRQW')])
9.8203 	EXP 	text_distractors_2: autoDraw = False
9.8203 	EXP 	text_distractors_2: height = 0.05
9.8203 	EXP 	text_distractors_2: height = 0.05
9.8203 	EXP 	text_distractors_2: height = 0.05
9.8203 	EXP 	text_distractors_2: text = 'YNPLRQW'
9.8203 	EXP 	text_distractors_2: autoDraw = True
9.8409 	EXP 	New trial (rep=0, index=5): OrderedDict([('dist', 'VFDMHQS')])
9.8574 	EXP 	text_distractors_2: autoDraw = False
9.8574 	EXP 	text_distractors_2: height = 0.05
9.8574 	EXP 	text_distractors_2: height = 0.05
9.8574 	EXP 	text_distractors_2: height = 0.05
9.8574 	EXP 	text_distractors_2: text = 'VFDMHQS'
9.8574 	EXP 	text_distractors_2: autoDraw = True
9.9246 	EXP 	New trial (rep=0, index=6): OrderedDict([('dist', 'WMYFTGJ')])
9.9407 	EXP 	text_distractors_2: autoDraw = False
9.9407 	EXP 	text_distractors_2: height = 0.05
9.9407 	EXP 	text_distractors_2: height = 0.05
9.9407 	EXP 	text_distractors_2: height = 0.05
9.9407 	EXP 	text_distractors_2: text = 'WMYFTGJ'
9.9407 	EXP 	text_distractors_2: autoDraw = True
10.0076 	EXP 	New trial (rep=0, index=7): OrderedDict([('dist', 'HLFPYXK')])
10.0243 	EXP 	text_distractors_2: autoDraw = False
10.0243 	EXP 	text_distractors_2: height = 0.05
10.0243 	EXP 	text_distractors_2: height = 0.05
10.0243 	EXP 	text_distractors_2: height = 0.05
10.0243 	EXP 	text_distractors_2: text = 'HLFPYXK'
10.0243 	EXP 	text_distractors_2: autoDraw = True
10.0909 	EXP 	New trial (rep=0, index=8): OrderedDict([('dist', 'GQKRPDL')])
10.1073 	EXP 	text_distractors_2: autoDraw = False
10.1073 	EXP 	text_distractors_2: height = 0.05
10.1073 	EXP 	text_distractors_2: height = 0.05
10.1073 	EXP 	text_distractors_2: height = 0.05
10.1073 	EXP 	text_distractors_2: text = 'GQKRPDL'
10.1073 	EXP 	text_distractors_2: autoDraw = True
10.1747 	EXP 	New trial (rep=0, index=9): OrderedDict([('dist', 'ZTFYDXH')])
10.1907 	EXP 	text_distractors_2: autoDraw = False
10.1907 	EXP 	text_distractors_2: height = 0.05
10.1907 	EXP 	text_distractors_2: height = 0.05
10.1907 	EXP 	text_distractors_2: height = 0.05
10.1907 	EXP 	text_distractors_2: text = 'ZTFYDXH'
10.1907 	EXP 	text_distractors_2: autoDraw = True
10.2751 	EXP 	text_distractors_2: autoDraw = False
10.2751 	EXP 	blankT1_1: autoDraw = False
10.2751 	EXP 	text_T1ask: autoDraw = False
10.2751 	EXP 	blankT1_2: autoDraw = False
10.2751 	EXP 	blankT2_1: autoDraw = True
11.2576 	EXP 	text_T2ask: autoDraw = True
11.2744 	EXP 	blankT2_1: autoDraw = False
12.0584 	EXP 	New trial (rep=0, index=2): {'T0': 'PEOPLE', 'T2': 'SQUEEZE', 'T1': 2222222, 'lagT0': 7, 'lagT1': 3, 'lagT2': 10, 'responseT1': 'f', 'responseT2': 'j', 'related': 0}
12.0627 	DATA 	Keypress: f
12.0744 	EXP 	blankT2_1: autoDraw = False
12.0744 	EXP 	text_T2ask: autoDraw = False
12.0744 	EXP 	blankT2_2: autoDraw = False
12.0744 	EXP 	context_word: height = 0.05
12.0744 	EXP 	context_word: height = 0.05
12.0744 	EXP 	context_word: height = 0.05
12.0744 	EXP 	context_word: text = 'PEOPLE'
12.0744 	EXP 	context_word: autoDraw = True
13.0574 	EXP 	blankContext: autoDraw = True
13.0742 	EXP 	context_word: autoDraw = False
14.0867 	EXP 	Imported distractors.csv as conditions, 6 conditions, 1 params
14.0870 	EXP 	Created sequence: random, trialTypes=6, nReps=1, seed=None
14.0871 	EXP 	New trial (rep=0, index=0): OrderedDict([('dist', 'ZTFYDXH')])
14.0938 	EXP 	blankContext: autoDraw = False
14.0938 	EXP 	context_word: autoDraw = False
14.0938 	EXP 	blankContext: autoDraw = False
14.0938 	EXP 	text_distractors_2: text = 'ZTFYDXH'
14.0938 	EXP 	text_distractors_2: autoDraw = True
14.1579 	EXP 	New trial (rep=0, index=1): OrderedDict([('dist', 'HLFPYXK')])
14.1745 	EXP 	text_distractors_2: autoDraw = False
14.1745 	EXP 	text_distractors_2: height = 0.05
14.1745 	EXP 	text_distractors_2: height = 0.05
14.1745 	EXP 	text_distractors_2: height = 0.05
14.1745 	EXP 	text_distractors_2: text = 'HLFPYXK'
14.1745 	EXP 	text_distractors_2: autoDraw = True
14.2415 	EXP 	New trial (rep=0, index=2): OrderedDict([('dist', 'VYKXSPC')])
14.2575 	EXP 	text_distractors_2: autoDraw = False
14.2575 	EXP 	text_distractors_2: height = 0.05
14.2575 	EXP 	text_distractors_2: height = 0.05
14.2575 	EXP 	text_distractors_2: height = 0.05
14.2575 	EXP 	text_distractors_2: text = 'VYKXSPC'
14.2575 	EXP 	text_distractors_2: autoDraw = True
14.3078 	EXP 	New trial (rep=0, index=3): OrderedDict([('dist', 'ZJTSHFP')])
14.3242 	EXP 	text_distractors_2: autoDraw = False
14.3242 	EXP 	text_distractors_2: height = 0.05
14.3242 	EXP 	text_distractors_2: height = 0.05
14.3242 	EXP 	text_distractors_2: height = 0.05
14.3242 	EXP 	text_distractors_2: text = 'ZJTSHFP'
14.3242 	EXP 	text_distractors_2: autoDraw = True
14.3916 	EXP 	New trial (rep=0, index=4): OrderedDict([('dist', 'YGLMSFQ')])
14.4075 	EXP 	text_distractors_2: autoDraw = False
14.4075 	EXP 	text_distractors_2: height = 0.05
14.4075 	EXP 	text_distractors_2: height = 0.05
14.4075 	EXP 	text_distractors_2: height = 0.05
14.4075 	EXP 	text_distractors_2: text = 'YGLMSFQ'
14.4075 	EXP 	text_distractors_2: autoDraw = True
14.4747 	EXP 	New trial (rep=0, index=5): OrderedDict([('dist', 'GQKRPDL')])
14.4913 	EXP 	text_distractors_2: autoDraw = False
14.4913 	EXP 	text_distractors_2: height = 0.05
14.4913 	EXP 	text_distractors_2: height = 0.05
14.4913 	EXP 	text_distractors_2: height = 0.05
14.4913 	EXP 	text_distractors_2: text = 'GQKRPDL'
14.4913 	EXP 	text_distractors_2: autoDraw = True
14.5743 	EXP 	text_distractors_2: autoDraw = False
14.5743 	EXP 	text_T1: height = 0.05
14.5743 	EXP 	text_T1: height = 0.05
14.5743 	EXP 	text_T1: height = 0.05
14.5743 	EXP 	text_T1: text = '2222222'
14.5743 	EXP 	text_T1: autoDraw = True
14.6852 	EXP 	Imported distractors.csv as conditions, 2 conditions, 1 params
14.6855 	EXP 	Created sequence: random, trialTypes=2, nReps=1, seed=None
14.6857 	EXP 	New trial (rep=0, index=0): OrderedDict([('dist', 'YGLMSFQ')])
14.6947 	EXP 	text_T1: autoDraw = False
14.6947 	EXP 	text_distractors: height = 0.05
14.6947 	EXP 	text_distractors: height = 0.05
14.6947 	EXP 	text_distractors: height = 0.05
14.6947 	EXP 	text_distractors: text = 'YGLMSFQ'
14.6947 	EXP 	text_distractors: autoDraw = True
14.7246 	EXP 	New trial (rep=0, index=1): OrderedDict([('dist', 'ZTFYDXH')])
14.7412 	EXP 	text_distractors: autoDraw = False
14.7412 	EXP 	text_distractors: height = 0.05
14.7412 	EXP 	text_distractors: height = 0.05
14.7412 	EXP 	text_distractors: height = 0.05
14.7412 	EXP 	text_distractors: text = 'ZTFYDXH'
14.7412 	EXP 	text_distractors: autoDraw = True
14.8244 	EXP 	text_distractors: autoDraw = False
14.8244 	EXP 	text_T2: height = 0.05
14.8244 	EXP 	text_T2: height = 0.05
14.8244 	EXP 	text_T2: height = 0.05
14.8244 	EXP 	text_T2: text = 'SQUEEZE'
14.8244 	EXP 	text_T2: autoDraw = True
14.9352 	EXP 	Imported distractors.csv as conditions, 10 conditions, 1 params
14.9355 	EXP 	Created sequence: random, trialTypes=10, nReps=1, seed=None
14.9357 	EXP 	New trial (rep=0, index=0): OrderedDict([('dist', 'VYKXSPC')])
14.9443 	EXP 	text_T2: autoDraw = False
14.9443 	EXP 	text_distractors_2: height = 0.05
14.9443 	EXP 	text_distractors_2: height = 0.05
14.9443 	EXP 	text_distractors_2: height = 0.05
14.9443 	EXP 	text_distractors_2: text = 'VYKXSPC'
14.9443 	EXP 	text_distractors_2: autoDraw = True
14.9746 	EXP 	New trial (rep=0, index=1): OrderedDict([('dist', 'HLFPYXK')])
14.9912 	EXP 	text_distractors_2: autoDraw = False
14.9912 	EXP 	text_distractors_2: height = 0.05
14.9912 	EXP 	text_distractors_2: height = 0.05
14.9912 	EXP 	text_distractors_2: height = 0.05
14.9912 	EXP 	text_distractors_2: text = 'HLFPYXK'
14.9912 	EXP 	text_distractors_2: autoDraw = True
15.0578 	EXP 	New trial (rep=0, index=2): OrderedDict([('dist', 'YGLMSFQ')])
15.0744 	EXP 	text_distractors_2: autoDraw = False
15.0744 	EXP 	text_distractors_2: height = 0.05
15.0744 	EXP 	text_distractors_2: height = 0.05
15.0744 	EXP 	text_distractors_2: height = 0.05
15.0744 	EXP 	text_distractors_2: text = 'YGLMSFQ'
15.0744 	EXP 	text_distractors_2: autoDraw = True
15.1416 	EXP 	New trial (rep=0, index=3): OrderedDict([('dist', 'YNPLRQW')])
15.1575 	EXP 	text_distractors_2: autoDraw = False
15.1575 	EXP 	text_distractors_2: height = 0.05
15.1575 	EXP 	text_distractors_2: height = 0.05
15.1575 	EXP 	text_distractors_2: height = 0.05
15.1575 	EXP 	text_distractors_2: text = 'YNPLRQW'
15.1575 	EXP 	text_distractors_2: autoDraw = True
15.2252 	EXP 	New trial (rep=0, index=4): OrderedDict([('dist', 'GQKRPDL')])
15.2409 	EXP 	text_distractors_2: autoDraw = False
15.2409 	EXP 	text_distractors_2: height = 0.05
15.2409 	EXP 	text_distractors_2: height = 0.05
15.2409 	EXP 	text_distractors_2: height = 0.05
15.2409 	EXP 	text_distractors_2: text = 'GQKRPDL'
15.2409 	EXP 	text_distractors_2: autoDraw = True
15.3078 	EXP 	New trial (rep=0, index=5): OrderedDict([('dist', 'WMYFTGJ')])
15.3242 	EXP 	text_distractors_2: autoDraw = False
15.3242 	EXP 	text_distractors_2: height = 0.05
15.3242 	EXP 	text_distractors_2: height = 0.05
15.3242 	EXP 	text_distractors_2: height = 0.05
15.3242 	EXP 	text_distractors_2: text = 'WMYFTGJ'
15.3242 	EXP 	text_distractors_2: autoDraw = True
15.3916 	EXP 	New trial (rep=0, index=6): OrderedDict([('dist', 'ZTFYDXH')])
15.4076 	EXP 	text_distractors_2: autoDraw = False
15.4076 	EXP 	text_distractors_2: height = 0.05
15.4076 	EXP 	text_distractors_2: height = 0.05
15.4076 	EXP 	text_distractors_2: height = 0.05
15.4076 	EXP 	text_distractors_2: text = 'ZTFYDXH'
15.4076 	EXP 	text_distractors_2: autoDraw = True
15.4749 	EXP 	New trial (rep=0, index=7): OrderedDict([('dist', 'HQTYPJM')])
15.4909 	EXP 	text_distractors_2: autoDraw = False
15.4909 	EXP 	text_distractors_2: height = 0.05
15.4909 	EXP 	text_distractors_2: height = 0.05
15.4909 	EXP 	text_distractors_2: height = 0.05
15.4909 	EXP 	text_distractors_2: text = 'HQTYPJM'
15.4909 	EXP 	text_distractors_2: autoDraw = True
15.5579 	EXP 	New trial (rep=0, index=8): OrderedDict([('dist', 'ZJTSHFP')])
15.5743 	EXP 	text_distractors_2: autoDraw = False
15.5743 	EXP 	text_distractors_2: height = 0.05
15.5743 	EXP 	text_distractors_2: height = 0.05
15.5743 	EXP 	text_distractors_2: height = 0.05
15.5743 	EXP 	text_distractors_2: text = 'ZJTSHFP'
15.5743 	EXP 	text_distractors_2: autoDraw = True
15.6412 	EXP 	New trial (rep=0, index=9): OrderedDict([('dist', 'VFDMHQS')])
15.6579 	EXP 	text_distractors_2: autoDraw = False
15.6579 	EXP 	text_distractors_2: height = 0.05
15.6579 	EXP 	text_distractors_2: height = 0.05
15.6579 	EXP 	text_distractors_2: height = 0.05
15.6579 	EXP 	text_distractors_2: text = 'VFDMHQS'
15.6579 	EXP 	text_distractors_2: autoDraw = True
15.7413 	EXP 	text_distractors_2: autoDraw = False
15.7413 	EXP 	blankT1_1: autoDraw = False
15.7413 	EXP 	text_T1ask: autoDraw = False
15.7413 	EXP 	blankT1_2: autoDraw = False
15.7413 	EXP 	blankT2_1: autoDraw = True
16.7243 	EXP 	text_T2ask: autoDraw = True
16.7416 	EXP 	blankT2_1: autoDraw = False
17.3591 	EXP 	New trial (rep=0, index=3): {'T0': 'HELP', 'T2': 'XASSIST', 'T1': 7777777, 'lagT0': 10, 'lagT1': 1, 'lagT2': 9, 'responseT1': 'j', 'responseT2': 'f', 'related': 1}
17.3630 	DATA 	Keypress: f
17.3744 	EXP 	blankT2_1: autoDraw = False
17.3744 	EXP 	text_T2ask: autoDraw = False
17.3744 	EXP 	blankT2_2: autoDraw = False
17.3744 	EXP 	context_word: height = 0.05
17.3744 	EXP 	context_word: height = 0.05
17.3744 	EXP 	context_word: height = 0.05
17.3744 	EXP 	context_word: text = 'HELP'
17.3744 	EXP 	context_word: autoDraw = True
18.3746 	EXP 	context_word: autoDraw = False
18.3746 	EXP 	blankContext: autoDraw = True
19.4021 	EXP 	Imported distractors.csv as conditions, 9 conditions, 1 params
19.4025 	EXP 	Created sequence: random, trialTypes=9, nReps=1, seed=None
19.4027 	EXP 	New trial (rep=0, index=0): OrderedDict([('dist', 'YNPLRQW')])
19.4119 	EXP 	blankContext: autoDraw = False
19.4119 	EXP 	context_word: autoDraw = False
19.4119 	EXP 	blankContext: autoDraw = False
19.4119 	EXP 	text_distractors_2: height = 0.05
19.4119 	EXP 	text_distractors_2: height = 0.05
19.4119 	EXP 	text_distractors_2: height = 0.05
19.4119 	EXP 	text_distractors_2: text = 'YNPLRQW'
19.4119 	EXP 	text_distractors_2: autoDraw = True
19.4584 	EXP 	New trial (rep=0, index=1): OrderedDict([('dist', 'VFDMHQS')])
19.4747 	EXP 	text_distractors_2: autoDraw = False
19.4747 	EXP 	text_distractors_2: height = 0.05
19.4747 	EXP 	text_distractors_2: height = 0.05
19.4747 	EXP 	text_distractors_2: height = 0.05
19.4747 	EXP 	text_distractors_2: text = 'VFDMHQS'
19.4747 	EXP 	text_distractors_2: autoDraw = True
19.5415 	EXP 	New trial (rep=0, index=2): OrderedDict([('dist', 'ZTFYDXH')])
19.5582 	EXP 	text_distractors_2: autoDraw = False
19.5582 	EXP 	text_distractors_2: height = 0.05
19.5582 	EXP 	text_distractors_2: height = 0.05
19.5582 	EXP 	text_distractors_2: height = 0.05
19.5582 	EXP 	text_distractors_2: text = 'ZTFYDXH'
19.5582 	EXP 	text_distractors_2: autoDraw = True
19.6248 	EXP 	New trial (rep=0, index=3): OrderedDict([('dist', 'WMYFTGJ')])
19.6412 	EXP 	text_distractors_2: autoDraw = False
19.6412 	EXP 	text_distractors_2: height = 0.05
19.6412 	EXP 	text_distractors_2: height = 0.05
19.6412 	EXP 	text_distractors_2: height = 0.05
19.6412 	EXP 	text_distractors_2: text = 'WMYFTGJ'
19.6412 	EXP 	text_distractors_2: autoDraw = True
19.6914 	EXP 	New trial (rep=0, index=4): OrderedDict([('dist', 'ZJTSHFP')])
19.7081 	EXP 	text_distractors_2: autoDraw = False
19.7081 	EXP 	text_distractors_2: height = 0.05
19.7081 	EXP 	text_distractors_2: height = 0.05
19.7081 	EXP 	text_distractors_2: height = 0.05
19.7081 	EXP 	text_distractors_2: text = 'ZJTSHFP'
19.7081 	EXP 	text_distractors_2: autoDraw = True
19.7746 	EXP 	New trial (rep=0, index=5): OrderedDict([('dist', 'VYKXSPC')])
19.7912 	EXP 	text_distractors_2: autoDraw = False
19.7912 	EXP 	text_distractors_2: height = 0.05
19.7912 	EXP 	text_distractors_2: height = 0.05
19.7912 	EXP 	text_distractors_2: height = 0.05
19.7912 	EXP 	text_distractors_2: text = 'VYKXSPC'
19.7912 	EXP 	text_distractors_2: autoDraw = True
19.8584 	EXP 	New trial (rep=0, index=6): OrderedDict([('dist', 'HLFPYXK')])
19.8745 	EXP 	text_distractors_2: autoDraw = False
19.8745 	EXP 	text_distractors_2: height = 0.05
19.8745 	EXP 	text_distractors_2: height = 0.05
19.8745 	EXP 	text_distractors_2: height = 0.05
19.8745 	EXP 	text_distractors_2: text = 'HLFPYXK'
19.8745 	EXP 	text_distractors_2: autoDraw = True
19.9414 	EXP 	New trial (rep=0, index=7): OrderedDict([('dist', 'YGLMSFQ')])
19.9582 	EXP 	text_distractors_2: autoDraw = False
19.9582 	EXP 	text_distractors_2: height = 0.05
19.9582 	EXP 	text_distractors_2: height = 0.05
19.9582 	EXP 	text_distractors_2: height = 0.05
19.9582 	EXP 	text_distractors_2: text = 'YGLMSFQ'
19.9582 	EXP 	text_distractors_2: autoDraw = True
19.9771 	DATA 	Keypress: escape
20.0252 	EXP 	New trial (rep=0, index=8): OrderedDict([('dist', 'GQKRPDL')])
20.0411 	EXP 	text_distractors_2: autoDraw = False
20.0411 	EXP 	text_distractors_2: height = 0.05
20.0411 	EXP 	text_distractors_2: height = 0.05
20.0411 	EXP 	text_distractors_2: height = 0.05
20.0411 	EXP 	text_distractors_2: text = 'GQKRPDL'
20.0411 	EXP 	text_distractors_2: autoDraw = True
20.0587 	EXP 	AB: status = STOPPED
20.0745 	EXP 	text_distractors_2: autoDraw = False
20.0745 	EXP 	AB: status = STOPPED
20.1153 	EXP 	window1: mouseVisible = True
