11.7257 	WARNING 	User requested fullscreen with size [1920 1080], but screen is actually [3840, 2160]. Using actual size
12.9259 	EXP 	Created window1 = Window(allowGUI=True, allowStencil=False, autoLog=True, backendConf=UNKNOWN, backgroundFit=<method-wrapper '__getattribute__' of attributeSetter object at 0x0000026BE5B158B0>, backgroundImage=<method-wrapper '__getattribute__' of attributeSetter object at 0x0000026BE5B15850>, bitsMode=UNKNOWN, blendMode='avg', bpc=(8, 8, 8), color=array([0, 0, 0]), colorSpace='rgb', depthBits=8, fullscr=<method-wrapper '__getattribute__' of attributeSetter object at 0x0000026BE5B15580>, gamma=None, gammaErrorPolicy='raise', lms=UNKNOWN, monitor=<psychopy.monitors.calibTools.Monitor object at 0x0000026BE6B94E80>, multiSample=False, name='window1', numSamples=2, pos=(0, 0), screen=0, size=array([3840, 2160]), stencilBits=0, stereo=False, units='height', useFBO=True, useRetina=False, viewOri=0.0, viewPos=None, viewScale=None, waitBlanking=True, winType='pyglet')
12.9260 	EXP 	window1: mouseVisible = True
12.9260 	EXP 	window1: backgroundImage = ''
12.9260 	EXP 	window1: backgroundFit = 'none'
12.9261 	EXP 	window1: mouseVisible = False
12.9261 	EXP 	window1: Attempting to measure frame rate of screen (0) ...
12.9262 	EXP 	window1: recordFrameIntervals = False
13.0923 	EXP 	window1: recordFrameIntervals = True
13.2759 	EXP 	Screen (0) actual frame rate measured at 59.96Hz
13.2759 	EXP 	window1: recordFrameIntervals = False
15.1802 	EXP 	Created text_instructions = TextStim(__class__=<class 'psychopy.visual.text.TextStim'>, alignHoriz=method-wrapper(...), alignText='center', alignVert=method-wrapper(...), anchorHoriz='center', anchorVert='center', antialias=True, autoDraw=False, autoLog=True, bold=False, color=array([1., 1., 1.]), colorSpace='rgb', contrast=1.0, depth=0.0, flipHoriz=False, flipVert=False, font='Open Sans', fontFiles=[], height=0.02, italic=False, languageStyle='LTR', name='text_instructions', opacity=1.0, ori=0.0, pos=array([0., 0.]), rgb=UNKNOWN, text='', units='height', win=Window(...), wrapWidth=1)
15.1856 	EXP 	Created context_word = TextStim(__class__=<class 'psychopy.visual.text.TextStim'>, alignHoriz=method-wrapper(...), alignText='center', alignVert=method-wrapper(...), anchorHoriz='center', anchorVert='center', antialias=True, autoDraw=False, autoLog=True, bold=False, color=array([-1., -1.,  1.]), colorSpace='rgb', contrast=1.0, depth=0.0, flipHoriz=False, flipVert=False, font='Open Sans', fontFiles=[], height=0.05, italic=False, languageStyle='LTR', name='context_word', opacity=1.0, ori=0.0, pos=array([0., 0.]), rgb=UNKNOWN, text='', units='height', win=Window(...), wrapWidth=1)
15.2139 	EXP 	Created blankContext = TextStim(__class__=<class 'psychopy.visual.text.TextStim'>, alignHoriz=method-wrapper(...), alignText='center', alignVert=method-wrapper(...), anchorHoriz='center', anchorVert='center', antialias=True, autoDraw=False, autoLog=True, bold=False, color=array([1., 1., 1.]), colorSpace='rgb', contrast=1.0, depth=-1.0, flipHoriz=False, flipVert=False, font='Open Sans', fontFiles=[], height=0.05, italic=False, languageStyle='LTR', name='blankContext', opacity=1.0, ori=0.0, pos=array([0., 0.]), rgb=UNKNOWN, text='', units='height', win=Window(...), wrapWidth=1)
15.2150 	EXP 	Created text_distr_T0 = TextStim(__class__=<class 'psychopy.visual.text.TextStim'>, alignHoriz=method-wrapper(...), alignText='center', alignVert=method-wrapper(...), anchorHoriz='center', anchorVert='center', antialias=True, autoDraw=False, autoLog=True, bold=False, color=array([-1., -1.,  1.]), colorSpace='rgb', contrast=1.0, depth=-1.0, flipHoriz=False, flipVert=False, font='Open Sans', fontFiles=[], height=0.05, italic=False, languageStyle='LTR', name='text_distr_T0', opacity=1.0, ori=0.0, pos=array([0., 0.]), rgb=UNKNOWN, text='', units='height', win=Window(...), wrapWidth=1)
15.2164 	EXP 	Created text_blank_distractors_T0 = TextStim(__class__=<class 'psychopy.visual.text.TextStim'>, alignHoriz=method-wrapper(...), alignText='center', alignVert=method-wrapper(...), anchorHoriz='center', anchorVert='center', antialias=True, autoDraw=False, autoLog=True, bold=False, color=array([1., 1., 1.]), colorSpace='rgb', contrast=1.0, depth=-2.0, flipHoriz=False, flipVert=False, font='Open Sans', fontFiles=[], height=0.05, italic=False, languageStyle='LTR', name='text_blank_distractors_T0', opacity=1.0, ori=0.0, pos=array([0., 0.]), rgb=UNKNOWN, text='', units='height', win=Window(...), wrapWidth=1)
15.2174 	EXP 	Created text_T1 = TextStim(__class__=<class 'psychopy.visual.text.TextStim'>, alignHoriz=method-wrapper(...), alignText='center', alignVert=method-wrapper(...), anchorHoriz='center', anchorVert='center', antialias=True, autoDraw=False, autoLog=True, bold=False, color=array([-1., -1.,  1.]), colorSpace='rgb', contrast=1.0, depth=0.0, flipHoriz=False, flipVert=False, font='Open Sans', fontFiles=[], height=0.05, italic=False, languageStyle='LTR', name='text_T1', opacity=1.0, ori=0.0, pos=array([0., 0.]), rgb=UNKNOWN, text='', units='height', win=Window(...), wrapWidth=1)
15.2189 	EXP 	Created text_blank_number_T1 = TextStim(__class__=<class 'psychopy.visual.text.TextStim'>, alignHoriz=method-wrapper(...), alignText='center', alignVert=method-wrapper(...), anchorHoriz='center', anchorVert='center', antialias=True, autoDraw=False, autoLog=True, bold=False, color=array([1., 1., 1.]), colorSpace='rgb', contrast=1.0, depth=-1.0, flipHoriz=False, flipVert=False, font='Open Sans', fontFiles=[], height=0.05, italic=False, languageStyle='LTR', name='text_blank_number_T1', opacity=1.0, ori=0.0, pos=array([0., 0.]), rgb=UNKNOWN, text='', units='height', win=Window(...), wrapWidth=1)
15.2199 	EXP 	Created text_distr_T1 = TextStim(__class__=<class 'psychopy.visual.text.TextStim'>, alignHoriz=method-wrapper(...), alignText='center', alignVert=method-wrapper(...), anchorHoriz='center', anchorVert='center', antialias=True, autoDraw=False, autoLog=True, bold=False, color=array([-1., -1.,  1.]), colorSpace='rgb', contrast=1.0, depth=-1.0, flipHoriz=False, flipVert=False, font='Open Sans', fontFiles=[], height=0.05, italic=False, languageStyle='LTR', name='text_distr_T1', opacity=1.0, ori=0.0, pos=array([0., 0.]), rgb=UNKNOWN, text='', units='height', win=Window(...), wrapWidth=1)
15.2212 	EXP 	Created text_blank_distractors_T1 = TextStim(__class__=<class 'psychopy.visual.text.TextStim'>, alignHoriz=method-wrapper(...), alignText='center', alignVert=method-wrapper(...), anchorHoriz='center', anchorVert='center', antialias=True, autoDraw=False, autoLog=True, bold=False, color=array([1., 1., 1.]), colorSpace='rgb', contrast=1.0, depth=-2.0, flipHoriz=False, flipVert=False, font='Open Sans', fontFiles=[], height=0.05, italic=False, languageStyle='LTR', name='text_blank_distractors_T1', opacity=1.0, ori=0.0, pos=array([0., 0.]), rgb=UNKNOWN, text='', units='height', win=Window(...), wrapWidth=1)
15.2222 	EXP 	Created text_T2 = TextStim(__class__=<class 'psychopy.visual.text.TextStim'>, alignHoriz=method-wrapper(...), alignText='center', alignVert=method-wrapper(...), anchorHoriz='center', anchorVert='center', antialias=True, autoDraw=False, autoLog=True, bold=False, color=array([ 1., -1., -1.]), colorSpace='rgb', contrast=1.0, depth=0.0, flipHoriz=False, flipVert=False, font='Open Sans', fontFiles=[], height=0.05, italic=False, languageStyle='LTR', name='text_T2', opacity=1.0, ori=0.0, pos=array([0., 0.]), rgb=UNKNOWN, text='', units='height', win=Window(...), wrapWidth=1)
15.2235 	EXP 	Created text_blank_T2_probe = TextStim(__class__=<class 'psychopy.visual.text.TextStim'>, alignHoriz=method-wrapper(...), alignText='center', alignVert=method-wrapper(...), anchorHoriz='center', anchorVert='center', antialias=True, autoDraw=False, autoLog=True, bold=False, color=array([1., 1., 1.]), colorSpace='rgb', contrast=1.0, depth=-1.0, flipHoriz=False, flipVert=False, font='Open Sans', fontFiles=[], height=0.05, italic=False, languageStyle='LTR', name='text_blank_T2_probe', opacity=1.0, ori=0.0, pos=array([0., 0.]), rgb=UNKNOWN, text='', units='height', win=Window(...), wrapWidth=1)
15.2245 	EXP 	Created text_distr_T2 = TextStim(__class__=<class 'psychopy.visual.text.TextStim'>, alignHoriz=method-wrapper(...), alignText='center', alignVert=method-wrapper(...), anchorHoriz='center', anchorVert='center', antialias=True, autoDraw=False, autoLog=True, bold=False, color=array([-1., -1.,  1.]), colorSpace='rgb', contrast=1.0, depth=-1.0, flipHoriz=False, flipVert=False, font='Open Sans', fontFiles=[], height=0.05, italic=False, languageStyle='LTR', name='text_distr_T2', opacity=1.0, ori=0.0, pos=array([0., 0.]), rgb=UNKNOWN, text='', units='height', win=Window(...), wrapWidth=1)
15.2258 	EXP 	Created text_blank_distractors_T2 = TextStim(__class__=<class 'psychopy.visual.text.TextStim'>, alignHoriz=method-wrapper(...), alignText='center', alignVert=method-wrapper(...), anchorHoriz='center', anchorVert='center', antialias=True, autoDraw=False, autoLog=True, bold=False, color=array([1., 1., 1.]), colorSpace='rgb', contrast=1.0, depth=-2.0, flipHoriz=False, flipVert=False, font='Open Sans', fontFiles=[], height=0.05, italic=False, languageStyle='LTR', name='text_blank_distractors_T2', opacity=1.0, ori=0.0, pos=array([0., 0.]), rgb=UNKNOWN, text='', units='height', win=Window(...), wrapWidth=1)
15.2271 	EXP 	Created blankT1_1 = TextStim(__class__=<class 'psychopy.visual.text.TextStim'>, alignHoriz=method-wrapper(...), alignText='center', alignVert=method-wrapper(...), anchorHoriz='center', anchorVert='center', antialias=True, autoDraw=False, autoLog=True, bold=False, color=array([1., 1., 1.]), colorSpace='rgb', contrast=1.0, depth=0.0, flipHoriz=False, flipVert=False, font='Open Sans', fontFiles=[], height=0.05, italic=False, languageStyle='LTR', name='blankT1_1', opacity=1.0, ori=0.0, pos=array([0., 0.]), rgb=UNKNOWN, text='', units='height', win=Window(...), wrapWidth=1)
15.2426 	EXP 	Created text_T1ask = TextStim(__class__=<class 'psychopy.visual.text.TextStim'>, alignHoriz=method-wrapper(...), alignText='center', alignVert=method-wrapper(...), anchorHoriz='center', anchorVert='center', antialias=True, autoDraw=False, autoLog=True, bold=False, color=array([-1., -1.,  1.]), colorSpace='rgb', contrast=1.0, depth=-1.0, flipHoriz=False, flipVert=False, font='Open Sans', fontFiles=[], height=0.05, italic=False, languageStyle='LTR', name='text_T1ask', opacity=1.0, ori=0.0, pos=array([0., 0.]), rgb=UNKNOWN, text='?\n\nOdd-F    Even-J', units='height', win=Window(...), wrapWidth=1)
15.2440 	EXP 	Created blankT1_2 = TextStim(__class__=<class 'psychopy.visual.text.TextStim'>, alignHoriz=method-wrapper(...), alignText='center', alignVert=method-wrapper(...), anchorHoriz='center', anchorVert='center', antialias=True, autoDraw=False, autoLog=True, bold=False, color=array([1., 1., 1.]), colorSpace='rgb', contrast=1.0, depth=-2.0, flipHoriz=False, flipVert=False, font='Open Sans', fontFiles=[], height=0.05, italic=False, languageStyle='LTR', name='blankT1_2', opacity=1.0, ori=0.0, pos=array([0., 0.]), rgb=UNKNOWN, text='', units='height', win=Window(...), wrapWidth=1)
15.2455 	EXP 	Created blankT2_1 = TextStim(__class__=<class 'psychopy.visual.text.TextStim'>, alignHoriz=method-wrapper(...), alignText='center', alignVert=method-wrapper(...), anchorHoriz='center', anchorVert='center', antialias=True, autoDraw=False, autoLog=True, bold=False, color=array([1., 1., 1.]), colorSpace='rgb', contrast=1.0, depth=0.0, flipHoriz=False, flipVert=False, font='Open Sans', fontFiles=[], height=0.05, italic=False, languageStyle='LTR', name='blankT2_1', opacity=1.0, ori=0.0, pos=array([0., 0.]), rgb=UNKNOWN, text='', units='height', win=Window(...), wrapWidth=1)
15.2545 	EXP 	Created text_T2ask = TextStim(__class__=<class 'psychopy.visual.text.TextStim'>, alignHoriz=method-wrapper(...), alignText='center', alignVert=method-wrapper(...), anchorHoriz='center', anchorVert='center', antialias=True, autoDraw=False, autoLog=True, bold=False, color=array([-1., -1.,  1.]), colorSpace='rgb', contrast=1.0, depth=-1.0, flipHoriz=False, flipVert=False, font='Open Sans', fontFiles=[], height=0.05, italic=False, languageStyle='LTR', name='text_T2ask', opacity=1.0, ori=0.0, pos=array([0., 0.]), rgb=UNKNOWN, text='?\n\nRelated-F    Unrelated-J', units='height', win=Window(...), wrapWidth=1)
15.2560 	EXP 	Created blankT2_2 = TextStim(__class__=<class 'psychopy.visual.text.TextStim'>, alignHoriz=method-wrapper(...), alignText='center', alignVert=method-wrapper(...), anchorHoriz='center', anchorVert='center', antialias=True, autoDraw=False, autoLog=True, bold=False, color=array([1., 1., 1.]), colorSpace='rgb', contrast=1.0, depth=-2.0, flipHoriz=False, flipVert=False, font='Open Sans', fontFiles=[], height=0.05, italic=False, languageStyle='LTR', name='blankT2_2', opacity=1.0, ori=0.0, pos=array([0., 0.]), rgb=UNKNOWN, text='', units='height', win=Window(...), wrapWidth=1)
15.2571 	EXP 	Created text_rest = TextStim(__class__=<class 'psychopy.visual.text.TextStim'>, alignHoriz=method-wrapper(...), alignText='center', alignVert=method-wrapper(...), anchorHoriz='center', anchorVert='center', antialias=True, autoDraw=False, autoLog=True, bold=False, color=array([1., 1., 1.]), colorSpace='rgb', contrast=1.0, depth=-1.0, flipHoriz=False, flipVert=False, font='Open Sans', fontFiles=[], height=0.05, italic=False, languageStyle='LTR', name='text_rest', opacity=1.0, ori=0.0, pos=array([0., 0.]), rgb=UNKNOWN, text='', units='height', win=Window(...), wrapWidth=1)
15.2584 	EXP 	Created text_thanks = TextStim(__class__=<class 'psychopy.visual.text.TextStim'>, alignHoriz=method-wrapper(...), alignText='center', alignVert=method-wrapper(...), anchorHoriz='center', anchorVert='center', antialias=True, autoDraw=False, autoLog=True, bold=False, color=array([1., 1., 1.]), colorSpace='rgb', contrast=1.0, depth=0.0, flipHoriz=False, flipVert=False, font='Arial', fontFiles=[], height=0.05, italic=False, languageStyle='LTR', name='text_thanks', opacity=1.0, ori=0.0, pos=array([0., 0.]), rgb=UNKNOWN, text='', units='height', win=Window(...), wrapWidth=1)
15.2971 	EXP 	text_instructions: height = 0.02
15.2971 	EXP 	text_instructions: height = 0.02
15.2971 	EXP 	text_instructions: height = 0.02
15.2971 	EXP 	text_instructions: text = 'Instructions\n\nIf you see an odd number, please press the F key on your keyboard.\nIf you see an even number, please press the J key on your keyboard.\nPlease focus your attention and try to respond as accurately and swiftly as possible. Once you are ready, we will begin the test.\n\nIn the dual-target condition, the participants were instructed to identify the number string and the red word when they appeared in the RSVP stream and to make 2 two-alternative forced-choice responses at the end of each trial. These responses indicated whether the number string was even or odd and whether the red word was semantically related or unrelated to the context word presented at the beginning of that trial.'
15.2971 	EXP 	text_instructions: autoDraw = True
17.7147 	EXP 	Imported task_type.xlsx as conditions, 12 conditions, 2 params
17.7151 	EXP 	Created sequence: sequential, trialTypes=12, nReps=1, seed=None
17.7153 	EXP 	New trial (rep=0, index=0): {'task1': 'single', 'task2': 'dual'}
17.8510 	EXP 	Imported languages/en/wordPairs.xlsx as conditions, 60 conditions, 9 params
17.8519 	EXP 	Created sequence: sequential, trialTypes=60, nReps=1, seed=None
17.8522 	EXP 	New trial (rep=0, index=0): {'T0': 'PUNCH', 'T2': 'XXHITXX', 'T1': 5555555.0, 'lagT0': 7, 'lagT1': 7, 'lagT2': 6, 'responseT1': 'f', 'responseT2': 'f', 'related': 1}
17.8605 	DATA 	Keypress: space
17.8636 	EXP 	text_instructions: autoDraw = False
17.8636 	EXP 	context_word: height = 0.05
17.8636 	EXP 	context_word: height = 0.05
17.8636 	EXP 	context_word: height = 0.05
17.8636 	EXP 	context_word: text = 'PUNCH'
17.8636 	EXP 	context_word: autoDraw = True
18.8591 	EXP 	blankContext: autoDraw = True
18.8761 	EXP 	context_word: autoDraw = False
19.8435 	EXP 	Created sequence: sequential, trialTypes=1, nReps=10, seed=None
19.8437 	EXP 	New trial (rep=0, index=0): None
19.8591 	EXP 	blankContext: autoDraw = False
19.8591 	EXP 	context_word: autoDraw = False
19.8591 	EXP 	blankContext: autoDraw = False
19.8591 	EXP 	text_distr_T0: height = 0.05
19.8591 	EXP 	text_distr_T0: height = 0.05
19.8591 	EXP 	text_distr_T0: height = 0.05
19.8591 	EXP 	text_distr_T0: text = 'QJHRMSW'
19.8591 	EXP 	text_distr_T0: autoDraw = True
19.8927 	EXP 	text_distr_T0: autoDraw = False
19.8927 	EXP 	text_blank_distractors_T0: autoDraw = True
19.9267 	EXP 	New trial (rep=1, index=0): None
19.9426 	EXP 	text_blank_distractors_T0: autoDraw = False
19.9426 	EXP 	text_distr_T0: autoDraw = False
19.9426 	EXP 	text_blank_distractors_T0: autoDraw = False
19.9426 	EXP 	text_distr_T0: height = 0.05
19.9426 	EXP 	text_distr_T0: height = 0.05
19.9426 	EXP 	text_distr_T0: height = 0.05
19.9426 	EXP 	text_distr_T0: text = 'LXPCBYV'
19.9426 	EXP 	text_distr_T0: autoDraw = True
19.9760 	EXP 	text_distr_T0: autoDraw = False
19.9760 	EXP 	text_blank_distractors_T0: autoDraw = True
20.0099 	EXP 	New trial (rep=2, index=0): None
20.0258 	EXP 	text_blank_distractors_T0: autoDraw = False
20.0258 	EXP 	text_distr_T0: autoDraw = False
20.0258 	EXP 	text_blank_distractors_T0: autoDraw = False
20.0258 	EXP 	text_distr_T0: height = 0.05
20.0258 	EXP 	text_distr_T0: height = 0.05
20.0258 	EXP 	text_distr_T0: height = 0.05
20.0258 	EXP 	text_distr_T0: text = 'JYHGLVT'
20.0258 	EXP 	text_distr_T0: autoDraw = True
20.0594 	EXP 	text_distr_T0: autoDraw = False
20.0594 	EXP 	text_blank_distractors_T0: autoDraw = True
20.0934 	EXP 	New trial (rep=3, index=0): None
20.1092 	EXP 	text_blank_distractors_T0: autoDraw = False
20.1092 	EXP 	text_distr_T0: autoDraw = False
20.1092 	EXP 	text_blank_distractors_T0: autoDraw = False
20.1092 	EXP 	text_distr_T0: height = 0.05
20.1092 	EXP 	text_distr_T0: height = 0.05
20.1092 	EXP 	text_distr_T0: height = 0.05
20.1092 	EXP 	text_distr_T0: text = 'YKBVRXQ'
20.1092 	EXP 	text_distr_T0: autoDraw = True
20.1426 	EXP 	text_distr_T0: autoDraw = False
20.1426 	EXP 	text_blank_distractors_T0: autoDraw = True
20.1765 	EXP 	New trial (rep=4, index=0): None
20.1925 	EXP 	text_blank_distractors_T0: autoDraw = False
20.1925 	EXP 	text_distr_T0: autoDraw = False
20.1925 	EXP 	text_blank_distractors_T0: autoDraw = False
20.1925 	EXP 	text_distr_T0: height = 0.05
20.1925 	EXP 	text_distr_T0: height = 0.05
20.1925 	EXP 	text_distr_T0: height = 0.05
20.1925 	EXP 	text_distr_T0: text = 'HBYXZPQ'
20.1925 	EXP 	text_distr_T0: autoDraw = True
20.2259 	EXP 	text_distr_T0: autoDraw = False
20.2259 	EXP 	text_blank_distractors_T0: autoDraw = True
20.2600 	EXP 	New trial (rep=5, index=0): None
20.2759 	EXP 	text_blank_distractors_T0: autoDraw = False
20.2759 	EXP 	text_distr_T0: autoDraw = False
20.2759 	EXP 	text_blank_distractors_T0: autoDraw = False
20.2759 	EXP 	text_distr_T0: height = 0.05
20.2759 	EXP 	text_distr_T0: height = 0.05
20.2759 	EXP 	text_distr_T0: height = 0.05
20.2759 	EXP 	text_distr_T0: text = 'HSRYTDV'
20.2759 	EXP 	text_distr_T0: autoDraw = True
20.3092 	EXP 	text_distr_T0: autoDraw = False
20.3092 	EXP 	text_blank_distractors_T0: autoDraw = True
20.3592 	EXP 	text_blank_distractors_T0: autoDraw = False
20.3592 	EXP 	text_distr_T0: autoDraw = False
20.3592 	EXP 	text_blank_distractors_T0: autoDraw = False
20.3592 	EXP 	text_T1: height = 0.05
20.3592 	EXP 	text_T1: height = 0.05
20.3592 	EXP 	text_T1: height = 0.05
20.3592 	EXP 	text_T1: text = '5555555'
20.3592 	EXP 	text_T1: autoDraw = True
20.3925 	EXP 	text_T1: autoDraw = False
20.3925 	EXP 	text_blank_number_T1: autoDraw = True
20.4267 	EXP 	Created sequence: sequential, trialTypes=1, nReps=7, seed=None
20.4268 	EXP 	New trial (rep=0, index=0): None
20.4425 	EXP 	text_blank_number_T1: autoDraw = False
20.4425 	EXP 	text_T1: autoDraw = False
20.4425 	EXP 	text_blank_number_T1: autoDraw = False
20.4425 	EXP 	text_distr_T1: height = 0.05
20.4425 	EXP 	text_distr_T1: height = 0.05
20.4425 	EXP 	text_distr_T1: height = 0.05
20.4425 	EXP 	text_distr_T1: text = 'GMNQLRX'
20.4425 	EXP 	text_distr_T1: autoDraw = True
20.4760 	EXP 	text_distr_T1: autoDraw = False
20.4760 	EXP 	text_blank_distractors_T1: autoDraw = True
20.5100 	EXP 	New trial (rep=1, index=0): None
20.5259 	EXP 	text_blank_distractors_T1: autoDraw = False
20.5259 	EXP 	text_distr_T1: autoDraw = False
20.5259 	EXP 	text_blank_distractors_T1: autoDraw = False
20.5259 	EXP 	text_distr_T1: height = 0.05
20.5259 	EXP 	text_distr_T1: height = 0.05
20.5259 	EXP 	text_distr_T1: height = 0.05
20.5259 	EXP 	text_distr_T1: text = 'NHJLSMY'
20.5259 	EXP 	text_distr_T1: autoDraw = True
20.5593 	EXP 	text_distr_T1: autoDraw = False
20.5593 	EXP 	text_blank_distractors_T1: autoDraw = True
20.5933 	EXP 	New trial (rep=2, index=0): None
20.6092 	EXP 	text_blank_distractors_T1: autoDraw = False
20.6092 	EXP 	text_distr_T1: autoDraw = False
20.6092 	EXP 	text_blank_distractors_T1: autoDraw = False
20.6092 	EXP 	text_distr_T1: height = 0.05
20.6092 	EXP 	text_distr_T1: height = 0.05
20.6092 	EXP 	text_distr_T1: height = 0.05
20.6092 	EXP 	text_distr_T1: text = 'JSPWLYG'
20.6092 	EXP 	text_distr_T1: autoDraw = True
20.6428 	EXP 	text_distr_T1: autoDraw = False
20.6428 	EXP 	text_blank_distractors_T1: autoDraw = True
20.6766 	EXP 	New trial (rep=3, index=0): None
20.6926 	EXP 	text_blank_distractors_T1: autoDraw = False
20.6926 	EXP 	text_distr_T1: autoDraw = False
20.6926 	EXP 	text_blank_distractors_T1: autoDraw = False
20.6926 	EXP 	text_distr_T1: height = 0.05
20.6926 	EXP 	text_distr_T1: height = 0.05
20.6926 	EXP 	text_distr_T1: height = 0.05
20.6926 	EXP 	text_distr_T1: text = 'HNVCZDJ'
20.6926 	EXP 	text_distr_T1: autoDraw = True
20.7259 	EXP 	text_distr_T1: autoDraw = False
20.7259 	EXP 	text_blank_distractors_T1: autoDraw = True
20.7601 	EXP 	New trial (rep=4, index=0): None
20.7759 	EXP 	text_blank_distractors_T1: autoDraw = False
20.7759 	EXP 	text_distr_T1: autoDraw = False
20.7759 	EXP 	text_blank_distractors_T1: autoDraw = False
20.7759 	EXP 	text_distr_T1: height = 0.05
20.7759 	EXP 	text_distr_T1: height = 0.05
20.7759 	EXP 	text_distr_T1: height = 0.05
20.7759 	EXP 	text_distr_T1: text = 'XHYKMTW'
20.7759 	EXP 	text_distr_T1: autoDraw = True
20.8092 	EXP 	text_distr_T1: autoDraw = False
20.8092 	EXP 	text_blank_distractors_T1: autoDraw = True
20.8433 	EXP 	New trial (rep=5, index=0): None
20.8594 	EXP 	text_blank_distractors_T1: autoDraw = False
20.8594 	EXP 	text_distr_T1: autoDraw = False
20.8594 	EXP 	text_blank_distractors_T1: autoDraw = False
20.8594 	EXP 	text_distr_T1: height = 0.05
20.8594 	EXP 	text_distr_T1: height = 0.05
20.8594 	EXP 	text_distr_T1: height = 0.05
20.8594 	EXP 	text_distr_T1: text = 'FSPHQWR'
20.8594 	EXP 	text_distr_T1: autoDraw = True
20.8926 	EXP 	text_distr_T1: autoDraw = False
20.8926 	EXP 	text_blank_distractors_T1: autoDraw = True
20.9426 	EXP 	text_blank_distractors_T1: autoDraw = False
20.9426 	EXP 	text_distr_T1: autoDraw = False
20.9426 	EXP 	text_blank_distractors_T1: autoDraw = False
20.9426 	EXP 	text_T2: height = 0.05
20.9426 	EXP 	text_T2: height = 0.05
20.9426 	EXP 	text_T2: height = 0.05
20.9426 	EXP 	text_T2: text = 'XXHITXX'
20.9426 	EXP 	text_T2: autoDraw = True
20.9762 	EXP 	text_T2: autoDraw = False
20.9762 	EXP 	text_blank_T2_probe: autoDraw = True
21.0100 	EXP 	Created sequence: sequential, trialTypes=1, nReps=12, seed=None
21.0101 	EXP 	New trial (rep=0, index=0): None
21.0259 	EXP 	text_blank_T2_probe: autoDraw = False
21.0259 	EXP 	text_T2: autoDraw = False
21.0259 	EXP 	text_blank_T2_probe: autoDraw = False
21.0259 	EXP 	text_distr_T2: height = 0.05
21.0259 	EXP 	text_distr_T2: height = 0.05
21.0259 	EXP 	text_distr_T2: height = 0.05
21.0259 	EXP 	text_distr_T2: text = 'FSPHQWR'
21.0259 	EXP 	text_distr_T2: autoDraw = True
21.0592 	EXP 	text_distr_T2: autoDraw = False
21.0592 	EXP 	text_blank_distractors_T2: autoDraw = True
21.0933 	EXP 	New trial (rep=1, index=0): None
21.1092 	EXP 	text_blank_distractors_T2: autoDraw = False
21.1092 	EXP 	text_distr_T2: autoDraw = False
21.1092 	EXP 	text_blank_distractors_T2: autoDraw = False
21.1092 	EXP 	text_distr_T2: height = 0.05
21.1092 	EXP 	text_distr_T2: height = 0.05
21.1092 	EXP 	text_distr_T2: height = 0.05
21.1092 	EXP 	text_distr_T2: text = 'WJLBSFG'
21.1092 	EXP 	text_distr_T2: autoDraw = True
21.1429 	EXP 	text_distr_T2: autoDraw = False
21.1429 	EXP 	text_blank_distractors_T2: autoDraw = True
21.1766 	EXP 	New trial (rep=2, index=0): None
21.1926 	EXP 	text_blank_distractors_T2: autoDraw = False
21.1926 	EXP 	text_distr_T2: autoDraw = False
21.1926 	EXP 	text_blank_distractors_T2: autoDraw = False
21.1926 	EXP 	text_distr_T2: height = 0.05
21.1926 	EXP 	text_distr_T2: height = 0.05
21.1926 	EXP 	text_distr_T2: height = 0.05
21.1926 	EXP 	text_distr_T2: text = 'KYCMTSL'
21.1926 	EXP 	text_distr_T2: autoDraw = True
21.2260 	EXP 	text_distr_T2: autoDraw = False
21.2260 	EXP 	text_blank_distractors_T2: autoDraw = True
21.2600 	EXP 	New trial (rep=3, index=0): None
21.2760 	EXP 	text_blank_distractors_T2: autoDraw = False
21.2760 	EXP 	text_distr_T2: autoDraw = False
21.2760 	EXP 	text_blank_distractors_T2: autoDraw = False
21.2760 	EXP 	text_distr_T2: height = 0.05
21.2760 	EXP 	text_distr_T2: height = 0.05
21.2760 	EXP 	text_distr_T2: height = 0.05
21.2760 	EXP 	text_distr_T2: text = 'NWFDLHC'
21.2760 	EXP 	text_distr_T2: autoDraw = True
21.3094 	EXP 	text_distr_T2: autoDraw = False
21.3094 	EXP 	text_blank_distractors_T2: autoDraw = True
21.3433 	EXP 	New trial (rep=4, index=0): None
21.3592 	EXP 	text_blank_distractors_T2: autoDraw = False
21.3592 	EXP 	text_distr_T2: autoDraw = False
21.3592 	EXP 	text_blank_distractors_T2: autoDraw = False
21.3592 	EXP 	text_distr_T2: height = 0.05
21.3592 	EXP 	text_distr_T2: height = 0.05
21.3592 	EXP 	text_distr_T2: height = 0.05
21.3592 	EXP 	text_distr_T2: text = 'QMKXRDV'
21.3592 	EXP 	text_distr_T2: autoDraw = True
21.3926 	EXP 	text_distr_T2: autoDraw = False
21.3926 	EXP 	text_blank_distractors_T2: autoDraw = True
21.4268 	EXP 	New trial (rep=5, index=0): None
21.4426 	EXP 	text_blank_distractors_T2: autoDraw = False
21.4426 	EXP 	text_distr_T2: autoDraw = False
21.4426 	EXP 	text_blank_distractors_T2: autoDraw = False
21.4426 	EXP 	text_distr_T2: height = 0.05
21.4426 	EXP 	text_distr_T2: height = 0.05
21.4426 	EXP 	text_distr_T2: height = 0.05
21.4426 	EXP 	text_distr_T2: text = 'ZMYNQKG'
21.4426 	EXP 	text_distr_T2: autoDraw = True
21.4759 	EXP 	text_distr_T2: autoDraw = False
21.4759 	EXP 	text_blank_distractors_T2: autoDraw = True
21.5261 	EXP 	text_blank_distractors_T2: autoDraw = False
21.5261 	EXP 	text_distr_T2: autoDraw = False
21.5261 	EXP 	text_blank_distractors_T2: autoDraw = False
21.5261 	EXP 	blankT1_1: autoDraw = False
21.5261 	EXP 	text_T1ask: autoDraw = False
21.5261 	EXP 	blankT1_2: autoDraw = False
21.5261 	EXP 	blankT2_1: autoDraw = True
22.5095 	EXP 	text_T2ask: autoDraw = True
22.5260 	EXP 	blankT2_1: autoDraw = False
24.5094 	EXP 	text_T2ask: autoDraw = False
24.5094 	EXP 	blankT2_2: autoDraw = True
25.4939 	EXP 	New trial (rep=0, index=1): {'T0': 'FORK', 'T2': 'XSPOONX', 'T1': 4444444.0, 'lagT0': 7, 'lagT1': 7, 'lagT2': 6, 'responseT1': 'j', 'responseT2': 'f', 'related': 1}
25.5095 	EXP 	blankT2_2: autoDraw = False
25.5095 	EXP 	blankT2_1: autoDraw = False
25.5095 	EXP 	text_T2ask: autoDraw = False
25.5095 	EXP 	blankT2_2: autoDraw = False
25.5095 	EXP 	context_word: height = 0.05
25.5095 	EXP 	context_word: height = 0.05
25.5095 	EXP 	context_word: height = 0.05
25.5095 	EXP 	context_word: text = 'FORK'
25.5095 	EXP 	context_word: autoDraw = True
26.5097 	EXP 	context_word: autoDraw = False
26.5097 	EXP 	blankContext: autoDraw = True
27.4936 	EXP 	Created sequence: sequential, trialTypes=1, nReps=10, seed=None
27.4937 	EXP 	New trial (rep=0, index=0): None
27.5096 	EXP 	blankContext: autoDraw = False
27.5096 	EXP 	context_word: autoDraw = False
27.5096 	EXP 	blankContext: autoDraw = False
27.5096 	EXP 	text_distr_T0: height = 0.05
27.5096 	EXP 	text_distr_T0: height = 0.05
27.5096 	EXP 	text_distr_T0: height = 0.05
27.5096 	EXP 	text_distr_T0: text = 'STYJQCL'
27.5096 	EXP 	text_distr_T0: autoDraw = True
27.5431 	EXP 	text_distr_T0: autoDraw = False
27.5431 	EXP 	text_blank_distractors_T0: autoDraw = True
27.5770 	EXP 	New trial (rep=1, index=0): None
27.5931 	EXP 	text_blank_distractors_T0: autoDraw = False
27.5931 	EXP 	text_distr_T0: autoDraw = False
27.5931 	EXP 	text_blank_distractors_T0: autoDraw = False
27.5931 	EXP 	text_distr_T0: height = 0.05
27.5931 	EXP 	text_distr_T0: height = 0.05
27.5931 	EXP 	text_distr_T0: height = 0.05
27.5931 	EXP 	text_distr_T0: text = 'XCJQTSV'
27.5931 	EXP 	text_distr_T0: autoDraw = True
27.6265 	EXP 	text_distr_T0: autoDraw = False
27.6265 	EXP 	text_blank_distractors_T0: autoDraw = True
27.6604 	EXP 	New trial (rep=2, index=0): None
27.6763 	EXP 	text_blank_distractors_T0: autoDraw = False
27.6763 	EXP 	text_distr_T0: autoDraw = False
27.6763 	EXP 	text_blank_distractors_T0: autoDraw = False
27.6763 	EXP 	text_distr_T0: height = 0.05
27.6763 	EXP 	text_distr_T0: height = 0.05
27.6763 	EXP 	text_distr_T0: height = 0.05
27.6763 	EXP 	text_distr_T0: text = 'TBWPYRJ'
27.6763 	EXP 	text_distr_T0: autoDraw = True
27.7097 	EXP 	text_distr_T0: autoDraw = False
27.7097 	EXP 	text_blank_distractors_T0: autoDraw = True
27.7438 	EXP 	New trial (rep=3, index=0): None
27.7596 	EXP 	text_blank_distractors_T0: autoDraw = False
27.7596 	EXP 	text_distr_T0: autoDraw = False
27.7596 	EXP 	text_blank_distractors_T0: autoDraw = False
27.7596 	EXP 	text_distr_T0: height = 0.05
27.7596 	EXP 	text_distr_T0: height = 0.05
27.7596 	EXP 	text_distr_T0: height = 0.05
27.7596 	EXP 	text_distr_T0: text = 'NKJMRYD'
27.7596 	EXP 	text_distr_T0: autoDraw = True
27.7930 	EXP 	text_distr_T0: autoDraw = False
27.7930 	EXP 	text_blank_distractors_T0: autoDraw = True
27.8270 	EXP 	New trial (rep=4, index=0): None
27.8430 	EXP 	text_blank_distractors_T0: autoDraw = False
27.8430 	EXP 	text_distr_T0: autoDraw = False
27.8430 	EXP 	text_blank_distractors_T0: autoDraw = False
27.8430 	EXP 	text_distr_T0: height = 0.05
27.8430 	EXP 	text_distr_T0: height = 0.05
27.8430 	EXP 	text_distr_T0: height = 0.05
27.8430 	EXP 	text_distr_T0: text = 'HYPNQLJ'
27.8430 	EXP 	text_distr_T0: autoDraw = True
27.8766 	EXP 	text_distr_T0: autoDraw = False
27.8766 	EXP 	text_blank_distractors_T0: autoDraw = True
27.9104 	EXP 	New trial (rep=5, index=0): None
27.9263 	EXP 	text_blank_distractors_T0: autoDraw = False
27.9263 	EXP 	text_distr_T0: autoDraw = False
27.9263 	EXP 	text_blank_distractors_T0: autoDraw = False
27.9263 	EXP 	text_distr_T0: height = 0.05
27.9263 	EXP 	text_distr_T0: height = 0.05
27.9263 	EXP 	text_distr_T0: height = 0.05
27.9263 	EXP 	text_distr_T0: text = 'WHZYTJG'
27.9263 	EXP 	text_distr_T0: autoDraw = True
27.9598 	EXP 	text_distr_T0: autoDraw = False
27.9598 	EXP 	text_blank_distractors_T0: autoDraw = True
28.0096 	EXP 	text_blank_distractors_T0: autoDraw = False
28.0096 	EXP 	text_distr_T0: autoDraw = False
28.0096 	EXP 	text_blank_distractors_T0: autoDraw = False
28.0096 	EXP 	text_T1: height = 0.05
28.0096 	EXP 	text_T1: height = 0.05
28.0096 	EXP 	text_T1: height = 0.05
28.0096 	EXP 	text_T1: text = '4444444'
28.0096 	EXP 	text_T1: autoDraw = True
28.0430 	EXP 	text_T1: autoDraw = False
28.0430 	EXP 	text_blank_number_T1: autoDraw = True
28.0771 	EXP 	Created sequence: sequential, trialTypes=1, nReps=7, seed=None
28.0773 	EXP 	New trial (rep=0, index=0): None
28.0930 	EXP 	text_blank_number_T1: autoDraw = False
28.0930 	EXP 	text_T1: autoDraw = False
28.0930 	EXP 	text_blank_number_T1: autoDraw = False
28.0930 	EXP 	text_distr_T1: height = 0.05
28.0930 	EXP 	text_distr_T1: height = 0.05
28.0930 	EXP 	text_distr_T1: height = 0.05
28.0930 	EXP 	text_distr_T1: text = 'YVMZPJX'
28.0930 	EXP 	text_distr_T1: autoDraw = True
28.1265 	EXP 	text_distr_T1: autoDraw = False
28.1265 	EXP 	text_blank_distractors_T1: autoDraw = True
28.1605 	EXP 	New trial (rep=1, index=0): None
28.1763 	EXP 	text_blank_distractors_T1: autoDraw = False
28.1763 	EXP 	text_distr_T1: autoDraw = False
28.1763 	EXP 	text_blank_distractors_T1: autoDraw = False
28.1763 	EXP 	text_distr_T1: height = 0.05
28.1763 	EXP 	text_distr_T1: height = 0.05
28.1763 	EXP 	text_distr_T1: height = 0.05
28.1763 	EXP 	text_distr_T1: text = 'WBJZGQL'
28.1763 	EXP 	text_distr_T1: autoDraw = True
28.2098 	EXP 	text_distr_T1: autoDraw = False
28.2098 	EXP 	text_blank_distractors_T1: autoDraw = True
28.2438 	EXP 	New trial (rep=2, index=0): None
28.2597 	EXP 	text_blank_distractors_T1: autoDraw = False
28.2597 	EXP 	text_distr_T1: autoDraw = False
28.2597 	EXP 	text_blank_distractors_T1: autoDraw = False
28.2597 	EXP 	text_distr_T1: height = 0.05
28.2597 	EXP 	text_distr_T1: height = 0.05
28.2597 	EXP 	text_distr_T1: height = 0.05
28.2597 	EXP 	text_distr_T1: text = 'BJGZLQT'
28.2597 	EXP 	text_distr_T1: autoDraw = True
28.2931 	EXP 	text_distr_T1: autoDraw = False
28.2931 	EXP 	text_blank_distractors_T1: autoDraw = True
28.3270 	EXP 	New trial (rep=3, index=0): None
28.3430 	EXP 	text_blank_distractors_T1: autoDraw = False
28.3430 	EXP 	text_distr_T1: autoDraw = False
28.3430 	EXP 	text_blank_distractors_T1: autoDraw = False
28.3430 	EXP 	text_distr_T1: height = 0.05
28.3430 	EXP 	text_distr_T1: height = 0.05
28.3430 	EXP 	text_distr_T1: height = 0.05
28.3430 	EXP 	text_distr_T1: text = 'FMTNBWL'
28.3430 	EXP 	text_distr_T1: autoDraw = True
28.3766 	EXP 	text_distr_T1: autoDraw = False
28.3766 	EXP 	text_blank_distractors_T1: autoDraw = True
28.4103 	EXP 	New trial (rep=4, index=0): None
28.4263 	EXP 	text_blank_distractors_T1: autoDraw = False
28.4263 	EXP 	text_distr_T1: autoDraw = False
28.4263 	EXP 	text_blank_distractors_T1: autoDraw = False
28.4263 	EXP 	text_distr_T1: height = 0.05
28.4263 	EXP 	text_distr_T1: height = 0.05
28.4263 	EXP 	text_distr_T1: height = 0.05
28.4263 	EXP 	text_distr_T1: text = 'TGNHSCK'
28.4263 	EXP 	text_distr_T1: autoDraw = True
28.4597 	EXP 	text_distr_T1: autoDraw = False
28.4597 	EXP 	text_blank_distractors_T1: autoDraw = True
28.4937 	EXP 	New trial (rep=5, index=0): None
28.5097 	EXP 	text_blank_distractors_T1: autoDraw = False
28.5097 	EXP 	text_distr_T1: autoDraw = False
28.5097 	EXP 	text_blank_distractors_T1: autoDraw = False
28.5097 	EXP 	text_distr_T1: height = 0.05
28.5097 	EXP 	text_distr_T1: height = 0.05
28.5097 	EXP 	text_distr_T1: height = 0.05
28.5097 	EXP 	text_distr_T1: text = 'MQYRHNC'
28.5097 	EXP 	text_distr_T1: autoDraw = True
28.5430 	EXP 	text_distr_T1: autoDraw = False
28.5430 	EXP 	text_blank_distractors_T1: autoDraw = True
28.5931 	EXP 	text_blank_distractors_T1: autoDraw = False
28.5931 	EXP 	text_distr_T1: autoDraw = False
28.5931 	EXP 	text_blank_distractors_T1: autoDraw = False
28.5931 	EXP 	text_T2: height = 0.05
28.5931 	EXP 	text_T2: height = 0.05
28.5931 	EXP 	text_T2: height = 0.05
28.5931 	EXP 	text_T2: text = 'XSPOONX'
28.5931 	EXP 	text_T2: autoDraw = True
28.6264 	EXP 	text_T2: autoDraw = False
28.6264 	EXP 	text_blank_T2_probe: autoDraw = True
28.6606 	EXP 	Created sequence: sequential, trialTypes=1, nReps=12, seed=None
28.6608 	EXP 	New trial (rep=0, index=0): None
28.6764 	EXP 	text_blank_T2_probe: autoDraw = False
28.6764 	EXP 	text_T2: autoDraw = False
28.6764 	EXP 	text_blank_T2_probe: autoDraw = False
28.6764 	EXP 	text_distr_T2: height = 0.05
28.6764 	EXP 	text_distr_T2: height = 0.05
28.6764 	EXP 	text_distr_T2: height = 0.05
28.6764 	EXP 	text_distr_T2: text = 'MQYRHNC'
28.6764 	EXP 	text_distr_T2: autoDraw = True
28.7097 	EXP 	text_distr_T2: autoDraw = False
28.7097 	EXP 	text_blank_distractors_T2: autoDraw = True
28.7438 	EXP 	New trial (rep=1, index=0): None
28.7597 	EXP 	text_blank_distractors_T2: autoDraw = False
28.7597 	EXP 	text_distr_T2: autoDraw = False
28.7597 	EXP 	text_blank_distractors_T2: autoDraw = False
28.7597 	EXP 	text_distr_T2: height = 0.05
28.7597 	EXP 	text_distr_T2: height = 0.05
28.7597 	EXP 	text_distr_T2: height = 0.05
28.7597 	EXP 	text_distr_T2: text = 'KLNBPQT'
28.7597 	EXP 	text_distr_T2: autoDraw = True
28.7931 	EXP 	text_distr_T2: autoDraw = False
28.7931 	EXP 	text_blank_distractors_T2: autoDraw = True
28.8270 	EXP 	New trial (rep=2, index=0): None
28.8431 	EXP 	text_blank_distractors_T2: autoDraw = False
28.8431 	EXP 	text_distr_T2: autoDraw = False
28.8431 	EXP 	text_blank_distractors_T2: autoDraw = False
28.8431 	EXP 	text_distr_T2: height = 0.05
28.8431 	EXP 	text_distr_T2: height = 0.05
28.8431 	EXP 	text_distr_T2: height = 0.05
28.8431 	EXP 	text_distr_T2: text = 'HFKTSRN'
28.8431 	EXP 	text_distr_T2: autoDraw = True
28.8764 	EXP 	text_distr_T2: autoDraw = False
28.8764 	EXP 	text_blank_distractors_T2: autoDraw = True
28.9105 	EXP 	New trial (rep=3, index=0): None
28.9264 	EXP 	text_blank_distractors_T2: autoDraw = False
28.9264 	EXP 	text_distr_T2: autoDraw = False
28.9264 	EXP 	text_blank_distractors_T2: autoDraw = False
28.9264 	EXP 	text_distr_T2: height = 0.05
28.9264 	EXP 	text_distr_T2: height = 0.05
28.9264 	EXP 	text_distr_T2: height = 0.05
28.9264 	EXP 	text_distr_T2: text = 'PWLQDYR'
28.9264 	EXP 	text_distr_T2: autoDraw = True
28.9597 	EXP 	text_distr_T2: autoDraw = False
28.9597 	EXP 	text_blank_distractors_T2: autoDraw = True
28.9939 	EXP 	New trial (rep=4, index=0): None
29.0097 	EXP 	text_blank_distractors_T2: autoDraw = False
29.0097 	EXP 	text_distr_T2: autoDraw = False
29.0097 	EXP 	text_blank_distractors_T2: autoDraw = False
29.0097 	EXP 	text_distr_T2: height = 0.05
29.0097 	EXP 	text_distr_T2: height = 0.05
29.0097 	EXP 	text_distr_T2: height = 0.05
29.0097 	EXP 	text_distr_T2: text = 'HVRJQDF'
29.0097 	EXP 	text_distr_T2: autoDraw = True
29.0430 	EXP 	text_distr_T2: autoDraw = False
29.0430 	EXP 	text_blank_distractors_T2: autoDraw = True
29.0773 	EXP 	New trial (rep=5, index=0): None
29.0933 	EXP 	text_blank_distractors_T2: autoDraw = False
29.0933 	EXP 	text_distr_T2: autoDraw = False
29.0933 	EXP 	text_blank_distractors_T2: autoDraw = False
29.0933 	EXP 	text_distr_T2: height = 0.05
29.0933 	EXP 	text_distr_T2: height = 0.05
29.0933 	EXP 	text_distr_T2: height = 0.05
29.0933 	EXP 	text_distr_T2: text = 'GQKNHDX'
29.0933 	EXP 	text_distr_T2: autoDraw = True
29.1264 	EXP 	text_distr_T2: autoDraw = False
29.1264 	EXP 	text_blank_distractors_T2: autoDraw = True
29.1764 	EXP 	text_blank_distractors_T2: autoDraw = False
29.1764 	EXP 	text_distr_T2: autoDraw = False
29.1764 	EXP 	text_blank_distractors_T2: autoDraw = False
29.1764 	EXP 	blankT1_1: autoDraw = False
29.1764 	EXP 	text_T1ask: autoDraw = False
29.1764 	EXP 	blankT1_2: autoDraw = False
29.1764 	EXP 	blankT2_1: autoDraw = True
30.1597 	EXP 	text_T2ask: autoDraw = True
30.1765 	EXP 	blankT2_1: autoDraw = False
32.1599 	EXP 	text_T2ask: autoDraw = False
32.1599 	EXP 	blankT2_2: autoDraw = True
33.1442 	EXP 	New trial (rep=0, index=2): {'T0': 'CIRCUS', 'T2': 'WINDOWS', 'T1': 8888888.0, 'lagT0': 10, 'lagT1': 7, 'lagT2': 3, 'responseT1': 'j', 'responseT2': 'j', 'related': 0}
33.1601 	EXP 	blankT2_2: autoDraw = False
33.1601 	EXP 	blankT2_1: autoDraw = False
33.1601 	EXP 	text_T2ask: autoDraw = False
33.1601 	EXP 	blankT2_2: autoDraw = False
33.1601 	EXP 	context_word: height = 0.05
33.1601 	EXP 	context_word: height = 0.05
33.1601 	EXP 	context_word: height = 0.05
33.1601 	EXP 	context_word: text = 'CIRCUS'
33.1601 	EXP 	context_word: autoDraw = True
34.1601 	EXP 	context_word: autoDraw = False
34.1601 	EXP 	blankContext: autoDraw = True
35.1442 	EXP 	Created sequence: sequential, trialTypes=1, nReps=10, seed=None
35.1443 	EXP 	New trial (rep=0, index=0): None
35.1601 	EXP 	blankContext: autoDraw = False
35.1601 	EXP 	context_word: autoDraw = False
35.1601 	EXP 	blankContext: autoDraw = False
35.1601 	EXP 	text_distr_T0: height = 0.05
35.1601 	EXP 	text_distr_T0: height = 0.05
35.1601 	EXP 	text_distr_T0: height = 0.05
35.1601 	EXP 	text_distr_T0: text = 'ZCSYXGV'
35.1601 	EXP 	text_distr_T0: autoDraw = True
35.1936 	EXP 	text_distr_T0: autoDraw = False
35.1936 	EXP 	text_blank_distractors_T0: autoDraw = True
35.2276 	EXP 	New trial (rep=1, index=0): None
35.2434 	EXP 	text_blank_distractors_T0: autoDraw = False
35.2434 	EXP 	text_distr_T0: autoDraw = False
35.2434 	EXP 	text_blank_distractors_T0: autoDraw = False
35.2434 	EXP 	text_distr_T0: height = 0.05
35.2434 	EXP 	text_distr_T0: height = 0.05
35.2434 	EXP 	text_distr_T0: height = 0.05
35.2434 	EXP 	text_distr_T0: text = 'LZYCJGD'
35.2434 	EXP 	text_distr_T0: autoDraw = True
35.2769 	EXP 	text_distr_T0: autoDraw = False
35.2769 	EXP 	text_blank_distractors_T0: autoDraw = True
35.3108 	EXP 	New trial (rep=2, index=0): None
35.3267 	EXP 	text_blank_distractors_T0: autoDraw = False
35.3267 	EXP 	text_distr_T0: autoDraw = False
35.3267 	EXP 	text_blank_distractors_T0: autoDraw = False
35.3267 	EXP 	text_distr_T0: height = 0.05
35.3267 	EXP 	text_distr_T0: height = 0.05
35.3267 	EXP 	text_distr_T0: height = 0.05
35.3267 	EXP 	text_distr_T0: text = 'XSPRFDT'
35.3267 	EXP 	text_distr_T0: autoDraw = True
35.3601 	EXP 	text_distr_T0: autoDraw = False
35.3601 	EXP 	text_blank_distractors_T0: autoDraw = True
35.3941 	EXP 	New trial (rep=3, index=0): None
35.4102 	EXP 	text_blank_distractors_T0: autoDraw = False
35.4102 	EXP 	text_distr_T0: autoDraw = False
35.4102 	EXP 	text_blank_distractors_T0: autoDraw = False
35.4102 	EXP 	text_distr_T0: height = 0.05
35.4102 	EXP 	text_distr_T0: height = 0.05
35.4102 	EXP 	text_distr_T0: height = 0.05
35.4102 	EXP 	text_distr_T0: text = 'HCWGDYZ'
35.4102 	EXP 	text_distr_T0: autoDraw = True
35.4434 	EXP 	text_distr_T0: autoDraw = False
35.4434 	EXP 	text_blank_distractors_T0: autoDraw = True
35.4774 	EXP 	New trial (rep=4, index=0): None
35.4934 	EXP 	text_blank_distractors_T0: autoDraw = False
35.4934 	EXP 	text_distr_T0: autoDraw = False
35.4934 	EXP 	text_blank_distractors_T0: autoDraw = False
35.4934 	EXP 	text_distr_T0: height = 0.05
35.4934 	EXP 	text_distr_T0: height = 0.05
35.4934 	EXP 	text_distr_T0: height = 0.05
35.4934 	EXP 	text_distr_T0: text = 'YXDQSBM'
35.4934 	EXP 	text_distr_T0: autoDraw = True
35.5269 	EXP 	text_distr_T0: autoDraw = False
35.5269 	EXP 	text_blank_distractors_T0: autoDraw = True
35.5609 	EXP 	New trial (rep=5, index=0): None
35.5767 	EXP 	text_blank_distractors_T0: autoDraw = False
35.5767 	EXP 	text_distr_T0: autoDraw = False
35.5767 	EXP 	text_blank_distractors_T0: autoDraw = False
35.5767 	EXP 	text_distr_T0: height = 0.05
35.5767 	EXP 	text_distr_T0: height = 0.05
35.5767 	EXP 	text_distr_T0: height = 0.05
35.5767 	EXP 	text_distr_T0: text = 'NFHVPDR'
35.5767 	EXP 	text_distr_T0: autoDraw = True
35.6101 	EXP 	text_distr_T0: autoDraw = False
35.6101 	EXP 	text_blank_distractors_T0: autoDraw = True
35.6442 	EXP 	New trial (rep=6, index=0): None
35.6601 	EXP 	text_blank_distractors_T0: autoDraw = False
35.6601 	EXP 	text_distr_T0: autoDraw = False
35.6601 	EXP 	text_blank_distractors_T0: autoDraw = False
35.6601 	EXP 	text_distr_T0: height = 0.05
35.6601 	EXP 	text_distr_T0: height = 0.05
35.6601 	EXP 	text_distr_T0: height = 0.05
35.6601 	EXP 	text_distr_T0: text = 'QKLVFYM'
35.6601 	EXP 	text_distr_T0: autoDraw = True
35.6937 	EXP 	text_distr_T0: autoDraw = False
35.6937 	EXP 	text_blank_distractors_T0: autoDraw = True
35.7275 	EXP 	New trial (rep=7, index=0): None
35.7434 	EXP 	text_blank_distractors_T0: autoDraw = False
35.7434 	EXP 	text_distr_T0: autoDraw = False
35.7434 	EXP 	text_blank_distractors_T0: autoDraw = False
35.7434 	EXP 	text_distr_T0: height = 0.05
35.7434 	EXP 	text_distr_T0: height = 0.05
35.7434 	EXP 	text_distr_T0: height = 0.05
35.7434 	EXP 	text_distr_T0: text = 'VFCNMZR'
35.7434 	EXP 	text_distr_T0: autoDraw = True
35.7767 	EXP 	text_distr_T0: autoDraw = False
35.7767 	EXP 	text_blank_distractors_T0: autoDraw = True
35.8107 	EXP 	New trial (rep=8, index=0): None
35.8267 	EXP 	text_blank_distractors_T0: autoDraw = False
35.8267 	EXP 	text_distr_T0: autoDraw = False
35.8267 	EXP 	text_blank_distractors_T0: autoDraw = False
35.8267 	EXP 	text_distr_T0: height = 0.05
35.8267 	EXP 	text_distr_T0: height = 0.05
35.8267 	EXP 	text_distr_T0: height = 0.05
35.8267 	EXP 	text_distr_T0: text = 'VBTLKZG'
35.8267 	EXP 	text_distr_T0: autoDraw = True
35.8604 	EXP 	text_distr_T0: autoDraw = False
35.8604 	EXP 	text_blank_distractors_T0: autoDraw = True
35.9101 	EXP 	text_blank_distractors_T0: autoDraw = False
35.9101 	EXP 	text_distr_T0: autoDraw = False
35.9101 	EXP 	text_blank_distractors_T0: autoDraw = False
35.9101 	EXP 	text_T1: height = 0.05
35.9101 	EXP 	text_T1: height = 0.05
35.9101 	EXP 	text_T1: height = 0.05
35.9101 	EXP 	text_T1: text = '8888888'
35.9101 	EXP 	text_T1: autoDraw = True
35.9436 	EXP 	text_T1: autoDraw = False
35.9436 	EXP 	text_blank_number_T1: autoDraw = True
35.9775 	EXP 	Created sequence: sequential, trialTypes=1, nReps=7, seed=None
35.9776 	EXP 	New trial (rep=0, index=0): None
35.9934 	EXP 	text_blank_number_T1: autoDraw = False
35.9934 	EXP 	text_T1: autoDraw = False
35.9934 	EXP 	text_blank_number_T1: autoDraw = False
35.9934 	EXP 	text_distr_T1: height = 0.05
35.9934 	EXP 	text_distr_T1: height = 0.05
35.9934 	EXP 	text_distr_T1: height = 0.05
35.9934 	EXP 	text_distr_T1: text = 'HXYZLST'
35.9934 	EXP 	text_distr_T1: autoDraw = True
36.0268 	EXP 	text_distr_T1: autoDraw = False
36.0268 	EXP 	text_blank_distractors_T1: autoDraw = True
36.0607 	EXP 	New trial (rep=1, index=0): None
36.0767 	EXP 	text_blank_distractors_T1: autoDraw = False
36.0767 	EXP 	text_distr_T1: autoDraw = False
36.0767 	EXP 	text_blank_distractors_T1: autoDraw = False
36.0767 	EXP 	text_distr_T1: height = 0.05
36.0767 	EXP 	text_distr_T1: height = 0.05
36.0767 	EXP 	text_distr_T1: height = 0.05
36.0767 	EXP 	text_distr_T1: text = 'ZLSYJQX'
36.0767 	EXP 	text_distr_T1: autoDraw = True
36.1101 	EXP 	text_distr_T1: autoDraw = False
36.1101 	EXP 	text_blank_distractors_T1: autoDraw = True
36.1442 	EXP 	New trial (rep=2, index=0): None
36.1602 	EXP 	text_blank_distractors_T1: autoDraw = False
36.1602 	EXP 	text_distr_T1: autoDraw = False
36.1602 	EXP 	text_blank_distractors_T1: autoDraw = False
36.1602 	EXP 	text_distr_T1: height = 0.05
36.1602 	EXP 	text_distr_T1: height = 0.05
36.1602 	EXP 	text_distr_T1: height = 0.05
36.1602 	EXP 	text_distr_T1: text = 'MJZPYWT'
36.1602 	EXP 	text_distr_T1: autoDraw = True
36.1935 	EXP 	text_distr_T1: autoDraw = False
36.1935 	EXP 	text_blank_distractors_T1: autoDraw = True
36.2274 	EXP 	New trial (rep=3, index=0): None
36.2434 	EXP 	text_blank_distractors_T1: autoDraw = False
36.2434 	EXP 	text_distr_T1: autoDraw = False
36.2434 	EXP 	text_blank_distractors_T1: autoDraw = False
36.2434 	EXP 	text_distr_T1: height = 0.05
36.2434 	EXP 	text_distr_T1: height = 0.05
36.2434 	EXP 	text_distr_T1: height = 0.05
36.2434 	EXP 	text_distr_T1: text = 'GPBCRVT'
36.2434 	EXP 	text_distr_T1: autoDraw = True
36.2768 	EXP 	text_distr_T1: autoDraw = False
36.2768 	EXP 	text_blank_distractors_T1: autoDraw = True
36.3107 	EXP 	New trial (rep=4, index=0): None
36.3268 	EXP 	text_blank_distractors_T1: autoDraw = False
36.3268 	EXP 	text_distr_T1: autoDraw = False
36.3268 	EXP 	text_blank_distractors_T1: autoDraw = False
36.3268 	EXP 	text_distr_T1: height = 0.05
36.3268 	EXP 	text_distr_T1: height = 0.05
36.3268 	EXP 	text_distr_T1: height = 0.05
36.3268 	EXP 	text_distr_T1: text = 'NMVKJWG'
36.3268 	EXP 	text_distr_T1: autoDraw = True
36.3603 	EXP 	text_distr_T1: autoDraw = False
36.3603 	EXP 	text_blank_distractors_T1: autoDraw = True
36.3943 	EXP 	New trial (rep=5, index=0): None
36.4101 	EXP 	text_blank_distractors_T1: autoDraw = False
36.4101 	EXP 	text_distr_T1: autoDraw = False
36.4101 	EXP 	text_blank_distractors_T1: autoDraw = False
36.4101 	EXP 	text_distr_T1: height = 0.05
36.4101 	EXP 	text_distr_T1: height = 0.05
36.4101 	EXP 	text_distr_T1: height = 0.05
36.4101 	EXP 	text_distr_T1: text = 'XVDTBWJ'
36.4101 	EXP 	text_distr_T1: autoDraw = True
36.4435 	EXP 	text_distr_T1: autoDraw = False
36.4435 	EXP 	text_blank_distractors_T1: autoDraw = True
36.4934 	EXP 	text_blank_distractors_T1: autoDraw = False
36.4934 	EXP 	text_distr_T1: autoDraw = False
36.4934 	EXP 	text_blank_distractors_T1: autoDraw = False
36.4934 	EXP 	text_T2: height = 0.05
36.4934 	EXP 	text_T2: height = 0.05
36.4934 	EXP 	text_T2: height = 0.05
36.4934 	EXP 	text_T2: text = 'WINDOWS'
36.4934 	EXP 	text_T2: autoDraw = True
36.5268 	EXP 	text_T2: autoDraw = False
36.5268 	EXP 	text_blank_T2_probe: autoDraw = True
36.5615 	EXP 	Created sequence: sequential, trialTypes=1, nReps=12, seed=None
36.5617 	EXP 	New trial (rep=0, index=0): None
36.5768 	EXP 	text_blank_T2_probe: autoDraw = False
36.5768 	EXP 	text_T2: autoDraw = False
36.5768 	EXP 	text_blank_T2_probe: autoDraw = False
36.5768 	EXP 	text_distr_T2: height = 0.05
36.5768 	EXP 	text_distr_T2: height = 0.05
36.5768 	EXP 	text_distr_T2: height = 0.05
36.5768 	EXP 	text_distr_T2: text = 'XVDTBWJ'
36.5768 	EXP 	text_distr_T2: autoDraw = True
36.6104 	EXP 	text_distr_T2: autoDraw = False
36.6104 	EXP 	text_blank_distractors_T2: autoDraw = True
36.6443 	EXP 	New trial (rep=1, index=0): None
36.6602 	EXP 	text_blank_distractors_T2: autoDraw = False
36.6602 	EXP 	text_distr_T2: autoDraw = False
36.6602 	EXP 	text_blank_distractors_T2: autoDraw = False
36.6602 	EXP 	text_distr_T2: height = 0.05
36.6602 	EXP 	text_distr_T2: height = 0.05
36.6602 	EXP 	text_distr_T2: height = 0.05
36.6602 	EXP 	text_distr_T2: text = 'SMKYPBQ'
36.6602 	EXP 	text_distr_T2: autoDraw = True
36.6935 	EXP 	text_distr_T2: autoDraw = False
36.6935 	EXP 	text_blank_distractors_T2: autoDraw = True
36.7276 	EXP 	New trial (rep=2, index=0): None
36.7434 	EXP 	text_blank_distractors_T2: autoDraw = False
36.7434 	EXP 	text_distr_T2: autoDraw = False
36.7434 	EXP 	text_blank_distractors_T2: autoDraw = False
36.7434 	EXP 	text_distr_T2: height = 0.05
36.7434 	EXP 	text_distr_T2: height = 0.05
36.7434 	EXP 	text_distr_T2: height = 0.05
36.7434 	EXP 	text_distr_T2: text = 'TGQSCKF'
36.7434 	EXP 	text_distr_T2: autoDraw = True
36.7770 	EXP 	text_distr_T2: autoDraw = False
36.7770 	EXP 	text_blank_distractors_T2: autoDraw = True
36.8268 	EXP 	text_blank_distractors_T2: autoDraw = False
36.8268 	EXP 	text_distr_T2: autoDraw = False
36.8268 	EXP 	text_blank_distractors_T2: autoDraw = False
36.8268 	EXP 	blankT1_1: autoDraw = False
36.8268 	EXP 	text_T1ask: autoDraw = False
36.8268 	EXP 	blankT1_2: autoDraw = False
36.8268 	EXP 	blankT2_1: autoDraw = True
37.8103 	EXP 	text_T2ask: autoDraw = True
37.8268 	EXP 	blankT2_1: autoDraw = False
39.8103 	EXP 	text_T2ask: autoDraw = False
39.8103 	EXP 	blankT2_2: autoDraw = True
40.7946 	EXP 	New trial (rep=0, index=3): {'T0': 'CAT', 'T2': 'XCHURCH', 'T1': 6666666.0, 'lagT0': 7, 'lagT1': 3, 'lagT2': 10, 'responseT1': 'j', 'responseT2': 'j', 'related': 0}
40.8104 	EXP 	blankT2_2: autoDraw = False
40.8104 	EXP 	blankT2_1: autoDraw = False
40.8104 	EXP 	text_T2ask: autoDraw = False
40.8104 	EXP 	blankT2_2: autoDraw = False
40.8104 	EXP 	context_word: height = 0.05
40.8104 	EXP 	context_word: height = 0.05
40.8104 	EXP 	context_word: height = 0.05
40.8104 	EXP 	context_word: text = 'CAT'
40.8104 	EXP 	context_word: autoDraw = True
41.8105 	EXP 	context_word: autoDraw = False
41.8105 	EXP 	blankContext: autoDraw = True
42.7948 	EXP 	Created sequence: sequential, trialTypes=1, nReps=10, seed=None
42.7950 	EXP 	New trial (rep=0, index=0): None
42.8105 	EXP 	blankContext: autoDraw = False
42.8105 	EXP 	context_word: autoDraw = False
42.8105 	EXP 	blankContext: autoDraw = False
42.8105 	EXP 	text_distr_T0: height = 0.05
42.8105 	EXP 	text_distr_T0: height = 0.05
42.8105 	EXP 	text_distr_T0: height = 0.05
42.8105 	EXP 	text_distr_T0: text = 'PSBCVDG'
42.8105 	EXP 	text_distr_T0: autoDraw = True
42.8438 	EXP 	text_distr_T0: autoDraw = False
42.8438 	EXP 	text_blank_distractors_T0: autoDraw = True
42.8780 	EXP 	New trial (rep=1, index=0): None
42.8938 	EXP 	text_blank_distractors_T0: autoDraw = False
42.8938 	EXP 	text_distr_T0: autoDraw = False
42.8938 	EXP 	text_blank_distractors_T0: autoDraw = False
42.8938 	EXP 	text_distr_T0: height = 0.05
42.8938 	EXP 	text_distr_T0: height = 0.05
42.8938 	EXP 	text_distr_T0: height = 0.05
42.8938 	EXP 	text_distr_T0: text = 'GPWVBYN'
42.8938 	EXP 	text_distr_T0: autoDraw = True
42.9272 	EXP 	text_distr_T0: autoDraw = False
42.9272 	EXP 	text_blank_distractors_T0: autoDraw = True
42.9613 	EXP 	New trial (rep=2, index=0): None
42.9772 	EXP 	text_blank_distractors_T0: autoDraw = False
42.9772 	EXP 	text_distr_T0: autoDraw = False
42.9772 	EXP 	text_blank_distractors_T0: autoDraw = False
42.9772 	EXP 	text_distr_T0: height = 0.05
42.9772 	EXP 	text_distr_T0: height = 0.05
42.9772 	EXP 	text_distr_T0: height = 0.05
42.9772 	EXP 	text_distr_T0: text = 'JNWMHSZ'
42.9772 	EXP 	text_distr_T0: autoDraw = True
43.0105 	EXP 	text_distr_T0: autoDraw = False
43.0105 	EXP 	text_blank_distractors_T0: autoDraw = True
43.0446 	EXP 	New trial (rep=3, index=0): None
43.0605 	EXP 	text_blank_distractors_T0: autoDraw = False
43.0605 	EXP 	text_distr_T0: autoDraw = False
43.0605 	EXP 	text_blank_distractors_T0: autoDraw = False
43.0605 	EXP 	text_distr_T0: height = 0.05
43.0605 	EXP 	text_distr_T0: height = 0.05
43.0605 	EXP 	text_distr_T0: height = 0.05
43.0605 	EXP 	text_distr_T0: text = 'RNWFHLX'
43.0605 	EXP 	text_distr_T0: autoDraw = True
43.0938 	EXP 	text_distr_T0: autoDraw = False
43.0938 	EXP 	text_blank_distractors_T0: autoDraw = True
43.1280 	EXP 	New trial (rep=4, index=0): None
43.1438 	EXP 	text_blank_distractors_T0: autoDraw = False
43.1438 	EXP 	text_distr_T0: autoDraw = False
43.1438 	EXP 	text_blank_distractors_T0: autoDraw = False
43.1438 	EXP 	text_distr_T0: height = 0.05
43.1438 	EXP 	text_distr_T0: height = 0.05
43.1438 	EXP 	text_distr_T0: height = 0.05
43.1438 	EXP 	text_distr_T0: text = 'CHDMZWR'
43.1438 	EXP 	text_distr_T0: autoDraw = True
43.1772 	EXP 	text_distr_T0: autoDraw = False
43.1772 	EXP 	text_blank_distractors_T0: autoDraw = True
43.2114 	EXP 	New trial (rep=5, index=0): None
43.2271 	EXP 	text_blank_distractors_T0: autoDraw = False
43.2271 	EXP 	text_distr_T0: autoDraw = False
43.2271 	EXP 	text_blank_distractors_T0: autoDraw = False
43.2271 	EXP 	text_distr_T0: height = 0.05
43.2271 	EXP 	text_distr_T0: height = 0.05
43.2271 	EXP 	text_distr_T0: height = 0.05
43.2271 	EXP 	text_distr_T0: text = 'QPGWNKL'
43.2271 	EXP 	text_distr_T0: autoDraw = True
43.2607 	EXP 	text_distr_T0: autoDraw = False
43.2607 	EXP 	text_blank_distractors_T0: autoDraw = True
43.3105 	EXP 	text_blank_distractors_T0: autoDraw = False
43.3105 	EXP 	text_distr_T0: autoDraw = False
43.3105 	EXP 	text_blank_distractors_T0: autoDraw = False
43.3105 	EXP 	text_T1: height = 0.05
43.3105 	EXP 	text_T1: height = 0.05
43.3105 	EXP 	text_T1: height = 0.05
43.3105 	EXP 	text_T1: text = '6666666'
43.3105 	EXP 	text_T1: autoDraw = True
43.3438 	EXP 	text_T1: autoDraw = False
43.3438 	EXP 	text_blank_number_T1: autoDraw = True
43.3780 	EXP 	Created sequence: sequential, trialTypes=1, nReps=7, seed=None
43.3782 	EXP 	New trial (rep=0, index=0): None
43.3939 	EXP 	text_blank_number_T1: autoDraw = False
43.3939 	EXP 	text_T1: autoDraw = False
43.3939 	EXP 	text_blank_number_T1: autoDraw = False
43.3939 	EXP 	text_distr_T1: height = 0.05
43.3939 	EXP 	text_distr_T1: height = 0.05
43.3939 	EXP 	text_distr_T1: height = 0.05
43.3939 	EXP 	text_distr_T1: text = 'HZJWPFM'
43.3939 	EXP 	text_distr_T1: autoDraw = True
43.4272 	EXP 	text_distr_T1: autoDraw = False
43.4272 	EXP 	text_blank_distractors_T1: autoDraw = True
43.4611 	EXP 	New trial (rep=1, index=0): None
43.4772 	EXP 	text_blank_distractors_T1: autoDraw = False
43.4772 	EXP 	text_distr_T1: autoDraw = False
43.4772 	EXP 	text_blank_distractors_T1: autoDraw = False
43.4772 	EXP 	text_distr_T1: height = 0.05
43.4772 	EXP 	text_distr_T1: height = 0.05
43.4772 	EXP 	text_distr_T1: height = 0.05
43.4772 	EXP 	text_distr_T1: text = 'MWCVDBK'
43.4772 	EXP 	text_distr_T1: autoDraw = True
43.5105 	EXP 	text_distr_T1: autoDraw = False
43.5105 	EXP 	text_blank_distractors_T1: autoDraw = True
43.5605 	EXP 	text_blank_distractors_T1: autoDraw = False
43.5605 	EXP 	text_distr_T1: autoDraw = False
43.5605 	EXP 	text_blank_distractors_T1: autoDraw = False
43.5605 	EXP 	text_T2: height = 0.05
43.5605 	EXP 	text_T2: height = 0.05
43.5605 	EXP 	text_T2: height = 0.05
43.5605 	EXP 	text_T2: text = 'XCHURCH'
43.5605 	EXP 	text_T2: autoDraw = True
43.5938 	EXP 	text_T2: autoDraw = False
43.5938 	EXP 	text_blank_T2_probe: autoDraw = True
43.6278 	EXP 	Created sequence: sequential, trialTypes=1, nReps=12, seed=None
43.6280 	EXP 	New trial (rep=0, index=0): None
43.6439 	EXP 	text_blank_T2_probe: autoDraw = False
43.6439 	EXP 	text_T2: autoDraw = False
43.6439 	EXP 	text_blank_T2_probe: autoDraw = False
43.6439 	EXP 	text_distr_T2: height = 0.05
43.6439 	EXP 	text_distr_T2: height = 0.05
43.6439 	EXP 	text_distr_T2: height = 0.05
43.6439 	EXP 	text_distr_T2: text = 'MWCVDBK'
43.6439 	EXP 	text_distr_T2: autoDraw = True
43.6773 	EXP 	text_distr_T2: autoDraw = False
43.6773 	EXP 	text_blank_distractors_T2: autoDraw = True
43.7112 	EXP 	New trial (rep=1, index=0): None
43.7272 	EXP 	text_blank_distractors_T2: autoDraw = False
43.7272 	EXP 	text_distr_T2: autoDraw = False
43.7272 	EXP 	text_blank_distractors_T2: autoDraw = False
43.7272 	EXP 	text_distr_T2: height = 0.05
43.7272 	EXP 	text_distr_T2: height = 0.05
43.7272 	EXP 	text_distr_T2: height = 0.05
43.7272 	EXP 	text_distr_T2: text = 'GWRYPVQ'
43.7272 	EXP 	text_distr_T2: autoDraw = True
43.7605 	EXP 	text_distr_T2: autoDraw = False
43.7605 	EXP 	text_blank_distractors_T2: autoDraw = True
43.7945 	EXP 	New trial (rep=2, index=0): None
43.8105 	EXP 	text_blank_distractors_T2: autoDraw = False
43.8105 	EXP 	text_distr_T2: autoDraw = False
43.8105 	EXP 	text_blank_distractors_T2: autoDraw = False
43.8105 	EXP 	text_distr_T2: height = 0.05
43.8105 	EXP 	text_distr_T2: height = 0.05
43.8105 	EXP 	text_distr_T2: height = 0.05
43.8105 	EXP 	text_distr_T2: text = 'MCKSTRN'
43.8105 	EXP 	text_distr_T2: autoDraw = True
43.8439 	EXP 	text_distr_T2: autoDraw = False
43.8439 	EXP 	text_blank_distractors_T2: autoDraw = True
43.8779 	EXP 	New trial (rep=3, index=0): None
43.8939 	EXP 	text_blank_distractors_T2: autoDraw = False
43.8939 	EXP 	text_distr_T2: autoDraw = False
43.8939 	EXP 	text_blank_distractors_T2: autoDraw = False
43.8939 	EXP 	text_distr_T2: height = 0.05
43.8939 	EXP 	text_distr_T2: height = 0.05
43.8939 	EXP 	text_distr_T2: height = 0.05
43.8939 	EXP 	text_distr_T2: text = 'VCTWJBR'
43.8939 	EXP 	text_distr_T2: autoDraw = True
43.9272 	EXP 	text_distr_T2: autoDraw = False
43.9272 	EXP 	text_blank_distractors_T2: autoDraw = True
43.9613 	EXP 	New trial (rep=4, index=0): None
43.9772 	EXP 	text_blank_distractors_T2: autoDraw = False
43.9772 	EXP 	text_distr_T2: autoDraw = False
43.9772 	EXP 	text_blank_distractors_T2: autoDraw = False
43.9772 	EXP 	text_distr_T2: height = 0.05
43.9772 	EXP 	text_distr_T2: height = 0.05
43.9772 	EXP 	text_distr_T2: height = 0.05
43.9772 	EXP 	text_distr_T2: text = 'NWXSCVT'
43.9772 	EXP 	text_distr_T2: autoDraw = True
44.0105 	EXP 	text_distr_T2: autoDraw = False
44.0105 	EXP 	text_blank_distractors_T2: autoDraw = True
44.0446 	EXP 	New trial (rep=5, index=0): None
44.0606 	EXP 	text_blank_distractors_T2: autoDraw = False
44.0606 	EXP 	text_distr_T2: autoDraw = False
44.0606 	EXP 	text_blank_distractors_T2: autoDraw = False
44.0606 	EXP 	text_distr_T2: height = 0.05
44.0606 	EXP 	text_distr_T2: height = 0.05
44.0606 	EXP 	text_distr_T2: height = 0.05
44.0606 	EXP 	text_distr_T2: text = 'DCRLZWY'
44.0606 	EXP 	text_distr_T2: autoDraw = True
44.0940 	EXP 	text_distr_T2: autoDraw = False
44.0940 	EXP 	text_blank_distractors_T2: autoDraw = True
44.1279 	EXP 	New trial (rep=6, index=0): None
44.1439 	EXP 	text_blank_distractors_T2: autoDraw = False
44.1439 	EXP 	text_distr_T2: autoDraw = False
44.1439 	EXP 	text_blank_distractors_T2: autoDraw = False
44.1439 	EXP 	text_distr_T2: height = 0.05
44.1439 	EXP 	text_distr_T2: height = 0.05
44.1439 	EXP 	text_distr_T2: height = 0.05
44.1439 	EXP 	text_distr_T2: text = 'GYHTMJW'
44.1439 	EXP 	text_distr_T2: autoDraw = True
44.1772 	EXP 	text_distr_T2: autoDraw = False
44.1772 	EXP 	text_blank_distractors_T2: autoDraw = True
44.2112 	EXP 	New trial (rep=7, index=0): None
44.2272 	EXP 	text_blank_distractors_T2: autoDraw = False
44.2272 	EXP 	text_distr_T2: autoDraw = False
44.2272 	EXP 	text_blank_distractors_T2: autoDraw = False
44.2272 	EXP 	text_distr_T2: height = 0.05
44.2272 	EXP 	text_distr_T2: height = 0.05
44.2272 	EXP 	text_distr_T2: height = 0.05
44.2272 	EXP 	text_distr_T2: text = 'XGZBPNQ'
44.2272 	EXP 	text_distr_T2: autoDraw = True
44.2605 	EXP 	text_distr_T2: autoDraw = False
44.2605 	EXP 	text_blank_distractors_T2: autoDraw = True
44.2946 	EXP 	New trial (rep=8, index=0): None
44.3106 	EXP 	text_blank_distractors_T2: autoDraw = False
44.3106 	EXP 	text_distr_T2: autoDraw = False
44.3106 	EXP 	text_blank_distractors_T2: autoDraw = False
44.3106 	EXP 	text_distr_T2: height = 0.05
44.3106 	EXP 	text_distr_T2: height = 0.05
44.3106 	EXP 	text_distr_T2: height = 0.05
44.3106 	EXP 	text_distr_T2: text = 'NFWJPTG'
44.3106 	EXP 	text_distr_T2: autoDraw = True
44.3439 	EXP 	text_distr_T2: autoDraw = False
44.3439 	EXP 	text_blank_distractors_T2: autoDraw = True
44.3781 	EXP 	New trial (rep=9, index=0): None
44.3940 	EXP 	text_blank_distractors_T2: autoDraw = False
44.3940 	EXP 	text_distr_T2: autoDraw = False
44.3940 	EXP 	text_blank_distractors_T2: autoDraw = False
44.3940 	EXP 	text_distr_T2: height = 0.05
44.3940 	EXP 	text_distr_T2: height = 0.05
44.3940 	EXP 	text_distr_T2: height = 0.05
44.3940 	EXP 	text_distr_T2: text = 'TFJGLDX'
44.3940 	EXP 	text_distr_T2: autoDraw = True
44.4273 	EXP 	text_distr_T2: autoDraw = False
44.4273 	EXP 	text_blank_distractors_T2: autoDraw = True
44.4774 	EXP 	text_blank_distractors_T2: autoDraw = False
44.4774 	EXP 	text_distr_T2: autoDraw = False
44.4774 	EXP 	text_blank_distractors_T2: autoDraw = False
44.4774 	EXP 	blankT1_1: autoDraw = False
44.4774 	EXP 	text_T1ask: autoDraw = False
44.4774 	EXP 	blankT1_2: autoDraw = False
44.4774 	EXP 	blankT2_1: autoDraw = True
45.4606 	EXP 	text_T2ask: autoDraw = True
45.4773 	EXP 	blankT2_1: autoDraw = False
47.4609 	EXP 	text_T2ask: autoDraw = False
47.4609 	EXP 	blankT2_2: autoDraw = True
48.4450 	EXP 	New trial (rep=0, index=4): {'T0': 'TASTE', 'T2': 'XSMELLX', 'T1': 8888888.0, 'lagT0': 7, 'lagT1': 1, 'lagT2': 12, 'responseT1': 'j', 'responseT2': 'f', 'related': 1}
48.4608 	EXP 	blankT2_2: autoDraw = False
48.4608 	EXP 	blankT2_1: autoDraw = False
48.4608 	EXP 	text_T2ask: autoDraw = False
48.4608 	EXP 	blankT2_2: autoDraw = False
48.4608 	EXP 	context_word: height = 0.05
48.4608 	EXP 	context_word: height = 0.05
48.4608 	EXP 	context_word: height = 0.05
48.4608 	EXP 	context_word: text = 'TASTE'
48.4608 	EXP 	context_word: autoDraw = True
49.4609 	EXP 	context_word: autoDraw = False
49.4609 	EXP 	blankContext: autoDraw = True
50.4450 	EXP 	Created sequence: sequential, trialTypes=1, nReps=10, seed=None
50.4452 	EXP 	New trial (rep=0, index=0): None
50.4609 	EXP 	blankContext: autoDraw = False
50.4609 	EXP 	context_word: autoDraw = False
50.4609 	EXP 	blankContext: autoDraw = False
50.4609 	EXP 	text_distr_T0: height = 0.05
50.4609 	EXP 	text_distr_T0: height = 0.05
50.4609 	EXP 	text_distr_T0: height = 0.05
50.4609 	EXP 	text_distr_T0: text = 'LNYXGCH'
50.4609 	EXP 	text_distr_T0: autoDraw = True
50.4942 	EXP 	text_distr_T0: autoDraw = False
50.4942 	EXP 	text_blank_distractors_T0: autoDraw = True
50.5283 	EXP 	New trial (rep=1, index=0): None
50.5443 	EXP 	text_blank_distractors_T0: autoDraw = False
50.5443 	EXP 	text_distr_T0: autoDraw = False
50.5443 	EXP 	text_blank_distractors_T0: autoDraw = False
50.5443 	EXP 	text_distr_T0: height = 0.05
50.5443 	EXP 	text_distr_T0: height = 0.05
50.5443 	EXP 	text_distr_T0: height = 0.05
50.5443 	EXP 	text_distr_T0: text = 'PZJFTMG'
50.5443 	EXP 	text_distr_T0: autoDraw = True
50.5776 	EXP 	text_distr_T0: autoDraw = False
50.5776 	EXP 	text_blank_distractors_T0: autoDraw = True
50.6117 	EXP 	New trial (rep=2, index=0): None
50.6276 	EXP 	text_blank_distractors_T0: autoDraw = False
50.6276 	EXP 	text_distr_T0: autoDraw = False
50.6276 	EXP 	text_blank_distractors_T0: autoDraw = False
50.6276 	EXP 	text_distr_T0: height = 0.05
50.6276 	EXP 	text_distr_T0: height = 0.05
50.6276 	EXP 	text_distr_T0: height = 0.05
50.6276 	EXP 	text_distr_T0: text = 'JNQSCRY'
50.6276 	EXP 	text_distr_T0: autoDraw = True
50.6613 	EXP 	text_distr_T0: autoDraw = False
50.6613 	EXP 	text_blank_distractors_T0: autoDraw = True
50.6951 	EXP 	New trial (rep=3, index=0): None
50.7109 	EXP 	text_blank_distractors_T0: autoDraw = False
50.7109 	EXP 	text_distr_T0: autoDraw = False
50.7109 	EXP 	text_blank_distractors_T0: autoDraw = False
50.7109 	EXP 	text_distr_T0: height = 0.05
50.7109 	EXP 	text_distr_T0: height = 0.05
50.7109 	EXP 	text_distr_T0: height = 0.05
50.7109 	EXP 	text_distr_T0: text = 'SQCYJWD'
50.7109 	EXP 	text_distr_T0: autoDraw = True
50.7443 	EXP 	text_distr_T0: autoDraw = False
50.7443 	EXP 	text_blank_distractors_T0: autoDraw = True
50.7784 	EXP 	New trial (rep=4, index=0): None
50.7943 	EXP 	text_blank_distractors_T0: autoDraw = False
50.7943 	EXP 	text_distr_T0: autoDraw = False
50.7943 	EXP 	text_blank_distractors_T0: autoDraw = False
50.7943 	EXP 	text_distr_T0: height = 0.05
50.7943 	EXP 	text_distr_T0: height = 0.05
50.7943 	EXP 	text_distr_T0: height = 0.05
50.7943 	EXP 	text_distr_T0: text = 'GTMVFYP'
50.7943 	EXP 	text_distr_T0: autoDraw = True
50.8279 	EXP 	text_distr_T0: autoDraw = False
50.8279 	EXP 	text_blank_distractors_T0: autoDraw = True
50.8617 	EXP 	New trial (rep=5, index=0): None
50.8777 	EXP 	text_blank_distractors_T0: autoDraw = False
50.8777 	EXP 	text_distr_T0: autoDraw = False
50.8777 	EXP 	text_blank_distractors_T0: autoDraw = False
50.8777 	EXP 	text_distr_T0: height = 0.05
50.8777 	EXP 	text_distr_T0: height = 0.05
50.8777 	EXP 	text_distr_T0: height = 0.05
50.8777 	EXP 	text_distr_T0: text = 'CWTJVFP'
50.8777 	EXP 	text_distr_T0: autoDraw = True
50.9110 	EXP 	text_distr_T0: autoDraw = False
50.9110 	EXP 	text_blank_distractors_T0: autoDraw = True
50.9610 	EXP 	text_blank_distractors_T0: autoDraw = False
50.9610 	EXP 	text_distr_T0: autoDraw = False
50.9610 	EXP 	text_blank_distractors_T0: autoDraw = False
50.9610 	EXP 	text_T1: height = 0.05
50.9610 	EXP 	text_T1: height = 0.05
50.9610 	EXP 	text_T1: height = 0.05
50.9610 	EXP 	text_T1: text = '8888888'
50.9610 	EXP 	text_T1: autoDraw = True
50.9944 	EXP 	text_T1: autoDraw = False
50.9944 	EXP 	text_blank_number_T1: autoDraw = True
51.0283 	EXP 	Created sequence: sequential, trialTypes=1, nReps=7, seed=None
51.0284 	EXP 	New trial (rep=0, index=0): None
51.0443 	EXP 	text_blank_number_T1: autoDraw = False
51.0443 	EXP 	text_T1: autoDraw = False
51.0443 	EXP 	text_blank_number_T1: autoDraw = False
51.0443 	EXP 	text_distr_T1: height = 0.05
51.0443 	EXP 	text_distr_T1: height = 0.05
51.0443 	EXP 	text_distr_T1: height = 0.05
51.0443 	EXP 	text_distr_T1: text = 'SBTGRDP'
51.0443 	EXP 	text_distr_T1: autoDraw = False
51.0443 	EXP 	text_blank_distractors_T1: autoDraw = False
51.0443 	EXP 	text_T2: height = 0.05
51.0443 	EXP 	text_T2: height = 0.05
51.0443 	EXP 	text_T2: height = 0.05
51.0443 	EXP 	text_T2: text = 'XSMELLX'
51.0443 	EXP 	text_T2: autoDraw = True
51.0776 	EXP 	text_T2: autoDraw = False
51.0776 	EXP 	text_blank_T2_probe: autoDraw = True
51.1118 	EXP 	Created sequence: sequential, trialTypes=1, nReps=12, seed=None
51.1120 	EXP 	New trial (rep=0, index=0): None
51.1276 	EXP 	text_blank_T2_probe: autoDraw = False
51.1276 	EXP 	text_T2: autoDraw = False
51.1276 	EXP 	text_blank_T2_probe: autoDraw = False
51.1276 	EXP 	text_distr_T2: height = 0.05
51.1276 	EXP 	text_distr_T2: height = 0.05
51.1276 	EXP 	text_distr_T2: height = 0.05
51.1276 	EXP 	text_distr_T2: text = 'SBTGRDP'
51.1276 	EXP 	text_distr_T2: autoDraw = True
51.1610 	EXP 	text_distr_T2: autoDraw = False
51.1610 	EXP 	text_blank_distractors_T2: autoDraw = True
51.1950 	EXP 	New trial (rep=1, index=0): None
51.2110 	EXP 	text_blank_distractors_T2: autoDraw = False
51.2110 	EXP 	text_distr_T2: autoDraw = False
51.2110 	EXP 	text_blank_distractors_T2: autoDraw = False
51.2110 	EXP 	text_distr_T2: height = 0.05
51.2110 	EXP 	text_distr_T2: height = 0.05
51.2110 	EXP 	text_distr_T2: height = 0.05
51.2110 	EXP 	text_distr_T2: text = 'THZWLKG'
51.2110 	EXP 	text_distr_T2: autoDraw = True
51.2443 	EXP 	text_distr_T2: autoDraw = False
51.2443 	EXP 	text_blank_distractors_T2: autoDraw = True
51.2784 	EXP 	New trial (rep=2, index=0): None
51.2943 	EXP 	text_blank_distractors_T2: autoDraw = False
51.2943 	EXP 	text_distr_T2: autoDraw = False
51.2943 	EXP 	text_blank_distractors_T2: autoDraw = False
51.2943 	EXP 	text_distr_T2: height = 0.05
51.2943 	EXP 	text_distr_T2: height = 0.05
51.2943 	EXP 	text_distr_T2: height = 0.05
51.2943 	EXP 	text_distr_T2: text = 'LYRJVZN'
51.2943 	EXP 	text_distr_T2: autoDraw = True
51.3279 	EXP 	text_distr_T2: autoDraw = False
51.3279 	EXP 	text_blank_distractors_T2: autoDraw = True
51.3617 	EXP 	New trial (rep=3, index=0): None
51.3776 	EXP 	text_blank_distractors_T2: autoDraw = False
51.3776 	EXP 	text_distr_T2: autoDraw = False
51.3776 	EXP 	text_blank_distractors_T2: autoDraw = False
51.3776 	EXP 	text_distr_T2: height = 0.05
51.3776 	EXP 	text_distr_T2: height = 0.05
51.3776 	EXP 	text_distr_T2: height = 0.05
51.3776 	EXP 	text_distr_T2: text = 'FWVPSZT'
51.3776 	EXP 	text_distr_T2: autoDraw = True
51.4110 	EXP 	text_distr_T2: autoDraw = False
51.4110 	EXP 	text_blank_distractors_T2: autoDraw = True
51.4449 	EXP 	New trial (rep=4, index=0): None
51.4610 	EXP 	text_blank_distractors_T2: autoDraw = False
51.4610 	EXP 	text_distr_T2: autoDraw = False
51.4610 	EXP 	text_blank_distractors_T2: autoDraw = False
51.4610 	EXP 	text_distr_T2: height = 0.05
51.4610 	EXP 	text_distr_T2: height = 0.05
51.4610 	EXP 	text_distr_T2: height = 0.05
51.4610 	EXP 	text_distr_T2: text = 'LGKPHCJ'
51.4610 	EXP 	text_distr_T2: autoDraw = True
51.4943 	EXP 	text_distr_T2: autoDraw = False
51.4943 	EXP 	text_blank_distractors_T2: autoDraw = True
51.5283 	EXP 	New trial (rep=5, index=0): None
51.5443 	EXP 	text_blank_distractors_T2: autoDraw = False
51.5443 	EXP 	text_distr_T2: autoDraw = False
51.5443 	EXP 	text_blank_distractors_T2: autoDraw = False
51.5443 	EXP 	text_distr_T2: height = 0.05
51.5443 	EXP 	text_distr_T2: height = 0.05
51.5443 	EXP 	text_distr_T2: height = 0.05
51.5443 	EXP 	text_distr_T2: text = 'HPGTWKV'
51.5443 	EXP 	text_distr_T2: autoDraw = True
51.5776 	EXP 	text_distr_T2: autoDraw = False
51.5776 	EXP 	text_blank_distractors_T2: autoDraw = True
51.6118 	EXP 	New trial (rep=6, index=0): None
51.6277 	EXP 	text_blank_distractors_T2: autoDraw = False
51.6277 	EXP 	text_distr_T2: autoDraw = False
51.6277 	EXP 	text_blank_distractors_T2: autoDraw = False
51.6277 	EXP 	text_distr_T2: height = 0.05
51.6277 	EXP 	text_distr_T2: height = 0.05
51.6277 	EXP 	text_distr_T2: height = 0.05
51.6277 	EXP 	text_distr_T2: text = 'DYSNXTW'
51.6277 	EXP 	text_distr_T2: autoDraw = True
51.6611 	EXP 	text_distr_T2: autoDraw = False
51.6611 	EXP 	text_blank_distractors_T2: autoDraw = True
51.6950 	EXP 	New trial (rep=7, index=0): None
51.7110 	EXP 	text_blank_distractors_T2: autoDraw = False
51.7110 	EXP 	text_distr_T2: autoDraw = False
51.7110 	EXP 	text_blank_distractors_T2: autoDraw = False
51.7110 	EXP 	text_distr_T2: height = 0.05
51.7110 	EXP 	text_distr_T2: height = 0.05
51.7110 	EXP 	text_distr_T2: height = 0.05
51.7110 	EXP 	text_distr_T2: text = 'CYVWBHS'
51.7110 	EXP 	text_distr_T2: autoDraw = True
51.7443 	EXP 	text_distr_T2: autoDraw = False
51.7443 	EXP 	text_blank_distractors_T2: autoDraw = True
51.7785 	EXP 	New trial (rep=8, index=0): None
51.7943 	EXP 	text_blank_distractors_T2: autoDraw = False
51.7943 	EXP 	text_distr_T2: autoDraw = False
51.7943 	EXP 	text_blank_distractors_T2: autoDraw = False
51.7943 	EXP 	text_distr_T2: height = 0.05
51.7943 	EXP 	text_distr_T2: height = 0.05
51.7943 	EXP 	text_distr_T2: height = 0.05
51.7943 	EXP 	text_distr_T2: text = 'BMGWYJK'
51.7943 	EXP 	text_distr_T2: autoDraw = True
51.8277 	EXP 	text_distr_T2: autoDraw = False
51.8277 	EXP 	text_blank_distractors_T2: autoDraw = True
51.8618 	EXP 	New trial (rep=9, index=0): None
51.8777 	EXP 	text_blank_distractors_T2: autoDraw = False
51.8777 	EXP 	text_distr_T2: autoDraw = False
51.8777 	EXP 	text_blank_distractors_T2: autoDraw = False
51.8777 	EXP 	text_distr_T2: height = 0.05
51.8777 	EXP 	text_distr_T2: height = 0.05
51.8777 	EXP 	text_distr_T2: height = 0.05
51.8777 	EXP 	text_distr_T2: text = 'PWNZMBF'
51.8777 	EXP 	text_distr_T2: autoDraw = True
51.9110 	EXP 	text_distr_T2: autoDraw = False
51.9110 	EXP 	text_blank_distractors_T2: autoDraw = True
51.9451 	EXP 	New trial (rep=10, index=0): None
51.9611 	EXP 	text_blank_distractors_T2: autoDraw = False
51.9611 	EXP 	text_distr_T2: autoDraw = False
51.9611 	EXP 	text_blank_distractors_T2: autoDraw = False
51.9611 	EXP 	text_distr_T2: height = 0.05
51.9611 	EXP 	text_distr_T2: height = 0.05
51.9611 	EXP 	text_distr_T2: height = 0.05
51.9611 	EXP 	text_distr_T2: text = 'HSXNKQJ'
51.9611 	EXP 	text_distr_T2: autoDraw = True
51.9943 	EXP 	text_distr_T2: autoDraw = False
51.9943 	EXP 	text_blank_distractors_T2: autoDraw = True
52.0286 	EXP 	New trial (rep=11, index=0): None
52.0443 	EXP 	text_blank_distractors_T2: autoDraw = False
52.0443 	EXP 	text_distr_T2: autoDraw = False
52.0443 	EXP 	text_blank_distractors_T2: autoDraw = False
52.0443 	EXP 	text_distr_T2: height = 0.05
52.0443 	EXP 	text_distr_T2: height = 0.05
52.0443 	EXP 	text_distr_T2: height = 0.05
52.0443 	EXP 	text_distr_T2: text = 'MWDFCTV'
52.0443 	EXP 	text_distr_T2: autoDraw = True
52.0777 	EXP 	text_distr_T2: autoDraw = False
52.0777 	EXP 	text_blank_distractors_T2: autoDraw = True
52.1279 	EXP 	text_blank_distractors_T2: autoDraw = False
52.1279 	EXP 	text_distr_T2: autoDraw = False
52.1279 	EXP 	text_blank_distractors_T2: autoDraw = False
52.1279 	EXP 	blankT1_1: autoDraw = False
52.1279 	EXP 	text_T1ask: autoDraw = False
52.1279 	EXP 	blankT1_2: autoDraw = False
52.1279 	EXP 	blankT2_1: autoDraw = True
53.1113 	EXP 	text_T2ask: autoDraw = True
53.1277 	EXP 	blankT2_1: autoDraw = False
55.1111 	EXP 	text_T2ask: autoDraw = False
55.1111 	EXP 	blankT2_2: autoDraw = True
56.0956 	EXP 	New trial (rep=0, index=5): {'T0': 'BED', 'T2': 'XLATINX', 'T1': 9999999.0, 'lagT0': 7, 'lagT1': 1, 'lagT2': 12, 'responseT1': 'f', 'responseT2': 'j', 'related': 0}
56.1112 	EXP 	blankT2_2: autoDraw = False
56.1112 	EXP 	blankT2_1: autoDraw = False
56.1112 	EXP 	text_T2ask: autoDraw = False
56.1112 	EXP 	blankT2_2: autoDraw = False
56.1112 	EXP 	context_word: height = 0.05
56.1112 	EXP 	context_word: height = 0.05
56.1112 	EXP 	context_word: height = 0.05
56.1112 	EXP 	context_word: text = 'BED'
56.1112 	EXP 	context_word: autoDraw = True
57.1116 	EXP 	context_word: autoDraw = False
57.1116 	EXP 	blankContext: autoDraw = True
58.0953 	EXP 	Created sequence: sequential, trialTypes=1, nReps=10, seed=None
58.0955 	EXP 	New trial (rep=0, index=0): None
58.1113 	EXP 	blankContext: autoDraw = False
58.1113 	EXP 	context_word: autoDraw = False
58.1113 	EXP 	blankContext: autoDraw = False
58.1113 	EXP 	text_distr_T0: height = 0.05
58.1113 	EXP 	text_distr_T0: height = 0.05
58.1113 	EXP 	text_distr_T0: height = 0.05
58.1113 	EXP 	text_distr_T0: text = 'KGTFSHB'
58.1113 	EXP 	text_distr_T0: autoDraw = True
58.1447 	EXP 	text_distr_T0: autoDraw = False
58.1447 	EXP 	text_blank_distractors_T0: autoDraw = True
58.1788 	EXP 	New trial (rep=1, index=0): None
58.1947 	EXP 	text_blank_distractors_T0: autoDraw = False
58.1947 	EXP 	text_distr_T0: autoDraw = False
58.1947 	EXP 	text_blank_distractors_T0: autoDraw = False
58.1947 	EXP 	text_distr_T0: height = 0.05
58.1947 	EXP 	text_distr_T0: height = 0.05
58.1947 	EXP 	text_distr_T0: height = 0.05
58.1947 	EXP 	text_distr_T0: text = 'FTLKJVS'
58.1947 	EXP 	text_distr_T0: autoDraw = True
58.2282 	EXP 	text_distr_T0: autoDraw = False
58.2282 	EXP 	text_blank_distractors_T0: autoDraw = True
58.2619 	EXP 	New trial (rep=2, index=0): None
58.2780 	EXP 	text_blank_distractors_T0: autoDraw = False
58.2780 	EXP 	text_distr_T0: autoDraw = False
58.2780 	EXP 	text_blank_distractors_T0: autoDraw = False
58.2780 	EXP 	text_distr_T0: height = 0.05
58.2780 	EXP 	text_distr_T0: height = 0.05
58.2780 	EXP 	text_distr_T0: height = 0.05
58.2780 	EXP 	text_distr_T0: text = 'LMTCYSF'
58.2780 	EXP 	text_distr_T0: autoDraw = True
58.3114 	EXP 	text_distr_T0: autoDraw = False
58.3114 	EXP 	text_blank_distractors_T0: autoDraw = True
58.3454 	EXP 	New trial (rep=3, index=0): None
58.3614 	EXP 	text_blank_distractors_T0: autoDraw = False
58.3614 	EXP 	text_distr_T0: autoDraw = False
58.3614 	EXP 	text_blank_distractors_T0: autoDraw = False
58.3614 	EXP 	text_distr_T0: height = 0.05
58.3614 	EXP 	text_distr_T0: height = 0.05
58.3614 	EXP 	text_distr_T0: height = 0.05
58.3614 	EXP 	text_distr_T0: text = 'QCPRMKH'
58.3614 	EXP 	text_distr_T0: autoDraw = True
58.3948 	EXP 	text_distr_T0: autoDraw = False
58.3948 	EXP 	text_blank_distractors_T0: autoDraw = True
58.4290 	EXP 	New trial (rep=4, index=0): None
58.4447 	EXP 	text_blank_distractors_T0: autoDraw = False
58.4447 	EXP 	text_distr_T0: autoDraw = False
58.4447 	EXP 	text_blank_distractors_T0: autoDraw = False
58.4447 	EXP 	text_distr_T0: height = 0.05
58.4447 	EXP 	text_distr_T0: height = 0.05
58.4447 	EXP 	text_distr_T0: height = 0.05
58.4447 	EXP 	text_distr_T0: text = 'YBPHZRJ'
58.4447 	EXP 	text_distr_T0: autoDraw = True
58.4781 	EXP 	text_distr_T0: autoDraw = False
58.4781 	EXP 	text_blank_distractors_T0: autoDraw = True
58.5119 	EXP 	New trial (rep=5, index=0): None
58.5282 	EXP 	text_blank_distractors_T0: autoDraw = False
58.5282 	EXP 	text_distr_T0: autoDraw = False
58.5282 	EXP 	text_blank_distractors_T0: autoDraw = False
58.5282 	EXP 	text_distr_T0: height = 0.05
58.5282 	EXP 	text_distr_T0: height = 0.05
58.5282 	EXP 	text_distr_T0: height = 0.05
58.5282 	EXP 	text_distr_T0: text = 'ZLNBFRP'
58.5282 	EXP 	text_distr_T0: autoDraw = True
58.5614 	EXP 	text_distr_T0: autoDraw = False
58.5614 	EXP 	text_blank_distractors_T0: autoDraw = True
58.6115 	EXP 	text_blank_distractors_T0: autoDraw = False
58.6115 	EXP 	text_distr_T0: autoDraw = False
58.6115 	EXP 	text_blank_distractors_T0: autoDraw = False
58.6115 	EXP 	text_T1: height = 0.05
58.6115 	EXP 	text_T1: height = 0.05
58.6115 	EXP 	text_T1: height = 0.05
58.6115 	EXP 	text_T1: text = '9999999'
58.6115 	EXP 	text_T1: autoDraw = True
58.6448 	EXP 	text_T1: autoDraw = False
58.6448 	EXP 	text_blank_number_T1: autoDraw = True
58.6788 	EXP 	Created sequence: sequential, trialTypes=1, nReps=7, seed=None
58.6790 	EXP 	New trial (rep=0, index=0): None
58.6947 	EXP 	text_blank_number_T1: autoDraw = False
58.6947 	EXP 	text_T1: autoDraw = False
58.6947 	EXP 	text_blank_number_T1: autoDraw = False
58.6947 	EXP 	text_distr_T1: height = 0.05
58.6947 	EXP 	text_distr_T1: height = 0.05
58.6947 	EXP 	text_distr_T1: height = 0.05
58.6947 	EXP 	text_distr_T1: text = 'XLCVDPZ'
58.6947 	EXP 	text_distr_T1: autoDraw = False
58.6947 	EXP 	text_blank_distractors_T1: autoDraw = False
58.6947 	EXP 	text_T2: height = 0.05
58.6947 	EXP 	text_T2: height = 0.05
58.6947 	EXP 	text_T2: height = 0.05
58.6947 	EXP 	text_T2: text = 'XLATINX'
58.6947 	EXP 	text_T2: autoDraw = True
58.7282 	EXP 	text_T2: autoDraw = False
58.7282 	EXP 	text_blank_T2_probe: autoDraw = True
58.7621 	EXP 	Created sequence: sequential, trialTypes=1, nReps=12, seed=None
58.7623 	EXP 	New trial (rep=0, index=0): None
58.7780 	EXP 	text_blank_T2_probe: autoDraw = False
58.7780 	EXP 	text_T2: autoDraw = False
58.7780 	EXP 	text_blank_T2_probe: autoDraw = False
58.7780 	EXP 	text_distr_T2: height = 0.05
58.7780 	EXP 	text_distr_T2: height = 0.05
58.7780 	EXP 	text_distr_T2: height = 0.05
58.7780 	EXP 	text_distr_T2: text = 'XLCVDPZ'
58.7780 	EXP 	text_distr_T2: autoDraw = True
58.8118 	EXP 	text_distr_T2: autoDraw = False
58.8118 	EXP 	text_blank_distractors_T2: autoDraw = True
58.8457 	EXP 	New trial (rep=1, index=0): None
58.8614 	EXP 	text_blank_distractors_T2: autoDraw = False
58.8614 	EXP 	text_distr_T2: autoDraw = False
58.8614 	EXP 	text_blank_distractors_T2: autoDraw = False
58.8614 	EXP 	text_distr_T2: height = 0.05
58.8614 	EXP 	text_distr_T2: height = 0.05
58.8614 	EXP 	text_distr_T2: height = 0.05
58.8614 	EXP 	text_distr_T2: text = 'SKNHZJL'
58.8614 	EXP 	text_distr_T2: autoDraw = True
58.8947 	EXP 	text_distr_T2: autoDraw = False
58.8947 	EXP 	text_blank_distractors_T2: autoDraw = True
58.9290 	EXP 	New trial (rep=2, index=0): None
58.9447 	EXP 	text_blank_distractors_T2: autoDraw = False
58.9447 	EXP 	text_distr_T2: autoDraw = False
58.9447 	EXP 	text_blank_distractors_T2: autoDraw = False
58.9447 	EXP 	text_distr_T2: height = 0.05
58.9447 	EXP 	text_distr_T2: height = 0.05
58.9447 	EXP 	text_distr_T2: height = 0.05
58.9447 	EXP 	text_distr_T2: text = 'QKLGBCW'
58.9447 	EXP 	text_distr_T2: autoDraw = True
58.9781 	EXP 	text_distr_T2: autoDraw = False
58.9781 	EXP 	text_blank_distractors_T2: autoDraw = True
59.0122 	EXP 	New trial (rep=3, index=0): None
59.0280 	EXP 	text_blank_distractors_T2: autoDraw = False
59.0280 	EXP 	text_distr_T2: autoDraw = False
59.0280 	EXP 	text_blank_distractors_T2: autoDraw = False
59.0280 	EXP 	text_distr_T2: height = 0.05
59.0280 	EXP 	text_distr_T2: height = 0.05
59.0280 	EXP 	text_distr_T2: height = 0.05
59.0280 	EXP 	text_distr_T2: text = 'QHLWKFR'
59.0280 	EXP 	text_distr_T2: autoDraw = True
59.0614 	EXP 	text_distr_T2: autoDraw = False
59.0614 	EXP 	text_blank_distractors_T2: autoDraw = True
59.0956 	EXP 	New trial (rep=4, index=0): None
59.1114 	EXP 	text_blank_distractors_T2: autoDraw = False
59.1114 	EXP 	text_distr_T2: autoDraw = False
59.1114 	EXP 	text_blank_distractors_T2: autoDraw = False
59.1114 	EXP 	text_distr_T2: height = 0.05
59.1114 	EXP 	text_distr_T2: height = 0.05
59.1114 	EXP 	text_distr_T2: height = 0.05
59.1114 	EXP 	text_distr_T2: text = 'KBXLPQD'
59.1114 	EXP 	text_distr_T2: autoDraw = True
59.1450 	EXP 	text_distr_T2: autoDraw = False
59.1450 	EXP 	text_blank_distractors_T2: autoDraw = True
59.1789 	EXP 	New trial (rep=5, index=0): None
59.1948 	EXP 	text_blank_distractors_T2: autoDraw = False
59.1948 	EXP 	text_distr_T2: autoDraw = False
59.1948 	EXP 	text_blank_distractors_T2: autoDraw = False
59.1948 	EXP 	text_distr_T2: height = 0.05
59.1948 	EXP 	text_distr_T2: height = 0.05
59.1948 	EXP 	text_distr_T2: height = 0.05
59.1948 	EXP 	text_distr_T2: text = 'BRDYFKZ'
59.1948 	EXP 	text_distr_T2: autoDraw = True
59.2281 	EXP 	text_distr_T2: autoDraw = False
59.2281 	EXP 	text_blank_distractors_T2: autoDraw = True
59.2621 	EXP 	New trial (rep=6, index=0): None
59.2781 	EXP 	text_blank_distractors_T2: autoDraw = False
59.2781 	EXP 	text_distr_T2: autoDraw = False
59.2781 	EXP 	text_blank_distractors_T2: autoDraw = False
59.2781 	EXP 	text_distr_T2: height = 0.05
59.2781 	EXP 	text_distr_T2: height = 0.05
59.2781 	EXP 	text_distr_T2: height = 0.05
59.2781 	EXP 	text_distr_T2: text = 'XNBHTMW'
59.2781 	EXP 	text_distr_T2: autoDraw = True
59.3114 	EXP 	text_distr_T2: autoDraw = False
59.3114 	EXP 	text_blank_distractors_T2: autoDraw = True
59.3456 	EXP 	New trial (rep=7, index=0): None
59.3615 	EXP 	text_blank_distractors_T2: autoDraw = False
59.3615 	EXP 	text_distr_T2: autoDraw = False
59.3615 	EXP 	text_blank_distractors_T2: autoDraw = False
59.3615 	EXP 	text_distr_T2: height = 0.05
59.3615 	EXP 	text_distr_T2: height = 0.05
59.3615 	EXP 	text_distr_T2: height = 0.05
59.3615 	EXP 	text_distr_T2: text = 'RSKFVQP'
59.3615 	EXP 	text_distr_T2: autoDraw = True
59.3948 	EXP 	text_distr_T2: autoDraw = False
59.3948 	EXP 	text_blank_distractors_T2: autoDraw = True
59.4288 	EXP 	New trial (rep=8, index=0): None
59.4447 	EXP 	text_blank_distractors_T2: autoDraw = False
59.4447 	EXP 	text_distr_T2: autoDraw = False
59.4447 	EXP 	text_blank_distractors_T2: autoDraw = False
59.4447 	EXP 	text_distr_T2: height = 0.05
59.4447 	EXP 	text_distr_T2: height = 0.05
59.4447 	EXP 	text_distr_T2: height = 0.05
59.4447 	EXP 	text_distr_T2: text = 'DNRXQLS'
59.4447 	EXP 	text_distr_T2: autoDraw = True
59.4781 	EXP 	text_distr_T2: autoDraw = False
59.4781 	EXP 	text_blank_distractors_T2: autoDraw = True
59.5124 	EXP 	New trial (rep=9, index=0): None
59.5286 	EXP 	text_blank_distractors_T2: autoDraw = False
59.5286 	EXP 	text_distr_T2: autoDraw = False
59.5286 	EXP 	text_blank_distractors_T2: autoDraw = False
59.5286 	EXP 	text_distr_T2: height = 0.05
59.5286 	EXP 	text_distr_T2: height = 0.05
59.5286 	EXP 	text_distr_T2: height = 0.05
59.5286 	EXP 	text_distr_T2: text = 'KDTYLWN'
59.5286 	EXP 	text_distr_T2: autoDraw = True
59.5614 	EXP 	text_distr_T2: autoDraw = False
59.5614 	EXP 	text_blank_distractors_T2: autoDraw = True
59.5954 	EXP 	New trial (rep=10, index=0): None
59.6114 	EXP 	text_blank_distractors_T2: autoDraw = False
59.6114 	EXP 	text_distr_T2: autoDraw = False
59.6114 	EXP 	text_blank_distractors_T2: autoDraw = False
59.6114 	EXP 	text_distr_T2: height = 0.05
59.6114 	EXP 	text_distr_T2: height = 0.05
59.6114 	EXP 	text_distr_T2: height = 0.05
59.6114 	EXP 	text_distr_T2: text = 'XKHJYQW'
59.6114 	EXP 	text_distr_T2: autoDraw = True
59.6447 	EXP 	text_distr_T2: autoDraw = False
59.6447 	EXP 	text_blank_distractors_T2: autoDraw = True
59.6787 	EXP 	New trial (rep=11, index=0): None
59.6947 	EXP 	text_blank_distractors_T2: autoDraw = False
59.6947 	EXP 	text_distr_T2: autoDraw = False
59.6947 	EXP 	text_blank_distractors_T2: autoDraw = False
59.6947 	EXP 	text_distr_T2: height = 0.05
59.6947 	EXP 	text_distr_T2: height = 0.05
59.6947 	EXP 	text_distr_T2: height = 0.05
59.6947 	EXP 	text_distr_T2: text = 'DRLNSGF'
59.6947 	EXP 	text_distr_T2: autoDraw = True
59.7281 	EXP 	text_distr_T2: autoDraw = False
59.7281 	EXP 	text_blank_distractors_T2: autoDraw = True
59.7781 	EXP 	text_blank_distractors_T2: autoDraw = False
59.7781 	EXP 	text_distr_T2: autoDraw = False
59.7781 	EXP 	text_blank_distractors_T2: autoDraw = False
59.7781 	EXP 	blankT1_1: autoDraw = False
59.7781 	EXP 	text_T1ask: autoDraw = False
59.7781 	EXP 	blankT1_2: autoDraw = False
59.7781 	EXP 	blankT2_1: autoDraw = True
60.7618 	EXP 	text_T2ask: autoDraw = True
60.7782 	EXP 	blankT2_1: autoDraw = False
62.7616 	EXP 	text_T2ask: autoDraw = False
62.7616 	EXP 	blankT2_2: autoDraw = True
63.7460 	EXP 	New trial (rep=0, index=6): {'T0': 'HEAD', 'T2': 'XXSWIMX', 'T1': 3333333.0, 'lagT0': 7, 'lagT1': 3, 'lagT2': 10, 'responseT1': 'f', 'responseT2': 'j', 'related': 0}
63.7616 	EXP 	blankT2_2: autoDraw = False
63.7616 	EXP 	blankT2_1: autoDraw = False
63.7616 	EXP 	text_T2ask: autoDraw = False
63.7616 	EXP 	blankT2_2: autoDraw = False
63.7616 	EXP 	context_word: height = 0.05
63.7616 	EXP 	context_word: height = 0.05
63.7616 	EXP 	context_word: height = 0.05
63.7616 	EXP 	context_word: text = 'HEAD'
63.7616 	EXP 	context_word: autoDraw = True
64.7618 	EXP 	context_word: autoDraw = False
64.7618 	EXP 	blankContext: autoDraw = True
65.7459 	EXP 	Created sequence: sequential, trialTypes=1, nReps=10, seed=None
65.7461 	EXP 	New trial (rep=0, index=0): None
65.7618 	EXP 	blankContext: autoDraw = False
65.7618 	EXP 	context_word: autoDraw = False
65.7618 	EXP 	blankContext: autoDraw = False
65.7618 	EXP 	text_distr_T0: height = 0.05
65.7618 	EXP 	text_distr_T0: height = 0.05
65.7618 	EXP 	text_distr_T0: height = 0.05
65.7618 	EXP 	text_distr_T0: text = 'DPWGJFR'
65.7618 	EXP 	text_distr_T0: autoDraw = True
65.7952 	EXP 	text_distr_T0: autoDraw = False
65.7952 	EXP 	text_blank_distractors_T0: autoDraw = True
65.8292 	EXP 	New trial (rep=1, index=0): None
65.8452 	EXP 	text_blank_distractors_T0: autoDraw = False
65.8452 	EXP 	text_distr_T0: autoDraw = False
65.8452 	EXP 	text_blank_distractors_T0: autoDraw = False
65.8452 	EXP 	text_distr_T0: height = 0.05
65.8452 	EXP 	text_distr_T0: height = 0.05
65.8452 	EXP 	text_distr_T0: height = 0.05
65.8452 	EXP 	text_distr_T0: text = 'NXJPBTY'
65.8452 	EXP 	text_distr_T0: autoDraw = True
65.8785 	EXP 	text_distr_T0: autoDraw = False
65.8785 	EXP 	text_blank_distractors_T0: autoDraw = True
65.9126 	EXP 	New trial (rep=2, index=0): None
65.9285 	EXP 	text_blank_distractors_T0: autoDraw = False
65.9285 	EXP 	text_distr_T0: autoDraw = False
65.9285 	EXP 	text_blank_distractors_T0: autoDraw = False
65.9285 	EXP 	text_distr_T0: height = 0.05
65.9285 	EXP 	text_distr_T0: height = 0.05
65.9285 	EXP 	text_distr_T0: height = 0.05
65.9285 	EXP 	text_distr_T0: text = 'YCGTRZK'
65.9285 	EXP 	text_distr_T0: autoDraw = True
65.9619 	EXP 	text_distr_T0: autoDraw = False
65.9619 	EXP 	text_blank_distractors_T0: autoDraw = True
65.9958 	EXP 	New trial (rep=3, index=0): None
66.0118 	EXP 	text_blank_distractors_T0: autoDraw = False
66.0118 	EXP 	text_distr_T0: autoDraw = False
66.0118 	EXP 	text_blank_distractors_T0: autoDraw = False
66.0118 	EXP 	text_distr_T0: height = 0.05
66.0118 	EXP 	text_distr_T0: height = 0.05
66.0118 	EXP 	text_distr_T0: height = 0.05
66.0118 	EXP 	text_distr_T0: text = 'JRBFPNK'
66.0118 	EXP 	text_distr_T0: autoDraw = True
66.0451 	EXP 	text_distr_T0: autoDraw = False
66.0451 	EXP 	text_blank_distractors_T0: autoDraw = True
66.0791 	EXP 	New trial (rep=4, index=0): None
66.0951 	EXP 	text_blank_distractors_T0: autoDraw = False
66.0951 	EXP 	text_distr_T0: autoDraw = False
66.0951 	EXP 	text_blank_distractors_T0: autoDraw = False
66.0951 	EXP 	text_distr_T0: height = 0.05
66.0951 	EXP 	text_distr_T0: height = 0.05
66.0951 	EXP 	text_distr_T0: height = 0.05
66.0951 	EXP 	text_distr_T0: text = 'JDPLFNY'
66.0951 	EXP 	text_distr_T0: autoDraw = True
66.1285 	EXP 	text_distr_T0: autoDraw = False
66.1285 	EXP 	text_blank_distractors_T0: autoDraw = True
66.1626 	EXP 	New trial (rep=5, index=0): None
66.1784 	EXP 	text_blank_distractors_T0: autoDraw = False
66.1784 	EXP 	text_distr_T0: autoDraw = False
66.1784 	EXP 	text_blank_distractors_T0: autoDraw = False
66.1784 	EXP 	text_distr_T0: height = 0.05
66.1784 	EXP 	text_distr_T0: height = 0.05
66.1784 	EXP 	text_distr_T0: height = 0.05
66.1784 	EXP 	text_distr_T0: text = 'TXKMLCN'
66.1784 	EXP 	text_distr_T0: autoDraw = True
66.2119 	EXP 	text_distr_T0: autoDraw = False
66.2119 	EXP 	text_blank_distractors_T0: autoDraw = True
66.2618 	EXP 	text_blank_distractors_T0: autoDraw = False
66.2618 	EXP 	text_distr_T0: autoDraw = False
66.2618 	EXP 	text_blank_distractors_T0: autoDraw = False
66.2618 	EXP 	text_T1: height = 0.05
66.2618 	EXP 	text_T1: height = 0.05
66.2618 	EXP 	text_T1: height = 0.05
66.2618 	EXP 	text_T1: text = '3333333'
66.2618 	EXP 	text_T1: autoDraw = True
66.2954 	EXP 	text_T1: autoDraw = False
66.2954 	EXP 	text_blank_number_T1: autoDraw = True
66.3293 	EXP 	Created sequence: sequential, trialTypes=1, nReps=7, seed=None
66.3295 	EXP 	New trial (rep=0, index=0): None
66.3451 	EXP 	text_blank_number_T1: autoDraw = False
66.3451 	EXP 	text_T1: autoDraw = False
66.3451 	EXP 	text_blank_number_T1: autoDraw = False
66.3451 	EXP 	text_distr_T1: height = 0.05
66.3451 	EXP 	text_distr_T1: height = 0.05
66.3451 	EXP 	text_distr_T1: height = 0.05
66.3451 	EXP 	text_distr_T1: text = 'QKWSMPC'
66.3451 	EXP 	text_distr_T1: autoDraw = True
66.3786 	EXP 	text_distr_T1: autoDraw = False
66.3786 	EXP 	text_blank_distractors_T1: autoDraw = True
66.4127 	EXP 	New trial (rep=1, index=0): None
66.4285 	EXP 	text_blank_distractors_T1: autoDraw = False
66.4285 	EXP 	text_distr_T1: autoDraw = False
66.4285 	EXP 	text_blank_distractors_T1: autoDraw = False
66.4285 	EXP 	text_distr_T1: height = 0.05
66.4285 	EXP 	text_distr_T1: height = 0.05
66.4285 	EXP 	text_distr_T1: height = 0.05
66.4285 	EXP 	text_distr_T1: text = 'KDMZQGS'
66.4285 	EXP 	text_distr_T1: autoDraw = True
66.4618 	EXP 	text_distr_T1: autoDraw = False
66.4618 	EXP 	text_blank_distractors_T1: autoDraw = True
66.5118 	EXP 	text_blank_distractors_T1: autoDraw = False
66.5118 	EXP 	text_distr_T1: autoDraw = False
66.5118 	EXP 	text_blank_distractors_T1: autoDraw = False
66.5118 	EXP 	text_T2: height = 0.05
66.5118 	EXP 	text_T2: height = 0.05
66.5118 	EXP 	text_T2: height = 0.05
66.5118 	EXP 	text_T2: text = 'XXSWIMX'
66.5118 	EXP 	text_T2: autoDraw = True
66.5453 	EXP 	text_T2: autoDraw = False
66.5453 	EXP 	text_blank_T2_probe: autoDraw = True
66.5791 	EXP 	Created sequence: sequential, trialTypes=1, nReps=12, seed=None
66.5793 	EXP 	New trial (rep=0, index=0): None
66.5951 	EXP 	text_blank_T2_probe: autoDraw = False
66.5951 	EXP 	text_T2: autoDraw = False
66.5951 	EXP 	text_blank_T2_probe: autoDraw = False
66.5951 	EXP 	text_distr_T2: height = 0.05
66.5951 	EXP 	text_distr_T2: height = 0.05
66.5951 	EXP 	text_distr_T2: height = 0.05
66.5951 	EXP 	text_distr_T2: text = 'KDMZQGS'
66.5951 	EXP 	text_distr_T2: autoDraw = True
66.6286 	EXP 	text_distr_T2: autoDraw = False
66.6286 	EXP 	text_blank_distractors_T2: autoDraw = True
66.6626 	EXP 	New trial (rep=1, index=0): None
66.6785 	EXP 	text_blank_distractors_T2: autoDraw = False
66.6785 	EXP 	text_distr_T2: autoDraw = False
66.6785 	EXP 	text_blank_distractors_T2: autoDraw = False
66.6785 	EXP 	text_distr_T2: height = 0.05
66.6785 	EXP 	text_distr_T2: height = 0.05
66.6785 	EXP 	text_distr_T2: height = 0.05
66.6785 	EXP 	text_distr_T2: text = 'SZWQHML'
66.6785 	EXP 	text_distr_T2: autoDraw = True
66.7118 	EXP 	text_distr_T2: autoDraw = False
66.7118 	EXP 	text_blank_distractors_T2: autoDraw = True
66.7458 	EXP 	New trial (rep=2, index=0): None
66.7618 	EXP 	text_blank_distractors_T2: autoDraw = False
66.7618 	EXP 	text_distr_T2: autoDraw = False
66.7618 	EXP 	text_blank_distractors_T2: autoDraw = False
66.7618 	EXP 	text_distr_T2: height = 0.05
66.7618 	EXP 	text_distr_T2: height = 0.05
66.7618 	EXP 	text_distr_T2: height = 0.05
66.7618 	EXP 	text_distr_T2: text = 'LSVWYTH'
66.7618 	EXP 	text_distr_T2: autoDraw = True
66.7954 	EXP 	text_distr_T2: autoDraw = False
66.7954 	EXP 	text_blank_distractors_T2: autoDraw = True
66.8295 	EXP 	New trial (rep=3, index=0): None
66.8452 	EXP 	text_blank_distractors_T2: autoDraw = False
66.8452 	EXP 	text_distr_T2: autoDraw = False
66.8452 	EXP 	text_blank_distractors_T2: autoDraw = False
66.8452 	EXP 	text_distr_T2: height = 0.05
66.8452 	EXP 	text_distr_T2: height = 0.05
66.8452 	EXP 	text_distr_T2: height = 0.05
66.8452 	EXP 	text_distr_T2: text = 'JKDZFWB'
66.8452 	EXP 	text_distr_T2: autoDraw = True
66.8785 	EXP 	text_distr_T2: autoDraw = False
66.8785 	EXP 	text_blank_distractors_T2: autoDraw = True
66.9127 	EXP 	New trial (rep=4, index=0): None
66.9285 	EXP 	text_blank_distractors_T2: autoDraw = False
66.9285 	EXP 	text_distr_T2: autoDraw = False
66.9285 	EXP 	text_blank_distractors_T2: autoDraw = False
66.9285 	EXP 	text_distr_T2: height = 0.05
66.9285 	EXP 	text_distr_T2: height = 0.05
66.9285 	EXP 	text_distr_T2: height = 0.05
66.9285 	EXP 	text_distr_T2: text = 'JQLKSYH'
66.9285 	EXP 	text_distr_T2: autoDraw = True
66.9619 	EXP 	text_distr_T2: autoDraw = False
66.9619 	EXP 	text_blank_distractors_T2: autoDraw = True
66.9960 	EXP 	New trial (rep=5, index=0): None
67.0118 	EXP 	text_blank_distractors_T2: autoDraw = False
67.0118 	EXP 	text_distr_T2: autoDraw = False
67.0118 	EXP 	text_blank_distractors_T2: autoDraw = False
67.0118 	EXP 	text_distr_T2: height = 0.05
67.0118 	EXP 	text_distr_T2: height = 0.05
67.0118 	EXP 	text_distr_T2: height = 0.05
67.0118 	EXP 	text_distr_T2: text = 'MQPDFRX'
67.0118 	EXP 	text_distr_T2: autoDraw = True
67.0452 	EXP 	text_distr_T2: autoDraw = False
67.0452 	EXP 	text_blank_distractors_T2: autoDraw = True
67.0792 	EXP 	New trial (rep=6, index=0): None
67.0951 	EXP 	text_blank_distractors_T2: autoDraw = False
67.0951 	EXP 	text_distr_T2: autoDraw = False
67.0951 	EXP 	text_blank_distractors_T2: autoDraw = False
67.0951 	EXP 	text_distr_T2: height = 0.05
67.0951 	EXP 	text_distr_T2: height = 0.05
67.0951 	EXP 	text_distr_T2: height = 0.05
67.0951 	EXP 	text_distr_T2: text = 'LFXHSPV'
67.0951 	EXP 	text_distr_T2: autoDraw = True
67.1285 	EXP 	text_distr_T2: autoDraw = False
67.1285 	EXP 	text_blank_distractors_T2: autoDraw = True
67.1627 	EXP 	New trial (rep=7, index=0): None
67.1785 	EXP 	text_blank_distractors_T2: autoDraw = False
67.1785 	EXP 	text_distr_T2: autoDraw = False
67.1785 	EXP 	text_blank_distractors_T2: autoDraw = False
67.1785 	EXP 	text_distr_T2: height = 0.05
67.1785 	EXP 	text_distr_T2: height = 0.05
67.1785 	EXP 	text_distr_T2: height = 0.05
67.1785 	EXP 	text_distr_T2: text = 'TFSZGXN'
67.1785 	EXP 	text_distr_T2: autoDraw = True
67.2121 	EXP 	text_distr_T2: autoDraw = False
67.2121 	EXP 	text_blank_distractors_T2: autoDraw = True
67.2463 	EXP 	New trial (rep=8, index=0): None
67.2620 	EXP 	text_blank_distractors_T2: autoDraw = False
67.2620 	EXP 	text_distr_T2: autoDraw = False
67.2620 	EXP 	text_blank_distractors_T2: autoDraw = False
67.2620 	EXP 	text_distr_T2: height = 0.05
67.2620 	EXP 	text_distr_T2: height = 0.05
67.2620 	EXP 	text_distr_T2: height = 0.05
67.2620 	EXP 	text_distr_T2: text = 'JLGXQYP'
67.2620 	EXP 	text_distr_T2: autoDraw = True
67.2952 	EXP 	text_distr_T2: autoDraw = False
67.2952 	EXP 	text_blank_distractors_T2: autoDraw = True
67.3296 	EXP 	New trial (rep=9, index=0): None
67.3452 	EXP 	text_blank_distractors_T2: autoDraw = False
67.3452 	EXP 	text_distr_T2: autoDraw = False
67.3452 	EXP 	text_blank_distractors_T2: autoDraw = False
67.3452 	EXP 	text_distr_T2: height = 0.05
67.3452 	EXP 	text_distr_T2: height = 0.05
67.3452 	EXP 	text_distr_T2: height = 0.05
67.3452 	EXP 	text_distr_T2: text = 'VGRQLWF'
67.3452 	EXP 	text_distr_T2: autoDraw = True
67.3789 	EXP 	text_distr_T2: autoDraw = False
67.3789 	EXP 	text_blank_distractors_T2: autoDraw = True
67.4285 	EXP 	text_blank_distractors_T2: autoDraw = False
67.4285 	EXP 	text_distr_T2: autoDraw = False
67.4285 	EXP 	text_blank_distractors_T2: autoDraw = False
67.4285 	EXP 	blankT1_1: autoDraw = False
67.4285 	EXP 	text_T1ask: autoDraw = False
67.4285 	EXP 	blankT1_2: autoDraw = False
67.4285 	EXP 	blankT2_1: autoDraw = True
68.4119 	EXP 	text_T2ask: autoDraw = True
68.4286 	EXP 	blankT2_1: autoDraw = False
70.4123 	EXP 	text_T2ask: autoDraw = False
70.4123 	EXP 	blankT2_2: autoDraw = True
70.7973 	DATA 	Keypress: escape
71.3434 	EXP 	window1: mouseVisible = True
