9.1871 	WARNING 	User requested fullscreen with size [1920 1080], but screen is actually [3840, 2160]. Using actual size
9.9961 	EXP 	Created window1 = Window(allowGUI=True, allowStencil=False, autoLog=True, backendConf=UNKNOWN, backgroundFit=<method-wrapper '__getattribute__' of attributeSetter object at 0x0000021EAFEB7460>, backgroundImage=<method-wrapper '__getattribute__' of attributeSetter object at 0x0000021EAFEB7400>, bitsMode=UNKNOWN, blendMode='avg', bpc=(8, 8, 8), color=array([0, 0, 0]), colorSpace='rgb', depthBits=8, fullscr=<method-wrapper '__getattribute__' of attributeSetter object at 0x0000021EAFEB7130>, gamma=None, gammaErrorPolicy='raise', lms=UNKNOWN, monitor=<psychopy.monitors.calibTools.Monitor object at 0x0000021EB0F45A90>, multiSample=False, name='window1', numSamples=2, pos=(0, 0), screen=0, size=array([3840, 2160]), stencilBits=0, stereo=False, units='height', useFBO=True, useRetina=False, viewOri=0.0, viewPos=None, viewScale=None, waitBlanking=True, winType='pyglet')
9.9962 	EXP 	window1: mouseVisible = True
9.9962 	EXP 	window1: backgroundImage = ''
9.9962 	EXP 	window1: backgroundFit = 'none'
9.9963 	EXP 	window1: mouseVisible = False
9.9963 	EXP 	window1: Attempting to measure frame rate of screen (0) ...
9.9964 	EXP 	window1: recordFrameIntervals = False
10.1626 	EXP 	window1: recordFrameIntervals = True
10.3464 	EXP 	Screen (0) actual frame rate measured at 59.91Hz
10.3464 	EXP 	window1: recordFrameIntervals = False
12.2532 	EXP 	Created text_instructions = TextStim(__class__=<class 'psychopy.visual.text.TextStim'>, alignHoriz=method-wrapper(...), alignText='center', alignVert=method-wrapper(...), anchorHoriz='center', anchorVert='center', antialias=True, autoDraw=False, autoLog=True, bold=False, color=array([1., 1., 1.]), colorSpace='rgb', contrast=1.0, depth=0.0, flipHoriz=False, flipVert=False, font='Open Sans', fontFiles=[], height=0.02, italic=False, languageStyle='LTR', name='text_instructions', opacity=1.0, ori=0.0, pos=array([0., 0.]), rgb=UNKNOWN, text='', units='height', win=Window(...), wrapWidth=1)
12.2585 	EXP 	Created context_word = TextStim(__class__=<class 'psychopy.visual.text.TextStim'>, alignHoriz=method-wrapper(...), alignText='center', alignVert=method-wrapper(...), anchorHoriz='center', anchorVert='center', antialias=True, autoDraw=False, autoLog=True, bold=False, color=array([-1., -1.,  1.]), colorSpace='rgb', contrast=1.0, depth=0.0, flipHoriz=False, flipVert=False, font='Open Sans', fontFiles=[], height=0.05, italic=False, languageStyle='LTR', name='context_word', opacity=1.0, ori=0.0, pos=array([0., 0.]), rgb=UNKNOWN, text='', units='height', win=Window(...), wrapWidth=1)
12.2871 	EXP 	Created blankContext = TextStim(__class__=<class 'psychopy.visual.text.TextStim'>, alignHoriz=method-wrapper(...), alignText='center', alignVert=method-wrapper(...), anchorHoriz='center', anchorVert='center', antialias=True, autoDraw=False, autoLog=True, bold=False, color=array([1., 1., 1.]), colorSpace='rgb', contrast=1.0, depth=-1.0, flipHoriz=False, flipVert=False, font='Open Sans', fontFiles=[], height=0.05, italic=False, languageStyle='LTR', name='blankContext', opacity=1.0, ori=0.0, pos=array([0., 0.]), rgb=UNKNOWN, text='', units='height', win=Window(...), wrapWidth=1)
12.2882 	EXP 	Created text_distr_T0 = TextStim(__class__=<class 'psychopy.visual.text.TextStim'>, alignHoriz=method-wrapper(...), alignText='center', alignVert=method-wrapper(...), anchorHoriz='center', anchorVert='center', antialias=True, autoDraw=False, autoLog=True, bold=False, color=array([-1., -1.,  1.]), colorSpace='rgb', contrast=1.0, depth=-1.0, flipHoriz=False, flipVert=False, font='Open Sans', fontFiles=[], height=0.05, italic=False, languageStyle='LTR', name='text_distr_T0', opacity=1.0, ori=0.0, pos=array([0., 0.]), rgb=UNKNOWN, text='', units='height', win=Window(...), wrapWidth=1)
12.2895 	EXP 	Created text_blank_distractors_T0 = TextStim(__class__=<class 'psychopy.visual.text.TextStim'>, alignHoriz=method-wrapper(...), alignText='center', alignVert=method-wrapper(...), anchorHoriz='center', anchorVert='center', antialias=True, autoDraw=False, autoLog=True, bold=False, color=array([1., 1., 1.]), colorSpace='rgb', contrast=1.0, depth=-2.0, flipHoriz=False, flipVert=False, font='Open Sans', fontFiles=[], height=0.05, italic=False, languageStyle='LTR', name='text_blank_distractors_T0', opacity=1.0, ori=0.0, pos=array([0., 0.]), rgb=UNKNOWN, text='', units='height', win=Window(...), wrapWidth=1)
12.2905 	EXP 	Created text_T1 = TextStim(__class__=<class 'psychopy.visual.text.TextStim'>, alignHoriz=method-wrapper(...), alignText='center', alignVert=method-wrapper(...), anchorHoriz='center', anchorVert='center', antialias=True, autoDraw=False, autoLog=True, bold=False, color=array([-1., -1.,  1.]), colorSpace='rgb', contrast=1.0, depth=0.0, flipHoriz=False, flipVert=False, font='Open Sans', fontFiles=[], height=0.05, italic=False, languageStyle='LTR', name='text_T1', opacity=1.0, ori=0.0, pos=array([0., 0.]), rgb=UNKNOWN, text='', units='height', win=Window(...), wrapWidth=1)
12.2919 	EXP 	Created text_blank_number_T1 = TextStim(__class__=<class 'psychopy.visual.text.TextStim'>, alignHoriz=method-wrapper(...), alignText='center', alignVert=method-wrapper(...), anchorHoriz='center', anchorVert='center', antialias=True, autoDraw=False, autoLog=True, bold=False, color=array([1., 1., 1.]), colorSpace='rgb', contrast=1.0, depth=-1.0, flipHoriz=False, flipVert=False, font='Open Sans', fontFiles=[], height=0.05, italic=False, languageStyle='LTR', name='text_blank_number_T1', opacity=1.0, ori=0.0, pos=array([0., 0.]), rgb=UNKNOWN, text='', units='height', win=Window(...), wrapWidth=1)
12.2929 	EXP 	Created text_distr_T1 = TextStim(__class__=<class 'psychopy.visual.text.TextStim'>, alignHoriz=method-wrapper(...), alignText='center', alignVert=method-wrapper(...), anchorHoriz='center', anchorVert='center', antialias=True, autoDraw=False, autoLog=True, bold=False, color=array([-1., -1.,  1.]), colorSpace='rgb', contrast=1.0, depth=-1.0, flipHoriz=False, flipVert=False, font='Open Sans', fontFiles=[], height=0.05, italic=False, languageStyle='LTR', name='text_distr_T1', opacity=1.0, ori=0.0, pos=array([0., 0.]), rgb=UNKNOWN, text='', units='height', win=Window(...), wrapWidth=1)
12.2942 	EXP 	Created text_blank_distractors_T1 = TextStim(__class__=<class 'psychopy.visual.text.TextStim'>, alignHoriz=method-wrapper(...), alignText='center', alignVert=method-wrapper(...), anchorHoriz='center', anchorVert='center', antialias=True, autoDraw=False, autoLog=True, bold=False, color=array([1., 1., 1.]), colorSpace='rgb', contrast=1.0, depth=-2.0, flipHoriz=False, flipVert=False, font='Open Sans', fontFiles=[], height=0.05, italic=False, languageStyle='LTR', name='text_blank_distractors_T1', opacity=1.0, ori=0.0, pos=array([0., 0.]), rgb=UNKNOWN, text='', units='height', win=Window(...), wrapWidth=1)
12.2951 	EXP 	Created text_T2 = TextStim(__class__=<class 'psychopy.visual.text.TextStim'>, alignHoriz=method-wrapper(...), alignText='center', alignVert=method-wrapper(...), anchorHoriz='center', anchorVert='center', antialias=True, autoDraw=False, autoLog=True, bold=False, color=array([ 1., -1., -1.]), colorSpace='rgb', contrast=1.0, depth=0.0, flipHoriz=False, flipVert=False, font='Open Sans', fontFiles=[], height=0.05, italic=False, languageStyle='LTR', name='text_T2', opacity=1.0, ori=0.0, pos=array([0., 0.]), rgb=UNKNOWN, text='', units='height', win=Window(...), wrapWidth=1)
12.2964 	EXP 	Created text_blank_T2_probe = TextStim(__class__=<class 'psychopy.visual.text.TextStim'>, alignHoriz=method-wrapper(...), alignText='center', alignVert=method-wrapper(...), anchorHoriz='center', anchorVert='center', antialias=True, autoDraw=False, autoLog=True, bold=False, color=array([1., 1., 1.]), colorSpace='rgb', contrast=1.0, depth=-1.0, flipHoriz=False, flipVert=False, font='Open Sans', fontFiles=[], height=0.05, italic=False, languageStyle='LTR', name='text_blank_T2_probe', opacity=1.0, ori=0.0, pos=array([0., 0.]), rgb=UNKNOWN, text='', units='height', win=Window(...), wrapWidth=1)
12.2974 	EXP 	Created text_distr_T2 = TextStim(__class__=<class 'psychopy.visual.text.TextStim'>, alignHoriz=method-wrapper(...), alignText='center', alignVert=method-wrapper(...), anchorHoriz='center', anchorVert='center', antialias=True, autoDraw=False, autoLog=True, bold=False, color=array([-1., -1.,  1.]), colorSpace='rgb', contrast=1.0, depth=-1.0, flipHoriz=False, flipVert=False, font='Open Sans', fontFiles=[], height=0.05, italic=False, languageStyle='LTR', name='text_distr_T2', opacity=1.0, ori=0.0, pos=array([0., 0.]), rgb=UNKNOWN, text='', units='height', win=Window(...), wrapWidth=1)
12.2987 	EXP 	Created text_blank_distractors_T2 = TextStim(__class__=<class 'psychopy.visual.text.TextStim'>, alignHoriz=method-wrapper(...), alignText='center', alignVert=method-wrapper(...), anchorHoriz='center', anchorVert='center', antialias=True, autoDraw=False, autoLog=True, bold=False, color=array([1., 1., 1.]), colorSpace='rgb', contrast=1.0, depth=-2.0, flipHoriz=False, flipVert=False, font='Open Sans', fontFiles=[], height=0.05, italic=False, languageStyle='LTR', name='text_blank_distractors_T2', opacity=1.0, ori=0.0, pos=array([0., 0.]), rgb=UNKNOWN, text='', units='height', win=Window(...), wrapWidth=1)
12.3000 	EXP 	Created blankT1_1 = TextStim(__class__=<class 'psychopy.visual.text.TextStim'>, alignHoriz=method-wrapper(...), alignText='center', alignVert=method-wrapper(...), anchorHoriz='center', anchorVert='center', antialias=True, autoDraw=False, autoLog=True, bold=False, color=array([1., 1., 1.]), colorSpace='rgb', contrast=1.0, depth=0.0, flipHoriz=False, flipVert=False, font='Open Sans', fontFiles=[], height=0.05, italic=False, languageStyle='LTR', name='blankT1_1', opacity=1.0, ori=0.0, pos=array([0., 0.]), rgb=UNKNOWN, text='', units='height', win=Window(...), wrapWidth=1)
12.3148 	EXP 	Created text_T1ask = TextStim(__class__=<class 'psychopy.visual.text.TextStim'>, alignHoriz=method-wrapper(...), alignText='center', alignVert=method-wrapper(...), anchorHoriz='center', anchorVert='center', antialias=True, autoDraw=False, autoLog=True, bold=False, color=array([-1., -1.,  1.]), colorSpace='rgb', contrast=1.0, depth=-1.0, flipHoriz=False, flipVert=False, font='Open Sans', fontFiles=[], height=0.05, italic=False, languageStyle='LTR', name='text_T1ask', opacity=1.0, ori=0.0, pos=array([0., 0.]), rgb=UNKNOWN, text='?\n\nOdd-F    Even-J', units='height', win=Window(...), wrapWidth=1)
12.3162 	EXP 	Created blankT1_2 = TextStim(__class__=<class 'psychopy.visual.text.TextStim'>, alignHoriz=method-wrapper(...), alignText='center', alignVert=method-wrapper(...), anchorHoriz='center', anchorVert='center', antialias=True, autoDraw=False, autoLog=True, bold=False, color=array([1., 1., 1.]), colorSpace='rgb', contrast=1.0, depth=-2.0, flipHoriz=False, flipVert=False, font='Open Sans', fontFiles=[], height=0.05, italic=False, languageStyle='LTR', name='blankT1_2', opacity=1.0, ori=0.0, pos=array([0., 0.]), rgb=UNKNOWN, text='', units='height', win=Window(...), wrapWidth=1)
12.3177 	EXP 	Created blankT2_1 = TextStim(__class__=<class 'psychopy.visual.text.TextStim'>, alignHoriz=method-wrapper(...), alignText='center', alignVert=method-wrapper(...), anchorHoriz='center', anchorVert='center', antialias=True, autoDraw=False, autoLog=True, bold=False, color=array([1., 1., 1.]), colorSpace='rgb', contrast=1.0, depth=0.0, flipHoriz=False, flipVert=False, font='Open Sans', fontFiles=[], height=0.05, italic=False, languageStyle='LTR', name='blankT2_1', opacity=1.0, ori=0.0, pos=array([0., 0.]), rgb=UNKNOWN, text='', units='height', win=Window(...), wrapWidth=1)
12.3259 	EXP 	Created text_T2ask = TextStim(__class__=<class 'psychopy.visual.text.TextStim'>, alignHoriz=method-wrapper(...), alignText='center', alignVert=method-wrapper(...), anchorHoriz='center', anchorVert='center', antialias=True, autoDraw=False, autoLog=True, bold=False, color=array([-1., -1.,  1.]), colorSpace='rgb', contrast=1.0, depth=-1.0, flipHoriz=False, flipVert=False, font='Open Sans', fontFiles=[], height=0.05, italic=False, languageStyle='LTR', name='text_T2ask', opacity=1.0, ori=0.0, pos=array([0., 0.]), rgb=UNKNOWN, text='?\n\nRelated-F    Unrelated-J', units='height', win=Window(...), wrapWidth=1)
12.3273 	EXP 	Created blankT2_2 = TextStim(__class__=<class 'psychopy.visual.text.TextStim'>, alignHoriz=method-wrapper(...), alignText='center', alignVert=method-wrapper(...), anchorHoriz='center', anchorVert='center', antialias=True, autoDraw=False, autoLog=True, bold=False, color=array([1., 1., 1.]), colorSpace='rgb', contrast=1.0, depth=-2.0, flipHoriz=False, flipVert=False, font='Open Sans', fontFiles=[], height=0.05, italic=False, languageStyle='LTR', name='blankT2_2', opacity=1.0, ori=0.0, pos=array([0., 0.]), rgb=UNKNOWN, text='', units='height', win=Window(...), wrapWidth=1)
12.3284 	EXP 	Created text_rest = TextStim(__class__=<class 'psychopy.visual.text.TextStim'>, alignHoriz=method-wrapper(...), alignText='center', alignVert=method-wrapper(...), anchorHoriz='center', anchorVert='center', antialias=True, autoDraw=False, autoLog=True, bold=False, color=array([1., 1., 1.]), colorSpace='rgb', contrast=1.0, depth=-1.0, flipHoriz=False, flipVert=False, font='Open Sans', fontFiles=[], height=0.05, italic=False, languageStyle='LTR', name='text_rest', opacity=1.0, ori=0.0, pos=array([0., 0.]), rgb=UNKNOWN, text='', units='height', win=Window(...), wrapWidth=1)
12.3297 	EXP 	Created text_thanks = TextStim(__class__=<class 'psychopy.visual.text.TextStim'>, alignHoriz=method-wrapper(...), alignText='center', alignVert=method-wrapper(...), anchorHoriz='center', anchorVert='center', antialias=True, autoDraw=False, autoLog=True, bold=False, color=array([1., 1., 1.]), colorSpace='rgb', contrast=1.0, depth=0.0, flipHoriz=False, flipVert=False, font='Arial', fontFiles=[], height=0.05, italic=False, languageStyle='LTR', name='text_thanks', opacity=1.0, ori=0.0, pos=array([0., 0.]), rgb=UNKNOWN, text='', units='height', win=Window(...), wrapWidth=1)
12.3672 	EXP 	text_instructions: height = 0.02
12.3672 	EXP 	text_instructions: height = 0.02
12.3672 	EXP 	text_instructions: height = 0.02
12.3672 	EXP 	text_instructions: text = 'Instructions\n\nIf you see an odd number, please press the F key on your keyboard.\nIf you see an even number, please press the J key on your keyboard.\nPlease focus your attention and try to respond as accurately and swiftly as possible. Once you are ready, we will begin the test.\n\nIn the dual-target condition, the participants were instructed to identify the number string and the red word when they appeared in the RSVP stream and to make 2 two-alternative forced-choice responses at the end of each trial. These responses indicated whether the number string was even or odd and whether the red word was semantically related or unrelated to the context word presented at the beginning of that trial.'
12.3672 	EXP 	text_instructions: autoDraw = True
12.9015 	EXP 	Imported task_type.xlsx as conditions, 12 conditions, 2 params
12.9019 	EXP 	Created sequence: sequential, trialTypes=12, nReps=1, seed=None
12.9021 	EXP 	New trial (rep=0, index=0): {'task1': 'single', 'task2': 'dual'}
13.0441 	EXP 	Imported languages/en/wordPairs.xlsx as conditions, 60 conditions, 9 params
13.0449 	EXP 	Created sequence: sequential, trialTypes=60, nReps=1, seed=None
13.0452 	EXP 	New trial (rep=0, index=0): {'T0': 'ANGRY', 'T2': 'XNURSEX', 'T1': 7777777.0, 'lagT0': 7, 'lagT1': 7, 'lagT2': 6, 'responseT1': 'f', 'responseT2': 'j', 'related': 0}
13.0531 	DATA 	Keypress: space
13.0544 	EXP 	text_instructions: autoDraw = False
13.0544 	EXP 	context_word: height = 0.05
13.0544 	EXP 	context_word: height = 0.05
13.0544 	EXP 	context_word: height = 0.05
13.0544 	EXP 	context_word: text = 'ANGRY'
13.0544 	EXP 	context_word: autoDraw = True
14.0463 	EXP 	blankContext: autoDraw = True
14.0627 	EXP 	context_word: autoDraw = False
15.0302 	EXP 	Created sequence: sequential, trialTypes=1, nReps=10, seed=None
15.0304 	EXP 	New trial (rep=0, index=0): None
15.0461 	EXP 	blankContext: autoDraw = False
15.0461 	EXP 	context_word: autoDraw = False
15.0461 	EXP 	blankContext: autoDraw = False
15.0461 	EXP 	text_distr_T0: height = 0.05
15.0461 	EXP 	text_distr_T0: height = 0.05
15.0461 	EXP 	text_distr_T0: height = 0.05
15.0461 	EXP 	text_distr_T0: text = 'NWLQHKY'
15.0461 	EXP 	text_distr_T0: autoDraw = True
15.0796 	EXP 	text_distr_T0: autoDraw = False
15.0796 	EXP 	text_blank_distractors_T0: autoDraw = True
15.1135 	EXP 	New trial (rep=1, index=0): None
15.1297 	EXP 	text_blank_distractors_T0: autoDraw = False
15.1297 	EXP 	text_distr_T0: autoDraw = False
15.1297 	EXP 	text_blank_distractors_T0: autoDraw = False
15.1297 	EXP 	text_distr_T0: height = 0.05
15.1297 	EXP 	text_distr_T0: height = 0.05
15.1297 	EXP 	text_distr_T0: height = 0.05
15.1297 	EXP 	text_distr_T0: text = 'BWSTFML'
15.1297 	EXP 	text_distr_T0: autoDraw = True
15.1628 	EXP 	text_distr_T0: autoDraw = False
15.1628 	EXP 	text_blank_distractors_T0: autoDraw = True
15.1969 	EXP 	New trial (rep=2, index=0): None
15.2128 	EXP 	text_blank_distractors_T0: autoDraw = False
15.2128 	EXP 	text_distr_T0: autoDraw = False
15.2128 	EXP 	text_blank_distractors_T0: autoDraw = False
15.2128 	EXP 	text_distr_T0: height = 0.05
15.2128 	EXP 	text_distr_T0: height = 0.05
15.2128 	EXP 	text_distr_T0: height = 0.05
15.2128 	EXP 	text_distr_T0: text = 'JBDVFXM'
15.2128 	EXP 	text_distr_T0: autoDraw = True
15.2462 	EXP 	text_distr_T0: autoDraw = False
15.2462 	EXP 	text_blank_distractors_T0: autoDraw = True
15.2802 	EXP 	New trial (rep=3, index=0): None
15.2962 	EXP 	text_blank_distractors_T0: autoDraw = False
15.2962 	EXP 	text_distr_T0: autoDraw = False
15.2962 	EXP 	text_blank_distractors_T0: autoDraw = False
15.2962 	EXP 	text_distr_T0: height = 0.05
15.2962 	EXP 	text_distr_T0: height = 0.05
15.2962 	EXP 	text_distr_T0: height = 0.05
15.2962 	EXP 	text_distr_T0: text = 'MSZCHDF'
15.2962 	EXP 	text_distr_T0: autoDraw = True
15.3297 	EXP 	text_distr_T0: autoDraw = False
15.3297 	EXP 	text_blank_distractors_T0: autoDraw = True
15.3635 	EXP 	New trial (rep=4, index=0): None
15.3795 	EXP 	text_blank_distractors_T0: autoDraw = False
15.3795 	EXP 	text_distr_T0: autoDraw = False
15.3795 	EXP 	text_blank_distractors_T0: autoDraw = False
15.3795 	EXP 	text_distr_T0: height = 0.05
15.3795 	EXP 	text_distr_T0: height = 0.05
15.3795 	EXP 	text_distr_T0: height = 0.05
15.3795 	EXP 	text_distr_T0: text = 'TYSFJQV'
15.3795 	EXP 	text_distr_T0: autoDraw = True
15.4128 	EXP 	text_distr_T0: autoDraw = False
15.4128 	EXP 	text_blank_distractors_T0: autoDraw = True
15.4468 	EXP 	New trial (rep=5, index=0): None
15.4628 	EXP 	text_blank_distractors_T0: autoDraw = False
15.4628 	EXP 	text_distr_T0: autoDraw = False
15.4628 	EXP 	text_blank_distractors_T0: autoDraw = False
15.4628 	EXP 	text_distr_T0: height = 0.05
15.4628 	EXP 	text_distr_T0: height = 0.05
15.4628 	EXP 	text_distr_T0: height = 0.05
15.4628 	EXP 	text_distr_T0: text = 'BWLMYDF'
15.4628 	EXP 	text_distr_T0: autoDraw = True
15.4962 	EXP 	text_distr_T0: autoDraw = False
15.4962 	EXP 	text_blank_distractors_T0: autoDraw = True
15.5461 	EXP 	text_blank_distractors_T0: autoDraw = False
15.5461 	EXP 	text_distr_T0: autoDraw = False
15.5461 	EXP 	text_blank_distractors_T0: autoDraw = False
15.5461 	EXP 	text_T1: height = 0.05
15.5461 	EXP 	text_T1: height = 0.05
15.5461 	EXP 	text_T1: height = 0.05
15.5461 	EXP 	text_T1: text = '7777777'
15.5461 	EXP 	text_T1: autoDraw = True
15.5795 	EXP 	text_T1: autoDraw = False
15.5795 	EXP 	text_blank_number_T1: autoDraw = True
15.6135 	EXP 	Created sequence: sequential, trialTypes=1, nReps=7, seed=None
15.6137 	EXP 	New trial (rep=0, index=0): None
15.6295 	EXP 	text_blank_number_T1: autoDraw = False
15.6295 	EXP 	text_T1: autoDraw = False
15.6295 	EXP 	text_blank_number_T1: autoDraw = False
15.6295 	EXP 	text_distr_T1: height = 0.05
15.6295 	EXP 	text_distr_T1: height = 0.05
15.6295 	EXP 	text_distr_T1: height = 0.05
15.6295 	EXP 	text_distr_T1: text = 'XDSTFRZ'
15.6295 	EXP 	text_distr_T1: autoDraw = True
15.6629 	EXP 	text_distr_T1: autoDraw = False
15.6629 	EXP 	text_blank_distractors_T1: autoDraw = True
15.6970 	EXP 	New trial (rep=1, index=0): None
15.7129 	EXP 	text_blank_distractors_T1: autoDraw = False
15.7129 	EXP 	text_distr_T1: autoDraw = False
15.7129 	EXP 	text_blank_distractors_T1: autoDraw = False
15.7129 	EXP 	text_distr_T1: height = 0.05
15.7129 	EXP 	text_distr_T1: height = 0.05
15.7129 	EXP 	text_distr_T1: height = 0.05
15.7129 	EXP 	text_distr_T1: text = 'TZVQJNH'
15.7129 	EXP 	text_distr_T1: autoDraw = True
15.7462 	EXP 	text_distr_T1: autoDraw = False
15.7462 	EXP 	text_blank_distractors_T1: autoDraw = True
15.7803 	EXP 	New trial (rep=2, index=0): None
15.7963 	EXP 	text_blank_distractors_T1: autoDraw = False
15.7963 	EXP 	text_distr_T1: autoDraw = False
15.7963 	EXP 	text_blank_distractors_T1: autoDraw = False
15.7963 	EXP 	text_distr_T1: height = 0.05
15.7963 	EXP 	text_distr_T1: height = 0.05
15.7963 	EXP 	text_distr_T1: height = 0.05
15.7963 	EXP 	text_distr_T1: text = 'MBYCPRS'
15.7963 	EXP 	text_distr_T1: autoDraw = True
15.8295 	EXP 	text_distr_T1: autoDraw = False
15.8295 	EXP 	text_blank_distractors_T1: autoDraw = True
15.8638 	EXP 	New trial (rep=3, index=0): None
15.8795 	EXP 	text_blank_distractors_T1: autoDraw = False
15.8795 	EXP 	text_distr_T1: autoDraw = False
15.8795 	EXP 	text_blank_distractors_T1: autoDraw = False
15.8795 	EXP 	text_distr_T1: height = 0.05
15.8795 	EXP 	text_distr_T1: height = 0.05
15.8795 	EXP 	text_distr_T1: height = 0.05
15.8795 	EXP 	text_distr_T1: text = 'RZNYFCJ'
15.8795 	EXP 	text_distr_T1: autoDraw = True
15.9129 	EXP 	text_distr_T1: autoDraw = False
15.9129 	EXP 	text_blank_distractors_T1: autoDraw = True
15.9470 	EXP 	New trial (rep=4, index=0): None
15.9628 	EXP 	text_blank_distractors_T1: autoDraw = False
15.9628 	EXP 	text_distr_T1: autoDraw = False
15.9628 	EXP 	text_blank_distractors_T1: autoDraw = False
15.9628 	EXP 	text_distr_T1: height = 0.05
15.9628 	EXP 	text_distr_T1: height = 0.05
15.9628 	EXP 	text_distr_T1: height = 0.05
15.9628 	EXP 	text_distr_T1: text = 'YJVDZPR'
15.9628 	EXP 	text_distr_T1: autoDraw = True
15.9963 	EXP 	text_distr_T1: autoDraw = False
15.9963 	EXP 	text_blank_distractors_T1: autoDraw = True
16.0304 	EXP 	New trial (rep=5, index=0): None
16.0462 	EXP 	text_blank_distractors_T1: autoDraw = False
16.0462 	EXP 	text_distr_T1: autoDraw = False
16.0462 	EXP 	text_blank_distractors_T1: autoDraw = False
16.0462 	EXP 	text_distr_T1: height = 0.05
16.0462 	EXP 	text_distr_T1: height = 0.05
16.0462 	EXP 	text_distr_T1: height = 0.05
16.0462 	EXP 	text_distr_T1: text = 'RYTBPWL'
16.0462 	EXP 	text_distr_T1: autoDraw = True
16.0795 	EXP 	text_distr_T1: autoDraw = False
16.0795 	EXP 	text_blank_distractors_T1: autoDraw = True
16.1296 	EXP 	text_blank_distractors_T1: autoDraw = False
16.1296 	EXP 	text_distr_T1: autoDraw = False
16.1296 	EXP 	text_blank_distractors_T1: autoDraw = False
16.1296 	EXP 	text_T2: height = 0.05
16.1296 	EXP 	text_T2: height = 0.05
16.1296 	EXP 	text_T2: height = 0.05
16.1296 	EXP 	text_T2: text = 'XNURSEX'
16.1296 	EXP 	text_T2: autoDraw = True
16.1630 	EXP 	text_T2: autoDraw = False
16.1630 	EXP 	text_blank_T2_probe: autoDraw = True
16.1971 	EXP 	Created sequence: sequential, trialTypes=1, nReps=12, seed=None
16.1973 	EXP 	New trial (rep=0, index=0): None
16.2130 	EXP 	text_blank_T2_probe: autoDraw = False
16.2130 	EXP 	text_T2: autoDraw = False
16.2130 	EXP 	text_blank_T2_probe: autoDraw = False
16.2130 	EXP 	text_distr_T2: height = 0.05
16.2130 	EXP 	text_distr_T2: height = 0.05
16.2130 	EXP 	text_distr_T2: height = 0.05
16.2130 	EXP 	text_distr_T2: text = 'RYTBPWL'
16.2130 	EXP 	text_distr_T2: autoDraw = True
16.2464 	EXP 	text_distr_T2: autoDraw = False
16.2464 	EXP 	text_blank_distractors_T2: autoDraw = True
16.2803 	EXP 	New trial (rep=1, index=0): None
16.2962 	EXP 	text_blank_distractors_T2: autoDraw = False
16.2962 	EXP 	text_distr_T2: autoDraw = False
16.2962 	EXP 	text_blank_distractors_T2: autoDraw = False
16.2962 	EXP 	text_distr_T2: height = 0.05
16.2962 	EXP 	text_distr_T2: height = 0.05
16.2962 	EXP 	text_distr_T2: height = 0.05
16.2962 	EXP 	text_distr_T2: text = 'HCWGDYZ'
16.2962 	EXP 	text_distr_T2: autoDraw = True
16.3296 	EXP 	text_distr_T2: autoDraw = False
16.3296 	EXP 	text_blank_distractors_T2: autoDraw = True
16.3636 	EXP 	New trial (rep=2, index=0): None
16.3797 	EXP 	text_blank_distractors_T2: autoDraw = False
16.3797 	EXP 	text_distr_T2: autoDraw = False
16.3797 	EXP 	text_blank_distractors_T2: autoDraw = False
16.3797 	EXP 	text_distr_T2: height = 0.05
16.3797 	EXP 	text_distr_T2: height = 0.05
16.3797 	EXP 	text_distr_T2: height = 0.05
16.3797 	EXP 	text_distr_T2: text = 'PDMVRHS'
16.3797 	EXP 	text_distr_T2: autoDraw = True
16.4132 	EXP 	text_distr_T2: autoDraw = False
16.4132 	EXP 	text_blank_distractors_T2: autoDraw = True
16.4469 	EXP 	New trial (rep=3, index=0): None
16.4629 	EXP 	text_blank_distractors_T2: autoDraw = False
16.4629 	EXP 	text_distr_T2: autoDraw = False
16.4629 	EXP 	text_blank_distractors_T2: autoDraw = False
16.4629 	EXP 	text_distr_T2: height = 0.05
16.4629 	EXP 	text_distr_T2: height = 0.05
16.4629 	EXP 	text_distr_T2: height = 0.05
16.4629 	EXP 	text_distr_T2: text = 'PXYQSDR'
16.4629 	EXP 	text_distr_T2: autoDraw = True
16.4963 	EXP 	text_distr_T2: autoDraw = False
16.4963 	EXP 	text_blank_distractors_T2: autoDraw = True
16.5302 	EXP 	New trial (rep=4, index=0): None
16.5464 	EXP 	text_blank_distractors_T2: autoDraw = False
16.5464 	EXP 	text_distr_T2: autoDraw = False
16.5464 	EXP 	text_blank_distractors_T2: autoDraw = False
16.5464 	EXP 	text_distr_T2: height = 0.05
16.5464 	EXP 	text_distr_T2: height = 0.05
16.5464 	EXP 	text_distr_T2: height = 0.05
16.5464 	EXP 	text_distr_T2: text = 'KLBFNXC'
16.5464 	EXP 	text_distr_T2: autoDraw = True
16.5796 	EXP 	text_distr_T2: autoDraw = False
16.5796 	EXP 	text_blank_distractors_T2: autoDraw = True
16.6135 	EXP 	New trial (rep=5, index=0): None
16.6296 	EXP 	text_blank_distractors_T2: autoDraw = False
16.6296 	EXP 	text_distr_T2: autoDraw = False
16.6296 	EXP 	text_blank_distractors_T2: autoDraw = False
16.6296 	EXP 	text_distr_T2: height = 0.05
16.6296 	EXP 	text_distr_T2: height = 0.05
16.6296 	EXP 	text_distr_T2: height = 0.05
16.6296 	EXP 	text_distr_T2: text = 'MJQRHPG'
16.6296 	EXP 	text_distr_T2: autoDraw = True
16.6633 	EXP 	text_distr_T2: autoDraw = False
16.6633 	EXP 	text_blank_distractors_T2: autoDraw = True
16.7130 	EXP 	text_blank_distractors_T2: autoDraw = False
16.7130 	EXP 	text_distr_T2: autoDraw = False
16.7130 	EXP 	text_blank_distractors_T2: autoDraw = False
16.7130 	EXP 	blankT1_1: autoDraw = False
16.7130 	EXP 	text_T1ask: autoDraw = False
16.7130 	EXP 	blankT1_2: autoDraw = False
16.7130 	EXP 	blankT2_1: autoDraw = True
17.6964 	EXP 	text_T2ask: autoDraw = True
17.7131 	EXP 	blankT2_1: autoDraw = False
19.6966 	EXP 	text_T2ask: autoDraw = False
19.6966 	EXP 	blankT2_2: autoDraw = True
20.6807 	EXP 	New trial (rep=0, index=1): {'T0': 'NUMBERS', 'T2': 'LETTERS', 'T1': 7777777.0, 'lagT0': 7, 'lagT1': 1, 'lagT2': 12, 'responseT1': 'f', 'responseT2': 'f', 'related': 1}
20.6967 	EXP 	blankT2_2: autoDraw = False
20.6967 	EXP 	blankT2_1: autoDraw = False
20.6967 	EXP 	text_T2ask: autoDraw = False
20.6967 	EXP 	blankT2_2: autoDraw = False
20.6967 	EXP 	context_word: height = 0.05
20.6967 	EXP 	context_word: height = 0.05
20.6967 	EXP 	context_word: height = 0.05
20.6967 	EXP 	context_word: text = 'NUMBERS'
20.6967 	EXP 	context_word: autoDraw = True
21.6966 	EXP 	context_word: autoDraw = False
21.6966 	EXP 	blankContext: autoDraw = True
22.6807 	EXP 	Created sequence: sequential, trialTypes=1, nReps=10, seed=None
22.6809 	EXP 	New trial (rep=0, index=0): None
22.6968 	EXP 	blankContext: autoDraw = False
22.6968 	EXP 	context_word: autoDraw = False
22.6968 	EXP 	blankContext: autoDraw = False
22.6968 	EXP 	text_distr_T0: height = 0.05
22.6968 	EXP 	text_distr_T0: height = 0.05
22.6968 	EXP 	text_distr_T0: height = 0.05
22.6968 	EXP 	text_distr_T0: text = 'YHRBKCP'
22.6968 	EXP 	text_distr_T0: autoDraw = True
22.7300 	EXP 	text_distr_T0: autoDraw = False
22.7300 	EXP 	text_blank_distractors_T0: autoDraw = True
22.7640 	EXP 	New trial (rep=1, index=0): None
22.7800 	EXP 	text_blank_distractors_T0: autoDraw = False
22.7800 	EXP 	text_distr_T0: autoDraw = False
22.7800 	EXP 	text_blank_distractors_T0: autoDraw = False
22.7800 	EXP 	text_distr_T0: height = 0.05
22.7800 	EXP 	text_distr_T0: height = 0.05
22.7800 	EXP 	text_distr_T0: height = 0.05
22.7800 	EXP 	text_distr_T0: text = 'BRXLQJN'
22.7800 	EXP 	text_distr_T0: autoDraw = True
22.8136 	EXP 	text_distr_T0: autoDraw = False
22.8136 	EXP 	text_blank_distractors_T0: autoDraw = True
22.8473 	EXP 	New trial (rep=2, index=0): None
22.8635 	EXP 	text_blank_distractors_T0: autoDraw = False
22.8635 	EXP 	text_distr_T0: autoDraw = False
22.8635 	EXP 	text_blank_distractors_T0: autoDraw = False
22.8635 	EXP 	text_distr_T0: height = 0.05
22.8635 	EXP 	text_distr_T0: height = 0.05
22.8635 	EXP 	text_distr_T0: height = 0.05
22.8635 	EXP 	text_distr_T0: text = 'KGNBDTX'
22.8635 	EXP 	text_distr_T0: autoDraw = True
22.8967 	EXP 	text_distr_T0: autoDraw = False
22.8967 	EXP 	text_blank_distractors_T0: autoDraw = True
22.9307 	EXP 	New trial (rep=3, index=0): None
22.9467 	EXP 	text_blank_distractors_T0: autoDraw = False
22.9467 	EXP 	text_distr_T0: autoDraw = False
22.9467 	EXP 	text_blank_distractors_T0: autoDraw = False
22.9467 	EXP 	text_distr_T0: height = 0.05
22.9467 	EXP 	text_distr_T0: height = 0.05
22.9467 	EXP 	text_distr_T0: height = 0.05
22.9467 	EXP 	text_distr_T0: text = 'YMVPDZQ'
22.9467 	EXP 	text_distr_T0: autoDraw = True
22.9801 	EXP 	text_distr_T0: autoDraw = False
22.9801 	EXP 	text_blank_distractors_T0: autoDraw = True
23.0141 	EXP 	New trial (rep=4, index=0): None
23.0301 	EXP 	text_blank_distractors_T0: autoDraw = False
23.0301 	EXP 	text_distr_T0: autoDraw = False
23.0301 	EXP 	text_blank_distractors_T0: autoDraw = False
23.0301 	EXP 	text_distr_T0: height = 0.05
23.0301 	EXP 	text_distr_T0: height = 0.05
23.0301 	EXP 	text_distr_T0: height = 0.05
23.0301 	EXP 	text_distr_T0: text = 'WBFKDNX'
23.0301 	EXP 	text_distr_T0: autoDraw = True
23.0636 	EXP 	text_distr_T0: autoDraw = False
23.0636 	EXP 	text_blank_distractors_T0: autoDraw = True
23.0973 	EXP 	New trial (rep=5, index=0): None
23.1135 	EXP 	text_blank_distractors_T0: autoDraw = False
23.1135 	EXP 	text_distr_T0: autoDraw = False
23.1135 	EXP 	text_blank_distractors_T0: autoDraw = False
23.1135 	EXP 	text_distr_T0: height = 0.05
23.1135 	EXP 	text_distr_T0: height = 0.05
23.1135 	EXP 	text_distr_T0: height = 0.05
23.1135 	EXP 	text_distr_T0: text = 'ZRKXHVD'
23.1135 	EXP 	text_distr_T0: autoDraw = True
23.1468 	EXP 	text_distr_T0: autoDraw = False
23.1468 	EXP 	text_blank_distractors_T0: autoDraw = True
23.1967 	EXP 	text_blank_distractors_T0: autoDraw = False
23.1967 	EXP 	text_distr_T0: autoDraw = False
23.1967 	EXP 	text_blank_distractors_T0: autoDraw = False
23.1967 	EXP 	text_T1: text = '7777777'
23.1967 	EXP 	text_T1: autoDraw = True
23.2302 	EXP 	text_T1: autoDraw = False
23.2302 	EXP 	text_blank_number_T1: autoDraw = True
23.2642 	EXP 	Created sequence: sequential, trialTypes=1, nReps=7, seed=None
23.2644 	EXP 	New trial (rep=0, index=0): None
23.2800 	EXP 	text_blank_number_T1: autoDraw = False
23.2800 	EXP 	text_T1: autoDraw = False
23.2800 	EXP 	text_blank_number_T1: autoDraw = False
23.2800 	EXP 	text_distr_T1: height = 0.05
23.2800 	EXP 	text_distr_T1: height = 0.05
23.2800 	EXP 	text_distr_T1: height = 0.05
23.2800 	EXP 	text_distr_T1: text = 'PLKBSFM'
23.2800 	EXP 	text_distr_T1: autoDraw = False
23.2800 	EXP 	text_blank_distractors_T1: autoDraw = False
23.2800 	EXP 	text_T2: height = 0.05
23.2800 	EXP 	text_T2: height = 0.05
23.2800 	EXP 	text_T2: height = 0.05
23.2800 	EXP 	text_T2: text = 'LETTERS'
23.2800 	EXP 	text_T2: autoDraw = True
23.3134 	EXP 	text_T2: autoDraw = False
23.3134 	EXP 	text_blank_T2_probe: autoDraw = True
23.3475 	EXP 	Created sequence: sequential, trialTypes=1, nReps=12, seed=None
23.3476 	EXP 	New trial (rep=0, index=0): None
23.3634 	EXP 	text_blank_T2_probe: autoDraw = False
23.3634 	EXP 	text_T2: autoDraw = False
23.3634 	EXP 	text_blank_T2_probe: autoDraw = False
23.3634 	EXP 	text_distr_T2: height = 0.05
23.3634 	EXP 	text_distr_T2: height = 0.05
23.3634 	EXP 	text_distr_T2: height = 0.05
23.3634 	EXP 	text_distr_T2: text = 'PLKBSFM'
23.3634 	EXP 	text_distr_T2: autoDraw = True
23.3967 	EXP 	text_distr_T2: autoDraw = False
23.3967 	EXP 	text_blank_distractors_T2: autoDraw = True
23.4308 	EXP 	New trial (rep=1, index=0): None
23.4468 	EXP 	text_blank_distractors_T2: autoDraw = False
23.4468 	EXP 	text_distr_T2: autoDraw = False
23.4468 	EXP 	text_blank_distractors_T2: autoDraw = False
23.4468 	EXP 	text_distr_T2: height = 0.05
23.4468 	EXP 	text_distr_T2: height = 0.05
23.4468 	EXP 	text_distr_T2: height = 0.05
23.4468 	EXP 	text_distr_T2: text = 'YJXNMHF'
23.4468 	EXP 	text_distr_T2: autoDraw = True
23.4801 	EXP 	text_distr_T2: autoDraw = False
23.4801 	EXP 	text_blank_distractors_T2: autoDraw = True
23.5141 	EXP 	New trial (rep=2, index=0): None
23.5301 	EXP 	text_blank_distractors_T2: autoDraw = False
23.5301 	EXP 	text_distr_T2: autoDraw = False
23.5301 	EXP 	text_blank_distractors_T2: autoDraw = False
23.5301 	EXP 	text_distr_T2: height = 0.05
23.5301 	EXP 	text_distr_T2: height = 0.05
23.5301 	EXP 	text_distr_T2: height = 0.05
23.5301 	EXP 	text_distr_T2: text = 'QHPWTZN'
23.5301 	EXP 	text_distr_T2: autoDraw = True
23.5634 	EXP 	text_distr_T2: autoDraw = False
23.5634 	EXP 	text_blank_distractors_T2: autoDraw = True
23.5974 	EXP 	New trial (rep=3, index=0): None
23.6133 	EXP 	text_blank_distractors_T2: autoDraw = False
23.6133 	EXP 	text_distr_T2: autoDraw = False
23.6133 	EXP 	text_blank_distractors_T2: autoDraw = False
23.6133 	EXP 	text_distr_T2: height = 0.05
23.6133 	EXP 	text_distr_T2: height = 0.05
23.6133 	EXP 	text_distr_T2: height = 0.05
23.6133 	EXP 	text_distr_T2: text = 'FDZGQSM'
23.6133 	EXP 	text_distr_T2: autoDraw = True
23.6467 	EXP 	text_distr_T2: autoDraw = False
23.6467 	EXP 	text_blank_distractors_T2: autoDraw = True
23.6808 	EXP 	New trial (rep=4, index=0): None
23.6968 	EXP 	text_blank_distractors_T2: autoDraw = False
23.6968 	EXP 	text_distr_T2: autoDraw = False
23.6968 	EXP 	text_blank_distractors_T2: autoDraw = False
23.6968 	EXP 	text_distr_T2: height = 0.05
23.6968 	EXP 	text_distr_T2: height = 0.05
23.6968 	EXP 	text_distr_T2: height = 0.05
23.6968 	EXP 	text_distr_T2: text = 'GVZMNYR'
23.6968 	EXP 	text_distr_T2: autoDraw = True
23.7300 	EXP 	text_distr_T2: autoDraw = False
23.7300 	EXP 	text_blank_distractors_T2: autoDraw = True
23.7640 	EXP 	New trial (rep=5, index=0): None
23.7802 	EXP 	text_blank_distractors_T2: autoDraw = False
23.7802 	EXP 	text_distr_T2: autoDraw = False
23.7802 	EXP 	text_blank_distractors_T2: autoDraw = False
23.7802 	EXP 	text_distr_T2: height = 0.05
23.7802 	EXP 	text_distr_T2: height = 0.05
23.7802 	EXP 	text_distr_T2: height = 0.05
23.7802 	EXP 	text_distr_T2: text = 'YTQNBJW'
23.7802 	EXP 	text_distr_T2: autoDraw = True
23.8135 	EXP 	text_distr_T2: autoDraw = False
23.8135 	EXP 	text_blank_distractors_T2: autoDraw = True
23.8474 	EXP 	New trial (rep=6, index=0): None
23.8635 	EXP 	text_blank_distractors_T2: autoDraw = False
23.8635 	EXP 	text_distr_T2: autoDraw = False
23.8635 	EXP 	text_blank_distractors_T2: autoDraw = False
23.8635 	EXP 	text_distr_T2: height = 0.05
23.8635 	EXP 	text_distr_T2: height = 0.05
23.8635 	EXP 	text_distr_T2: height = 0.05
23.8635 	EXP 	text_distr_T2: text = 'GZTPXBD'
23.8635 	EXP 	text_distr_T2: autoDraw = True
23.8967 	EXP 	text_distr_T2: autoDraw = False
23.8967 	EXP 	text_blank_distractors_T2: autoDraw = True
23.9309 	EXP 	New trial (rep=7, index=0): None
23.9468 	EXP 	text_blank_distractors_T2: autoDraw = False
23.9468 	EXP 	text_distr_T2: autoDraw = False
23.9468 	EXP 	text_blank_distractors_T2: autoDraw = False
23.9468 	EXP 	text_distr_T2: height = 0.05
23.9468 	EXP 	text_distr_T2: height = 0.05
23.9468 	EXP 	text_distr_T2: height = 0.05
23.9468 	EXP 	text_distr_T2: text = 'LHYQSXV'
23.9468 	EXP 	text_distr_T2: autoDraw = True
23.9802 	EXP 	text_distr_T2: autoDraw = False
23.9802 	EXP 	text_blank_distractors_T2: autoDraw = True
24.0144 	EXP 	New trial (rep=8, index=0): None
24.0302 	EXP 	text_blank_distractors_T2: autoDraw = False
24.0302 	EXP 	text_distr_T2: autoDraw = False
24.0302 	EXP 	text_blank_distractors_T2: autoDraw = False
24.0302 	EXP 	text_distr_T2: height = 0.05
24.0302 	EXP 	text_distr_T2: height = 0.05
24.0302 	EXP 	text_distr_T2: height = 0.05
24.0302 	EXP 	text_distr_T2: text = 'BTFPMXN'
24.0302 	EXP 	text_distr_T2: autoDraw = True
24.0634 	EXP 	text_distr_T2: autoDraw = False
24.0634 	EXP 	text_blank_distractors_T2: autoDraw = True
24.0975 	EXP 	New trial (rep=9, index=0): None
24.1135 	EXP 	text_blank_distractors_T2: autoDraw = False
24.1135 	EXP 	text_distr_T2: autoDraw = False
24.1135 	EXP 	text_blank_distractors_T2: autoDraw = False
24.1135 	EXP 	text_distr_T2: height = 0.05
24.1135 	EXP 	text_distr_T2: height = 0.05
24.1135 	EXP 	text_distr_T2: height = 0.05
24.1135 	EXP 	text_distr_T2: text = 'TLQYVRD'
24.1135 	EXP 	text_distr_T2: autoDraw = True
24.1468 	EXP 	text_distr_T2: autoDraw = False
24.1468 	EXP 	text_blank_distractors_T2: autoDraw = True
24.1810 	EXP 	New trial (rep=10, index=0): None
24.1968 	EXP 	text_blank_distractors_T2: autoDraw = False
24.1968 	EXP 	text_distr_T2: autoDraw = False
24.1968 	EXP 	text_blank_distractors_T2: autoDraw = False
24.1968 	EXP 	text_distr_T2: height = 0.05
24.1968 	EXP 	text_distr_T2: height = 0.05
24.1968 	EXP 	text_distr_T2: height = 0.05
24.1968 	EXP 	text_distr_T2: text = 'PLRZMTJ'
24.1968 	EXP 	text_distr_T2: autoDraw = True
24.2302 	EXP 	text_distr_T2: autoDraw = False
24.2302 	EXP 	text_blank_distractors_T2: autoDraw = True
24.2642 	EXP 	New trial (rep=11, index=0): None
24.2801 	EXP 	text_blank_distractors_T2: autoDraw = False
24.2801 	EXP 	text_distr_T2: autoDraw = False
24.2801 	EXP 	text_blank_distractors_T2: autoDraw = False
24.2801 	EXP 	text_distr_T2: height = 0.05
24.2801 	EXP 	text_distr_T2: height = 0.05
24.2801 	EXP 	text_distr_T2: height = 0.05
24.2801 	EXP 	text_distr_T2: text = 'HYVGQCB'
24.2801 	EXP 	text_distr_T2: autoDraw = True
24.3137 	EXP 	text_distr_T2: autoDraw = False
24.3137 	EXP 	text_blank_distractors_T2: autoDraw = True
24.3634 	EXP 	text_blank_distractors_T2: autoDraw = False
24.3634 	EXP 	text_distr_T2: autoDraw = False
24.3634 	EXP 	text_blank_distractors_T2: autoDraw = False
24.3634 	EXP 	blankT1_1: autoDraw = False
24.3634 	EXP 	text_T1ask: autoDraw = False
24.3634 	EXP 	blankT1_2: autoDraw = False
24.3634 	EXP 	blankT2_1: autoDraw = True
25.3468 	EXP 	text_T2ask: autoDraw = True
25.3635 	EXP 	blankT2_1: autoDraw = False
27.3469 	EXP 	text_T2ask: autoDraw = False
27.3469 	EXP 	blankT2_2: autoDraw = True
28.3314 	EXP 	New trial (rep=0, index=2): {'T0': 'LIPS', 'T2': 'XXIRONX', 'T1': 7777777.0, 'lagT0': 7, 'lagT1': 7, 'lagT2': 6, 'responseT1': 'f', 'responseT2': 'j', 'related': 0}
28.3469 	EXP 	blankT2_2: autoDraw = False
28.3469 	EXP 	blankT2_1: autoDraw = False
28.3469 	EXP 	text_T2ask: autoDraw = False
28.3469 	EXP 	blankT2_2: autoDraw = False
28.3469 	EXP 	context_word: height = 0.05
28.3469 	EXP 	context_word: height = 0.05
28.3469 	EXP 	context_word: height = 0.05
28.3469 	EXP 	context_word: text = 'LIPS'
28.3469 	EXP 	context_word: autoDraw = True
29.3471 	EXP 	context_word: autoDraw = False
29.3471 	EXP 	blankContext: autoDraw = True
30.3312 	EXP 	Created sequence: sequential, trialTypes=1, nReps=10, seed=None
30.3314 	EXP 	New trial (rep=0, index=0): None
30.3471 	EXP 	blankContext: autoDraw = False
30.3471 	EXP 	context_word: autoDraw = False
30.3471 	EXP 	blankContext: autoDraw = False
30.3471 	EXP 	text_distr_T0: height = 0.05
30.3471 	EXP 	text_distr_T0: height = 0.05
30.3471 	EXP 	text_distr_T0: height = 0.05
30.3471 	EXP 	text_distr_T0: text = 'LZNYJMC'
30.3471 	EXP 	text_distr_T0: autoDraw = True
30.3804 	EXP 	text_distr_T0: autoDraw = False
30.3804 	EXP 	text_blank_distractors_T0: autoDraw = True
30.4144 	EXP 	New trial (rep=1, index=0): None
30.4306 	EXP 	text_blank_distractors_T0: autoDraw = False
30.4306 	EXP 	text_distr_T0: autoDraw = False
30.4306 	EXP 	text_blank_distractors_T0: autoDraw = False
30.4306 	EXP 	text_distr_T0: height = 0.05
30.4306 	EXP 	text_distr_T0: height = 0.05
30.4306 	EXP 	text_distr_T0: height = 0.05
30.4306 	EXP 	text_distr_T0: text = 'QHVSFBX'
30.4306 	EXP 	text_distr_T0: autoDraw = True
30.4637 	EXP 	text_distr_T0: autoDraw = False
30.4637 	EXP 	text_blank_distractors_T0: autoDraw = True
30.4980 	EXP 	New trial (rep=2, index=0): None
30.5139 	EXP 	text_blank_distractors_T0: autoDraw = False
30.5139 	EXP 	text_distr_T0: autoDraw = False
30.5139 	EXP 	text_blank_distractors_T0: autoDraw = False
30.5139 	EXP 	text_distr_T0: height = 0.05
30.5139 	EXP 	text_distr_T0: height = 0.05
30.5139 	EXP 	text_distr_T0: height = 0.05
30.5139 	EXP 	text_distr_T0: text = 'MVCZLDQ'
30.5139 	EXP 	text_distr_T0: autoDraw = True
30.5471 	EXP 	text_distr_T0: autoDraw = False
30.5471 	EXP 	text_blank_distractors_T0: autoDraw = True
30.5811 	EXP 	New trial (rep=3, index=0): None
30.5971 	EXP 	text_blank_distractors_T0: autoDraw = False
30.5971 	EXP 	text_distr_T0: autoDraw = False
30.5971 	EXP 	text_blank_distractors_T0: autoDraw = False
30.5971 	EXP 	text_distr_T0: height = 0.05
30.5971 	EXP 	text_distr_T0: height = 0.05
30.5971 	EXP 	text_distr_T0: height = 0.05
30.5971 	EXP 	text_distr_T0: text = 'MKPGXQT'
30.5971 	EXP 	text_distr_T0: autoDraw = True
30.6307 	EXP 	text_distr_T0: autoDraw = False
30.6307 	EXP 	text_blank_distractors_T0: autoDraw = True
30.6647 	EXP 	New trial (rep=4, index=0): None
30.6805 	EXP 	text_blank_distractors_T0: autoDraw = False
30.6805 	EXP 	text_distr_T0: autoDraw = False
30.6805 	EXP 	text_blank_distractors_T0: autoDraw = False
30.6805 	EXP 	text_distr_T0: height = 0.05
30.6805 	EXP 	text_distr_T0: height = 0.05
30.6805 	EXP 	text_distr_T0: height = 0.05
30.6805 	EXP 	text_distr_T0: text = 'WDHFNYS'
30.6805 	EXP 	text_distr_T0: autoDraw = True
30.7138 	EXP 	text_distr_T0: autoDraw = False
30.7138 	EXP 	text_blank_distractors_T0: autoDraw = True
30.7479 	EXP 	New trial (rep=5, index=0): None
30.7638 	EXP 	text_blank_distractors_T0: autoDraw = False
30.7638 	EXP 	text_distr_T0: autoDraw = False
30.7638 	EXP 	text_blank_distractors_T0: autoDraw = False
30.7638 	EXP 	text_distr_T0: height = 0.05
30.7638 	EXP 	text_distr_T0: height = 0.05
30.7638 	EXP 	text_distr_T0: height = 0.05
30.7638 	EXP 	text_distr_T0: text = 'MZCYJTG'
30.7638 	EXP 	text_distr_T0: autoDraw = True
30.7971 	EXP 	text_distr_T0: autoDraw = False
30.7971 	EXP 	text_blank_distractors_T0: autoDraw = True
30.8472 	EXP 	text_blank_distractors_T0: autoDraw = False
30.8472 	EXP 	text_distr_T0: autoDraw = False
30.8472 	EXP 	text_blank_distractors_T0: autoDraw = False
30.8472 	EXP 	text_T1: text = '7777777'
30.8472 	EXP 	text_T1: autoDraw = True
30.8804 	EXP 	text_T1: autoDraw = False
30.8804 	EXP 	text_blank_number_T1: autoDraw = True
30.9146 	EXP 	Created sequence: sequential, trialTypes=1, nReps=7, seed=None
30.9148 	EXP 	New trial (rep=0, index=0): None
30.9305 	EXP 	text_blank_number_T1: autoDraw = False
30.9305 	EXP 	text_T1: autoDraw = False
30.9305 	EXP 	text_blank_number_T1: autoDraw = False
30.9305 	EXP 	text_distr_T1: height = 0.05
30.9305 	EXP 	text_distr_T1: height = 0.05
30.9305 	EXP 	text_distr_T1: height = 0.05
30.9305 	EXP 	text_distr_T1: text = 'SJXFTBR'
30.9305 	EXP 	text_distr_T1: autoDraw = True
30.9638 	EXP 	text_distr_T1: autoDraw = False
30.9638 	EXP 	text_blank_distractors_T1: autoDraw = True
30.9978 	EXP 	New trial (rep=1, index=0): None
31.0138 	EXP 	text_blank_distractors_T1: autoDraw = False
31.0138 	EXP 	text_distr_T1: autoDraw = False
31.0138 	EXP 	text_blank_distractors_T1: autoDraw = False
31.0138 	EXP 	text_distr_T1: height = 0.05
31.0138 	EXP 	text_distr_T1: height = 0.05
31.0138 	EXP 	text_distr_T1: height = 0.05
31.0138 	EXP 	text_distr_T1: text = 'XLMFPNW'
31.0138 	EXP 	text_distr_T1: autoDraw = True
31.0472 	EXP 	text_distr_T1: autoDraw = False
31.0472 	EXP 	text_blank_distractors_T1: autoDraw = True
31.0811 	EXP 	New trial (rep=2, index=0): None
31.0971 	EXP 	text_blank_distractors_T1: autoDraw = False
31.0971 	EXP 	text_distr_T1: autoDraw = False
31.0971 	EXP 	text_blank_distractors_T1: autoDraw = False
31.0971 	EXP 	text_distr_T1: height = 0.05
31.0971 	EXP 	text_distr_T1: height = 0.05
31.0971 	EXP 	text_distr_T1: height = 0.05
31.0971 	EXP 	text_distr_T1: text = 'FVJXBNS'
31.0971 	EXP 	text_distr_T1: autoDraw = True
31.1305 	EXP 	text_distr_T1: autoDraw = False
31.1305 	EXP 	text_blank_distractors_T1: autoDraw = True
31.1645 	EXP 	New trial (rep=3, index=0): None
31.1806 	EXP 	text_blank_distractors_T1: autoDraw = False
31.1806 	EXP 	text_distr_T1: autoDraw = False
31.1806 	EXP 	text_blank_distractors_T1: autoDraw = False
31.1806 	EXP 	text_distr_T1: height = 0.05
31.1806 	EXP 	text_distr_T1: height = 0.05
31.1806 	EXP 	text_distr_T1: height = 0.05
31.1806 	EXP 	text_distr_T1: text = 'ZGKLYVD'
31.1806 	EXP 	text_distr_T1: autoDraw = True
31.2138 	EXP 	text_distr_T1: autoDraw = False
31.2138 	EXP 	text_blank_distractors_T1: autoDraw = True
31.2479 	EXP 	New trial (rep=4, index=0): None
31.2639 	EXP 	text_blank_distractors_T1: autoDraw = False
31.2639 	EXP 	text_distr_T1: autoDraw = False
31.2639 	EXP 	text_blank_distractors_T1: autoDraw = False
31.2639 	EXP 	text_distr_T1: height = 0.05
31.2639 	EXP 	text_distr_T1: height = 0.05
31.2639 	EXP 	text_distr_T1: height = 0.05
31.2639 	EXP 	text_distr_T1: text = 'LPHGTKN'
31.2639 	EXP 	text_distr_T1: autoDraw = True
31.2972 	EXP 	text_distr_T1: autoDraw = False
31.2972 	EXP 	text_blank_distractors_T1: autoDraw = True
31.3312 	EXP 	New trial (rep=5, index=0): None
31.3474 	EXP 	text_blank_distractors_T1: autoDraw = False
31.3474 	EXP 	text_distr_T1: autoDraw = False
31.3474 	EXP 	text_blank_distractors_T1: autoDraw = False
31.3474 	EXP 	text_distr_T1: height = 0.05
31.3474 	EXP 	text_distr_T1: height = 0.05
31.3474 	EXP 	text_distr_T1: height = 0.05
31.3474 	EXP 	text_distr_T1: text = 'GPKZHXY'
31.3474 	EXP 	text_distr_T1: autoDraw = True
31.3805 	EXP 	text_distr_T1: autoDraw = False
31.3805 	EXP 	text_blank_distractors_T1: autoDraw = True
31.4305 	EXP 	text_blank_distractors_T1: autoDraw = False
31.4305 	EXP 	text_distr_T1: autoDraw = False
31.4305 	EXP 	text_blank_distractors_T1: autoDraw = False
31.4305 	EXP 	text_T2: height = 0.05
31.4305 	EXP 	text_T2: height = 0.05
31.4305 	EXP 	text_T2: height = 0.05
31.4305 	EXP 	text_T2: text = 'XXIRONX'
31.4305 	EXP 	text_T2: autoDraw = True
31.4639 	EXP 	text_T2: autoDraw = False
31.4639 	EXP 	text_blank_T2_probe: autoDraw = True
31.4983 	EXP 	Created sequence: sequential, trialTypes=1, nReps=12, seed=None
31.4985 	EXP 	New trial (rep=0, index=0): None
31.5138 	EXP 	text_blank_T2_probe: autoDraw = False
31.5138 	EXP 	text_T2: autoDraw = False
31.5138 	EXP 	text_blank_T2_probe: autoDraw = False
31.5138 	EXP 	text_distr_T2: height = 0.05
31.5138 	EXP 	text_distr_T2: height = 0.05
31.5138 	EXP 	text_distr_T2: height = 0.05
31.5138 	EXP 	text_distr_T2: text = 'GPKZHXY'
31.5138 	EXP 	text_distr_T2: autoDraw = True
31.5471 	EXP 	text_distr_T2: autoDraw = False
31.5471 	EXP 	text_blank_distractors_T2: autoDraw = True
31.5811 	EXP 	New trial (rep=1, index=0): None
31.5972 	EXP 	text_blank_distractors_T2: autoDraw = False
31.5972 	EXP 	text_distr_T2: autoDraw = False
31.5972 	EXP 	text_blank_distractors_T2: autoDraw = False
31.5972 	EXP 	text_distr_T2: height = 0.05
31.5972 	EXP 	text_distr_T2: height = 0.05
31.5972 	EXP 	text_distr_T2: height = 0.05
31.5972 	EXP 	text_distr_T2: text = 'JDCTBFV'
31.5972 	EXP 	text_distr_T2: autoDraw = True
31.6306 	EXP 	text_distr_T2: autoDraw = False
31.6306 	EXP 	text_blank_distractors_T2: autoDraw = True
31.6646 	EXP 	New trial (rep=2, index=0): None
31.6806 	EXP 	text_blank_distractors_T2: autoDraw = False
31.6806 	EXP 	text_distr_T2: autoDraw = False
31.6806 	EXP 	text_blank_distractors_T2: autoDraw = False
31.6806 	EXP 	text_distr_T2: height = 0.05
31.6806 	EXP 	text_distr_T2: height = 0.05
31.6806 	EXP 	text_distr_T2: height = 0.05
31.6806 	EXP 	text_distr_T2: text = 'WGCPFMB'
31.6806 	EXP 	text_distr_T2: autoDraw = True
31.7138 	EXP 	text_distr_T2: autoDraw = False
31.7138 	EXP 	text_blank_distractors_T2: autoDraw = True
31.7479 	EXP 	New trial (rep=3, index=0): None
31.7641 	EXP 	text_blank_distractors_T2: autoDraw = False
31.7641 	EXP 	text_distr_T2: autoDraw = False
31.7641 	EXP 	text_blank_distractors_T2: autoDraw = False
31.7641 	EXP 	text_distr_T2: height = 0.05
31.7641 	EXP 	text_distr_T2: height = 0.05
31.7641 	EXP 	text_distr_T2: height = 0.05
31.7641 	EXP 	text_distr_T2: text = 'XGSVFRZ'
31.7641 	EXP 	text_distr_T2: autoDraw = True
31.7972 	EXP 	text_distr_T2: autoDraw = False
31.7972 	EXP 	text_blank_distractors_T2: autoDraw = True
31.8311 	EXP 	New trial (rep=4, index=0): None
31.8472 	EXP 	text_blank_distractors_T2: autoDraw = False
31.8472 	EXP 	text_distr_T2: autoDraw = False
31.8472 	EXP 	text_blank_distractors_T2: autoDraw = False
31.8472 	EXP 	text_distr_T2: height = 0.05
31.8472 	EXP 	text_distr_T2: height = 0.05
31.8472 	EXP 	text_distr_T2: height = 0.05
31.8472 	EXP 	text_distr_T2: text = 'QTVPDHX'
31.8472 	EXP 	text_distr_T2: autoDraw = True
31.8805 	EXP 	text_distr_T2: autoDraw = False
31.8805 	EXP 	text_blank_distractors_T2: autoDraw = True
31.9146 	EXP 	New trial (rep=5, index=0): None
31.9306 	EXP 	text_blank_distractors_T2: autoDraw = False
31.9306 	EXP 	text_distr_T2: autoDraw = False
31.9306 	EXP 	text_blank_distractors_T2: autoDraw = False
31.9306 	EXP 	text_distr_T2: height = 0.05
31.9306 	EXP 	text_distr_T2: height = 0.05
31.9306 	EXP 	text_distr_T2: height = 0.05
31.9306 	EXP 	text_distr_T2: text = 'ZHSWYVJ'
31.9306 	EXP 	text_distr_T2: autoDraw = True
31.9638 	EXP 	text_distr_T2: autoDraw = False
31.9638 	EXP 	text_blank_distractors_T2: autoDraw = True
32.0141 	EXP 	text_blank_distractors_T2: autoDraw = False
32.0141 	EXP 	text_distr_T2: autoDraw = False
32.0141 	EXP 	text_blank_distractors_T2: autoDraw = False
32.0141 	EXP 	blankT1_1: autoDraw = False
32.0141 	EXP 	text_T1ask: autoDraw = False
32.0141 	EXP 	blankT1_2: autoDraw = False
32.0141 	EXP 	blankT2_1: autoDraw = True
32.9974 	EXP 	text_T2ask: autoDraw = True
33.0139 	EXP 	blankT2_1: autoDraw = False
34.9973 	EXP 	text_T2ask: autoDraw = False
34.9973 	EXP 	blankT2_2: autoDraw = True
35.9816 	EXP 	New trial (rep=0, index=3): {'T0': 'WAG', 'T2': 'XTRAINX', 'T1': 3333333.0, 'lagT0': 10, 'lagT1': 3, 'lagT2': 7, 'responseT1': 'f', 'responseT2': 'j', 'related': 0}
35.9975 	EXP 	blankT2_2: autoDraw = False
35.9975 	EXP 	blankT2_1: autoDraw = False
35.9975 	EXP 	text_T2ask: autoDraw = False
35.9975 	EXP 	blankT2_2: autoDraw = False
35.9975 	EXP 	context_word: height = 0.05
35.9975 	EXP 	context_word: height = 0.05
35.9975 	EXP 	context_word: height = 0.05
35.9975 	EXP 	context_word: text = 'WAG'
35.9975 	EXP 	context_word: autoDraw = True
36.9974 	EXP 	context_word: autoDraw = False
36.9974 	EXP 	blankContext: autoDraw = True
37.9817 	EXP 	Created sequence: sequential, trialTypes=1, nReps=10, seed=None
37.9819 	EXP 	New trial (rep=0, index=0): None
37.9976 	EXP 	blankContext: autoDraw = False
37.9976 	EXP 	context_word: autoDraw = False
37.9976 	EXP 	blankContext: autoDraw = False
37.9976 	EXP 	text_distr_T0: height = 0.05
37.9976 	EXP 	text_distr_T0: height = 0.05
37.9976 	EXP 	text_distr_T0: height = 0.05
37.9976 	EXP 	text_distr_T0: text = 'SFBQCRK'
37.9976 	EXP 	text_distr_T0: autoDraw = True
38.0310 	EXP 	text_distr_T0: autoDraw = False
38.0310 	EXP 	text_blank_distractors_T0: autoDraw = True
38.0651 	EXP 	New trial (rep=1, index=0): None
38.0809 	EXP 	text_blank_distractors_T0: autoDraw = False
38.0809 	EXP 	text_distr_T0: autoDraw = False
38.0809 	EXP 	text_blank_distractors_T0: autoDraw = False
38.0809 	EXP 	text_distr_T0: height = 0.05
38.0809 	EXP 	text_distr_T0: height = 0.05
38.0809 	EXP 	text_distr_T0: height = 0.05
38.0809 	EXP 	text_distr_T0: text = 'TBPZNGF'
38.0809 	EXP 	text_distr_T0: autoDraw = True
38.1142 	EXP 	text_distr_T0: autoDraw = False
38.1142 	EXP 	text_blank_distractors_T0: autoDraw = True
38.1484 	EXP 	New trial (rep=2, index=0): None
38.1642 	EXP 	text_blank_distractors_T0: autoDraw = False
38.1642 	EXP 	text_distr_T0: autoDraw = False
38.1642 	EXP 	text_blank_distractors_T0: autoDraw = False
38.1642 	EXP 	text_distr_T0: height = 0.05
38.1642 	EXP 	text_distr_T0: height = 0.05
38.1642 	EXP 	text_distr_T0: height = 0.05
38.1642 	EXP 	text_distr_T0: text = 'HYRJWSP'
38.1642 	EXP 	text_distr_T0: autoDraw = True
38.1975 	EXP 	text_distr_T0: autoDraw = False
38.1975 	EXP 	text_blank_distractors_T0: autoDraw = True
38.2316 	EXP 	New trial (rep=3, index=0): None
38.2475 	EXP 	text_blank_distractors_T0: autoDraw = False
38.2475 	EXP 	text_distr_T0: autoDraw = False
38.2475 	EXP 	text_blank_distractors_T0: autoDraw = False
38.2475 	EXP 	text_distr_T0: height = 0.05
38.2475 	EXP 	text_distr_T0: height = 0.05
38.2475 	EXP 	text_distr_T0: height = 0.05
38.2475 	EXP 	text_distr_T0: text = 'ZLBNFGJ'
38.2475 	EXP 	text_distr_T0: autoDraw = True
38.2808 	EXP 	text_distr_T0: autoDraw = False
38.2808 	EXP 	text_blank_distractors_T0: autoDraw = True
38.3149 	EXP 	New trial (rep=4, index=0): None
38.3308 	EXP 	text_blank_distractors_T0: autoDraw = False
38.3308 	EXP 	text_distr_T0: autoDraw = False
38.3308 	EXP 	text_blank_distractors_T0: autoDraw = False
38.3308 	EXP 	text_distr_T0: height = 0.05
38.3308 	EXP 	text_distr_T0: height = 0.05
38.3308 	EXP 	text_distr_T0: height = 0.05
38.3308 	EXP 	text_distr_T0: text = 'VQFTMCL'
38.3308 	EXP 	text_distr_T0: autoDraw = True
38.3647 	EXP 	text_distr_T0: autoDraw = False
38.3647 	EXP 	text_blank_distractors_T0: autoDraw = True
38.3981 	EXP 	New trial (rep=5, index=0): None
38.4142 	EXP 	text_blank_distractors_T0: autoDraw = False
38.4142 	EXP 	text_distr_T0: autoDraw = False
38.4142 	EXP 	text_blank_distractors_T0: autoDraw = False
38.4142 	EXP 	text_distr_T0: height = 0.05
38.4142 	EXP 	text_distr_T0: height = 0.05
38.4142 	EXP 	text_distr_T0: height = 0.05
38.4142 	EXP 	text_distr_T0: text = 'KLTBWFM'
38.4142 	EXP 	text_distr_T0: autoDraw = True
38.4476 	EXP 	text_distr_T0: autoDraw = False
38.4476 	EXP 	text_blank_distractors_T0: autoDraw = True
38.4815 	EXP 	New trial (rep=6, index=0): None
38.4976 	EXP 	text_blank_distractors_T0: autoDraw = False
38.4976 	EXP 	text_distr_T0: autoDraw = False
38.4976 	EXP 	text_blank_distractors_T0: autoDraw = False
38.4976 	EXP 	text_distr_T0: height = 0.05
38.4976 	EXP 	text_distr_T0: height = 0.05
38.4976 	EXP 	text_distr_T0: height = 0.05
38.4976 	EXP 	text_distr_T0: text = 'ZGTQHCP'
38.4976 	EXP 	text_distr_T0: autoDraw = True
38.5308 	EXP 	text_distr_T0: autoDraw = False
38.5308 	EXP 	text_blank_distractors_T0: autoDraw = True
38.5651 	EXP 	New trial (rep=7, index=0): None
38.5808 	EXP 	text_blank_distractors_T0: autoDraw = False
38.5808 	EXP 	text_distr_T0: autoDraw = False
38.5808 	EXP 	text_blank_distractors_T0: autoDraw = False
38.5808 	EXP 	text_distr_T0: height = 0.05
38.5808 	EXP 	text_distr_T0: height = 0.05
38.5808 	EXP 	text_distr_T0: height = 0.05
38.5808 	EXP 	text_distr_T0: text = 'QSHPRCD'
38.5808 	EXP 	text_distr_T0: autoDraw = True
38.6142 	EXP 	text_distr_T0: autoDraw = False
38.6142 	EXP 	text_blank_distractors_T0: autoDraw = True
38.6483 	EXP 	New trial (rep=8, index=0): None
38.6643 	EXP 	text_blank_distractors_T0: autoDraw = False
38.6643 	EXP 	text_distr_T0: autoDraw = False
38.6643 	EXP 	text_blank_distractors_T0: autoDraw = False
38.6643 	EXP 	text_distr_T0: height = 0.05
38.6643 	EXP 	text_distr_T0: height = 0.05
38.6643 	EXP 	text_distr_T0: height = 0.05
38.6643 	EXP 	text_distr_T0: text = 'HPCSLXT'
38.6643 	EXP 	text_distr_T0: autoDraw = True
38.6977 	EXP 	text_distr_T0: autoDraw = False
38.6977 	EXP 	text_blank_distractors_T0: autoDraw = True
38.7478 	EXP 	text_blank_distractors_T0: autoDraw = False
38.7478 	EXP 	text_distr_T0: autoDraw = False
38.7478 	EXP 	text_blank_distractors_T0: autoDraw = False
38.7478 	EXP 	text_T1: height = 0.05
38.7478 	EXP 	text_T1: height = 0.05
38.7478 	EXP 	text_T1: height = 0.05
38.7478 	EXP 	text_T1: text = '3333333'
38.7478 	EXP 	text_T1: autoDraw = True
38.7813 	EXP 	text_T1: autoDraw = False
38.7813 	EXP 	text_blank_number_T1: autoDraw = True
38.8149 	EXP 	Created sequence: sequential, trialTypes=1, nReps=7, seed=None
38.8151 	EXP 	New trial (rep=0, index=0): None
38.8309 	EXP 	text_blank_number_T1: autoDraw = False
38.8309 	EXP 	text_T1: autoDraw = False
38.8309 	EXP 	text_blank_number_T1: autoDraw = False
38.8309 	EXP 	text_distr_T1: height = 0.05
38.8309 	EXP 	text_distr_T1: height = 0.05
38.8309 	EXP 	text_distr_T1: height = 0.05
38.8309 	EXP 	text_distr_T1: text = 'PZWSMGY'
38.8309 	EXP 	text_distr_T1: autoDraw = True
38.8642 	EXP 	text_distr_T1: autoDraw = False
38.8642 	EXP 	text_blank_distractors_T1: autoDraw = True
38.8982 	EXP 	New trial (rep=1, index=0): None
38.9144 	EXP 	text_blank_distractors_T1: autoDraw = False
38.9144 	EXP 	text_distr_T1: autoDraw = False
38.9144 	EXP 	text_blank_distractors_T1: autoDraw = False
38.9144 	EXP 	text_distr_T1: height = 0.05
38.9144 	EXP 	text_distr_T1: height = 0.05
38.9144 	EXP 	text_distr_T1: height = 0.05
38.9144 	EXP 	text_distr_T1: text = 'MSKJTQN'
38.9144 	EXP 	text_distr_T1: autoDraw = True
38.9480 	EXP 	text_distr_T1: autoDraw = False
38.9480 	EXP 	text_blank_distractors_T1: autoDraw = True
38.9976 	EXP 	text_blank_distractors_T1: autoDraw = False
38.9976 	EXP 	text_distr_T1: autoDraw = False
38.9976 	EXP 	text_blank_distractors_T1: autoDraw = False
38.9976 	EXP 	text_T2: height = 0.05
38.9976 	EXP 	text_T2: height = 0.05
38.9976 	EXP 	text_T2: height = 0.05
38.9976 	EXP 	text_T2: text = 'XTRAINX'
38.9976 	EXP 	text_T2: autoDraw = True
39.0311 	EXP 	text_T2: autoDraw = False
39.0311 	EXP 	text_blank_T2_probe: autoDraw = True
39.0650 	EXP 	Created sequence: sequential, trialTypes=1, nReps=12, seed=None
39.0652 	EXP 	New trial (rep=0, index=0): None
39.0810 	EXP 	text_blank_T2_probe: autoDraw = False
39.0810 	EXP 	text_T2: autoDraw = False
39.0810 	EXP 	text_blank_T2_probe: autoDraw = False
39.0810 	EXP 	text_distr_T2: height = 0.05
39.0810 	EXP 	text_distr_T2: height = 0.05
39.0810 	EXP 	text_distr_T2: height = 0.05
39.0810 	EXP 	text_distr_T2: text = 'MSKJTQN'
39.0810 	EXP 	text_distr_T2: autoDraw = True
39.1143 	EXP 	text_distr_T2: autoDraw = False
39.1143 	EXP 	text_blank_distractors_T2: autoDraw = True
39.1482 	EXP 	New trial (rep=1, index=0): None
39.1642 	EXP 	text_blank_distractors_T2: autoDraw = False
39.1642 	EXP 	text_distr_T2: autoDraw = False
39.1642 	EXP 	text_blank_distractors_T2: autoDraw = False
39.1642 	EXP 	text_distr_T2: height = 0.05
39.1642 	EXP 	text_distr_T2: height = 0.05
39.1642 	EXP 	text_distr_T2: height = 0.05
39.1642 	EXP 	text_distr_T2: text = 'QLCSFDZ'
39.1642 	EXP 	text_distr_T2: autoDraw = True
39.1976 	EXP 	text_distr_T2: autoDraw = False
39.1976 	EXP 	text_blank_distractors_T2: autoDraw = True
39.2316 	EXP 	New trial (rep=2, index=0): None
39.2478 	EXP 	text_blank_distractors_T2: autoDraw = False
39.2478 	EXP 	text_distr_T2: autoDraw = False
39.2478 	EXP 	text_blank_distractors_T2: autoDraw = False
39.2478 	EXP 	text_distr_T2: height = 0.05
39.2478 	EXP 	text_distr_T2: height = 0.05
39.2478 	EXP 	text_distr_T2: height = 0.05
39.2478 	EXP 	text_distr_T2: text = 'WSDXZVM'
39.2478 	EXP 	text_distr_T2: autoDraw = True
39.2810 	EXP 	text_distr_T2: autoDraw = False
39.2810 	EXP 	text_blank_distractors_T2: autoDraw = True
39.3151 	EXP 	New trial (rep=3, index=0): None
39.3310 	EXP 	text_blank_distractors_T2: autoDraw = False
39.3310 	EXP 	text_distr_T2: autoDraw = False
39.3310 	EXP 	text_blank_distractors_T2: autoDraw = False
39.3310 	EXP 	text_distr_T2: height = 0.05
39.3310 	EXP 	text_distr_T2: height = 0.05
39.3310 	EXP 	text_distr_T2: height = 0.05
39.3310 	EXP 	text_distr_T2: text = 'BJMHTGF'
39.3310 	EXP 	text_distr_T2: autoDraw = True
39.3643 	EXP 	text_distr_T2: autoDraw = False
39.3643 	EXP 	text_blank_distractors_T2: autoDraw = True
39.3983 	EXP 	New trial (rep=4, index=0): None
39.4143 	EXP 	text_blank_distractors_T2: autoDraw = False
39.4143 	EXP 	text_distr_T2: autoDraw = False
39.4143 	EXP 	text_blank_distractors_T2: autoDraw = False
39.4143 	EXP 	text_distr_T2: height = 0.05
39.4143 	EXP 	text_distr_T2: height = 0.05
39.4143 	EXP 	text_distr_T2: height = 0.05
39.4143 	EXP 	text_distr_T2: text = 'YCMBSGD'
39.4143 	EXP 	text_distr_T2: autoDraw = True
39.4476 	EXP 	text_distr_T2: autoDraw = False
39.4476 	EXP 	text_blank_distractors_T2: autoDraw = True
39.4818 	EXP 	New trial (rep=5, index=0): None
39.4976 	EXP 	text_blank_distractors_T2: autoDraw = False
39.4976 	EXP 	text_distr_T2: autoDraw = False
39.4976 	EXP 	text_blank_distractors_T2: autoDraw = False
39.4976 	EXP 	text_distr_T2: height = 0.05
39.4976 	EXP 	text_distr_T2: height = 0.05
39.4976 	EXP 	text_distr_T2: height = 0.05
39.4976 	EXP 	text_distr_T2: text = 'SVFDYJH'
39.4976 	EXP 	text_distr_T2: autoDraw = True
39.5310 	EXP 	text_distr_T2: autoDraw = False
39.5310 	EXP 	text_blank_distractors_T2: autoDraw = True
39.5651 	EXP 	New trial (rep=6, index=0): None
39.5809 	EXP 	text_blank_distractors_T2: autoDraw = False
39.5809 	EXP 	text_distr_T2: autoDraw = False
39.5809 	EXP 	text_blank_distractors_T2: autoDraw = False
39.5809 	EXP 	text_distr_T2: height = 0.05
39.5809 	EXP 	text_distr_T2: height = 0.05
39.5809 	EXP 	text_distr_T2: height = 0.05
39.5809 	EXP 	text_distr_T2: text = 'XSWVFGQ'
39.5809 	EXP 	text_distr_T2: autoDraw = True
39.6143 	EXP 	text_distr_T2: autoDraw = False
39.6143 	EXP 	text_blank_distractors_T2: autoDraw = True
39.6644 	EXP 	text_blank_distractors_T2: autoDraw = False
39.6644 	EXP 	text_distr_T2: autoDraw = False
39.6644 	EXP 	text_blank_distractors_T2: autoDraw = False
39.6644 	EXP 	blankT1_1: autoDraw = False
39.6644 	EXP 	text_T1ask: autoDraw = False
39.6644 	EXP 	blankT1_2: autoDraw = False
39.6644 	EXP 	blankT2_1: autoDraw = True
40.6477 	EXP 	text_T2ask: autoDraw = True
40.6643 	EXP 	blankT2_1: autoDraw = False
42.6479 	EXP 	text_T2ask: autoDraw = False
42.6479 	EXP 	blankT2_2: autoDraw = True
43.6320 	EXP 	New trial (rep=0, index=4): {'T0': 'PLUMBER', 'T2': 'XWHITEX', 'T1': 2222222.0, 'lagT0': 10, 'lagT1': 1, 'lagT2': 9, 'responseT1': 'j', 'responseT2': 'j', 'related': 0}
43.6478 	EXP 	blankT2_2: autoDraw = False
43.6478 	EXP 	blankT2_1: autoDraw = False
43.6478 	EXP 	text_T2ask: autoDraw = False
43.6478 	EXP 	blankT2_2: autoDraw = False
43.6478 	EXP 	context_word: height = 0.05
43.6478 	EXP 	context_word: height = 0.05
43.6478 	EXP 	context_word: height = 0.05
43.6478 	EXP 	context_word: text = 'PLUMBER'
43.6478 	EXP 	context_word: autoDraw = True
44.6481 	EXP 	context_word: autoDraw = False
44.6481 	EXP 	blankContext: autoDraw = True
45.6321 	EXP 	Created sequence: sequential, trialTypes=1, nReps=10, seed=None
45.6322 	EXP 	New trial (rep=0, index=0): None
45.6480 	EXP 	blankContext: autoDraw = False
45.6480 	EXP 	context_word: autoDraw = False
45.6480 	EXP 	blankContext: autoDraw = False
45.6480 	EXP 	text_distr_T0: height = 0.05
45.6480 	EXP 	text_distr_T0: height = 0.05
45.6480 	EXP 	text_distr_T0: height = 0.05
45.6480 	EXP 	text_distr_T0: text = 'CLKSNMJ'
45.6480 	EXP 	text_distr_T0: autoDraw = True
45.6813 	EXP 	text_distr_T0: autoDraw = False
45.6813 	EXP 	text_blank_distractors_T0: autoDraw = True
45.7152 	EXP 	New trial (rep=1, index=0): None
45.7313 	EXP 	text_blank_distractors_T0: autoDraw = False
45.7313 	EXP 	text_distr_T0: autoDraw = False
45.7313 	EXP 	text_blank_distractors_T0: autoDraw = False
45.7313 	EXP 	text_distr_T0: height = 0.05
45.7313 	EXP 	text_distr_T0: height = 0.05
45.7313 	EXP 	text_distr_T0: height = 0.05
45.7313 	EXP 	text_distr_T0: text = 'RVJBDHG'
45.7313 	EXP 	text_distr_T0: autoDraw = True
45.7649 	EXP 	text_distr_T0: autoDraw = False
45.7649 	EXP 	text_blank_distractors_T0: autoDraw = True
45.7986 	EXP 	New trial (rep=2, index=0): None
45.8147 	EXP 	text_blank_distractors_T0: autoDraw = False
45.8147 	EXP 	text_distr_T0: autoDraw = False
45.8147 	EXP 	text_blank_distractors_T0: autoDraw = False
45.8147 	EXP 	text_distr_T0: height = 0.05
45.8147 	EXP 	text_distr_T0: height = 0.05
45.8147 	EXP 	text_distr_T0: height = 0.05
45.8147 	EXP 	text_distr_T0: text = 'QBGSHNP'
45.8147 	EXP 	text_distr_T0: autoDraw = True
45.8481 	EXP 	text_distr_T0: autoDraw = False
45.8481 	EXP 	text_blank_distractors_T0: autoDraw = True
45.8819 	EXP 	New trial (rep=3, index=0): None
45.8980 	EXP 	text_blank_distractors_T0: autoDraw = False
45.8980 	EXP 	text_distr_T0: autoDraw = False
45.8980 	EXP 	text_blank_distractors_T0: autoDraw = False
45.8980 	EXP 	text_distr_T0: height = 0.05
45.8980 	EXP 	text_distr_T0: height = 0.05
45.8980 	EXP 	text_distr_T0: height = 0.05
45.8980 	EXP 	text_distr_T0: text = 'TZDSWXM'
45.8980 	EXP 	text_distr_T0: autoDraw = True
45.9313 	EXP 	text_distr_T0: autoDraw = False
45.9313 	EXP 	text_blank_distractors_T0: autoDraw = True
45.9655 	EXP 	New trial (rep=4, index=0): None
45.9812 	EXP 	text_blank_distractors_T0: autoDraw = False
45.9812 	EXP 	text_distr_T0: autoDraw = False
45.9812 	EXP 	text_blank_distractors_T0: autoDraw = False
45.9812 	EXP 	text_distr_T0: height = 0.05
45.9812 	EXP 	text_distr_T0: height = 0.05
45.9812 	EXP 	text_distr_T0: height = 0.05
45.9812 	EXP 	text_distr_T0: text = 'FWVPSZT'
45.9812 	EXP 	text_distr_T0: autoDraw = True
46.0147 	EXP 	text_distr_T0: autoDraw = False
46.0147 	EXP 	text_blank_distractors_T0: autoDraw = True
46.0487 	EXP 	New trial (rep=5, index=0): None
46.0646 	EXP 	text_blank_distractors_T0: autoDraw = False
46.0646 	EXP 	text_distr_T0: autoDraw = False
46.0646 	EXP 	text_blank_distractors_T0: autoDraw = False
46.0646 	EXP 	text_distr_T0: height = 0.05
46.0646 	EXP 	text_distr_T0: height = 0.05
46.0646 	EXP 	text_distr_T0: height = 0.05
46.0646 	EXP 	text_distr_T0: text = 'SQDHYGV'
46.0646 	EXP 	text_distr_T0: autoDraw = True
46.0980 	EXP 	text_distr_T0: autoDraw = False
46.0980 	EXP 	text_blank_distractors_T0: autoDraw = True
46.1319 	EXP 	New trial (rep=6, index=0): None
46.1480 	EXP 	text_blank_distractors_T0: autoDraw = False
46.1480 	EXP 	text_distr_T0: autoDraw = False
46.1480 	EXP 	text_blank_distractors_T0: autoDraw = False
46.1480 	EXP 	text_distr_T0: height = 0.05
46.1480 	EXP 	text_distr_T0: height = 0.05
46.1480 	EXP 	text_distr_T0: height = 0.05
46.1480 	EXP 	text_distr_T0: text = 'KJXTDPB'
46.1480 	EXP 	text_distr_T0: autoDraw = True
46.1815 	EXP 	text_distr_T0: autoDraw = False
46.1815 	EXP 	text_blank_distractors_T0: autoDraw = True
46.2152 	EXP 	New trial (rep=7, index=0): None
46.2313 	EXP 	text_blank_distractors_T0: autoDraw = False
46.2313 	EXP 	text_distr_T0: autoDraw = False
46.2313 	EXP 	text_blank_distractors_T0: autoDraw = False
46.2313 	EXP 	text_distr_T0: height = 0.05
46.2313 	EXP 	text_distr_T0: height = 0.05
46.2313 	EXP 	text_distr_T0: height = 0.05
46.2313 	EXP 	text_distr_T0: text = 'ZLWCHMX'
46.2313 	EXP 	text_distr_T0: autoDraw = True
46.2648 	EXP 	text_distr_T0: autoDraw = False
46.2648 	EXP 	text_blank_distractors_T0: autoDraw = True
46.2988 	EXP 	New trial (rep=8, index=0): None
46.3147 	EXP 	text_blank_distractors_T0: autoDraw = False
46.3147 	EXP 	text_distr_T0: autoDraw = False
46.3147 	EXP 	text_blank_distractors_T0: autoDraw = False
46.3147 	EXP 	text_distr_T0: height = 0.05
46.3147 	EXP 	text_distr_T0: height = 0.05
46.3147 	EXP 	text_distr_T0: height = 0.05
46.3147 	EXP 	text_distr_T0: text = 'TJNVRKM'
46.3147 	EXP 	text_distr_T0: autoDraw = True
46.3479 	EXP 	text_distr_T0: autoDraw = False
46.3479 	EXP 	text_blank_distractors_T0: autoDraw = True
46.3980 	EXP 	text_blank_distractors_T0: autoDraw = False
46.3980 	EXP 	text_distr_T0: autoDraw = False
46.3980 	EXP 	text_blank_distractors_T0: autoDraw = False
46.3980 	EXP 	text_T1: height = 0.05
46.3980 	EXP 	text_T1: height = 0.05
46.3980 	EXP 	text_T1: height = 0.05
46.3980 	EXP 	text_T1: text = '2222222'
46.3980 	EXP 	text_T1: autoDraw = True
46.4314 	EXP 	text_T1: autoDraw = False
46.4314 	EXP 	text_blank_number_T1: autoDraw = True
46.4654 	EXP 	Created sequence: sequential, trialTypes=1, nReps=7, seed=None
46.4655 	EXP 	New trial (rep=0, index=0): None
46.4813 	EXP 	text_blank_number_T1: autoDraw = False
46.4813 	EXP 	text_T1: autoDraw = False
46.4813 	EXP 	text_blank_number_T1: autoDraw = False
46.4813 	EXP 	text_distr_T1: height = 0.05
46.4813 	EXP 	text_distr_T1: height = 0.05
46.4813 	EXP 	text_distr_T1: height = 0.05
46.4813 	EXP 	text_distr_T1: text = 'VGJHLMB'
46.4813 	EXP 	text_distr_T1: autoDraw = False
46.4813 	EXP 	text_blank_distractors_T1: autoDraw = False
46.4813 	EXP 	text_T2: height = 0.05
46.4813 	EXP 	text_T2: height = 0.05
46.4813 	EXP 	text_T2: height = 0.05
46.4813 	EXP 	text_T2: text = 'XWHITEX'
46.4813 	EXP 	text_T2: autoDraw = True
46.5150 	EXP 	text_T2: autoDraw = False
46.5150 	EXP 	text_blank_T2_probe: autoDraw = True
46.5486 	EXP 	Created sequence: sequential, trialTypes=1, nReps=12, seed=None
46.5488 	EXP 	New trial (rep=0, index=0): None
46.5647 	EXP 	text_blank_T2_probe: autoDraw = False
46.5647 	EXP 	text_T2: autoDraw = False
46.5647 	EXP 	text_blank_T2_probe: autoDraw = False
46.5647 	EXP 	text_distr_T2: height = 0.05
46.5647 	EXP 	text_distr_T2: height = 0.05
46.5647 	EXP 	text_distr_T2: height = 0.05
46.5647 	EXP 	text_distr_T2: text = 'VGJHLMB'
46.5647 	EXP 	text_distr_T2: autoDraw = True
46.5985 	EXP 	text_distr_T2: autoDraw = False
46.5985 	EXP 	text_blank_distractors_T2: autoDraw = True
46.6323 	EXP 	New trial (rep=1, index=0): None
46.6480 	EXP 	text_blank_distractors_T2: autoDraw = False
46.6480 	EXP 	text_distr_T2: autoDraw = False
46.6480 	EXP 	text_blank_distractors_T2: autoDraw = False
46.6480 	EXP 	text_distr_T2: height = 0.05
46.6480 	EXP 	text_distr_T2: height = 0.05
46.6480 	EXP 	text_distr_T2: height = 0.05
46.6480 	EXP 	text_distr_T2: text = 'CBMWSNX'
46.6480 	EXP 	text_distr_T2: autoDraw = True
46.6814 	EXP 	text_distr_T2: autoDraw = False
46.6814 	EXP 	text_blank_distractors_T2: autoDraw = True
46.7154 	EXP 	New trial (rep=2, index=0): None
46.7314 	EXP 	text_blank_distractors_T2: autoDraw = False
46.7314 	EXP 	text_distr_T2: autoDraw = False
46.7314 	EXP 	text_blank_distractors_T2: autoDraw = False
46.7314 	EXP 	text_distr_T2: height = 0.05
46.7314 	EXP 	text_distr_T2: height = 0.05
46.7314 	EXP 	text_distr_T2: height = 0.05
46.7314 	EXP 	text_distr_T2: text = 'CYLMSRG'
46.7314 	EXP 	text_distr_T2: autoDraw = True
46.7647 	EXP 	text_distr_T2: autoDraw = False
46.7647 	EXP 	text_blank_distractors_T2: autoDraw = True
46.7988 	EXP 	New trial (rep=3, index=0): None
46.8147 	EXP 	text_blank_distractors_T2: autoDraw = False
46.8147 	EXP 	text_distr_T2: autoDraw = False
46.8147 	EXP 	text_blank_distractors_T2: autoDraw = False
46.8147 	EXP 	text_distr_T2: height = 0.05
46.8147 	EXP 	text_distr_T2: height = 0.05
46.8147 	EXP 	text_distr_T2: height = 0.05
46.8147 	EXP 	text_distr_T2: text = 'HKFBGQX'
46.8147 	EXP 	text_distr_T2: autoDraw = True
46.8480 	EXP 	text_distr_T2: autoDraw = False
46.8480 	EXP 	text_blank_distractors_T2: autoDraw = True
46.8820 	EXP 	New trial (rep=4, index=0): None
46.8980 	EXP 	text_blank_distractors_T2: autoDraw = False
46.8980 	EXP 	text_distr_T2: autoDraw = False
46.8980 	EXP 	text_blank_distractors_T2: autoDraw = False
46.8980 	EXP 	text_distr_T2: height = 0.05
46.8980 	EXP 	text_distr_T2: height = 0.05
46.8980 	EXP 	text_distr_T2: height = 0.05
46.8980 	EXP 	text_distr_T2: text = 'KRFLYMQ'
46.8980 	EXP 	text_distr_T2: autoDraw = True
46.9314 	EXP 	text_distr_T2: autoDraw = False
46.9314 	EXP 	text_blank_distractors_T2: autoDraw = True
46.9654 	EXP 	New trial (rep=5, index=0): None
46.9814 	EXP 	text_blank_distractors_T2: autoDraw = False
46.9814 	EXP 	text_distr_T2: autoDraw = False
46.9814 	EXP 	text_blank_distractors_T2: autoDraw = False
46.9814 	EXP 	text_distr_T2: height = 0.05
46.9814 	EXP 	text_distr_T2: height = 0.05
46.9814 	EXP 	text_distr_T2: height = 0.05
46.9814 	EXP 	text_distr_T2: text = 'FXTJGYR'
46.9814 	EXP 	text_distr_T2: autoDraw = True
47.0147 	EXP 	text_distr_T2: autoDraw = False
47.0147 	EXP 	text_blank_distractors_T2: autoDraw = True
47.0491 	EXP 	New trial (rep=6, index=0): None
47.0647 	EXP 	text_blank_distractors_T2: autoDraw = False
47.0647 	EXP 	text_distr_T2: autoDraw = False
47.0647 	EXP 	text_blank_distractors_T2: autoDraw = False
47.0647 	EXP 	text_distr_T2: height = 0.05
47.0647 	EXP 	text_distr_T2: height = 0.05
47.0647 	EXP 	text_distr_T2: height = 0.05
47.0647 	EXP 	text_distr_T2: text = 'QTNWSDX'
47.0647 	EXP 	text_distr_T2: autoDraw = True
47.0980 	EXP 	text_distr_T2: autoDraw = False
47.0980 	EXP 	text_blank_distractors_T2: autoDraw = True
47.1324 	EXP 	New trial (rep=7, index=0): None
47.1480 	EXP 	text_blank_distractors_T2: autoDraw = False
47.1480 	EXP 	text_distr_T2: autoDraw = False
47.1480 	EXP 	text_blank_distractors_T2: autoDraw = False
47.1480 	EXP 	text_distr_T2: height = 0.05
47.1480 	EXP 	text_distr_T2: height = 0.05
47.1480 	EXP 	text_distr_T2: height = 0.05
47.1480 	EXP 	text_distr_T2: text = 'DHJTLXC'
47.1480 	EXP 	text_distr_T2: autoDraw = True
47.1813 	EXP 	text_distr_T2: autoDraw = False
47.1813 	EXP 	text_blank_distractors_T2: autoDraw = True
47.2155 	EXP 	New trial (rep=8, index=0): None
47.2316 	EXP 	text_blank_distractors_T2: autoDraw = False
47.2316 	EXP 	text_distr_T2: autoDraw = False
47.2316 	EXP 	text_blank_distractors_T2: autoDraw = False
47.2316 	EXP 	text_distr_T2: height = 0.05
47.2316 	EXP 	text_distr_T2: height = 0.05
47.2316 	EXP 	text_distr_T2: height = 0.05
47.2316 	EXP 	text_distr_T2: text = 'TFJGLDX'
47.2316 	EXP 	text_distr_T2: autoDraw = True
47.2647 	EXP 	text_distr_T2: autoDraw = False
47.2647 	EXP 	text_blank_distractors_T2: autoDraw = True
47.3147 	EXP 	text_blank_distractors_T2: autoDraw = False
47.3147 	EXP 	text_distr_T2: autoDraw = False
47.3147 	EXP 	text_blank_distractors_T2: autoDraw = False
47.3147 	EXP 	blankT1_1: autoDraw = False
47.3147 	EXP 	text_T1ask: autoDraw = False
47.3147 	EXP 	blankT1_2: autoDraw = False
47.3147 	EXP 	blankT2_1: autoDraw = True
48.2981 	EXP 	text_T2ask: autoDraw = True
48.3150 	EXP 	blankT2_1: autoDraw = False
50.2982 	EXP 	text_T2ask: autoDraw = False
50.2982 	EXP 	blankT2_2: autoDraw = True
51.2823 	EXP 	New trial (rep=0, index=5): {'T0': 'SCRATCH', 'T2': 'XXITCHX', 'T1': 5555555.0, 'lagT0': 10, 'lagT1': 3, 'lagT2': 7, 'responseT1': 'f', 'responseT2': 'f', 'related': 1}
51.2982 	EXP 	blankT2_2: autoDraw = False
51.2982 	EXP 	blankT2_1: autoDraw = False
51.2982 	EXP 	text_T2ask: autoDraw = False
51.2982 	EXP 	blankT2_2: autoDraw = False
51.2982 	EXP 	context_word: height = 0.05
51.2982 	EXP 	context_word: height = 0.05
51.2982 	EXP 	context_word: height = 0.05
51.2982 	EXP 	context_word: text = 'SCRATCH'
51.2982 	EXP 	context_word: autoDraw = True
52.2816 	EXP 	blankContext: autoDraw = True
52.2984 	EXP 	context_word: autoDraw = False
53.2658 	EXP 	Created sequence: sequential, trialTypes=1, nReps=10, seed=None
53.2660 	EXP 	New trial (rep=0, index=0): None
53.2819 	EXP 	blankContext: autoDraw = False
53.2819 	EXP 	context_word: autoDraw = False
53.2819 	EXP 	blankContext: autoDraw = False
53.2819 	EXP 	text_distr_T0: height = 0.05
53.2819 	EXP 	text_distr_T0: height = 0.05
53.2819 	EXP 	text_distr_T0: height = 0.05
53.2819 	EXP 	text_distr_T0: text = 'HSPFBXK'
53.2985 	EXP 	text_distr_T0: autoDraw = True
53.3150 	EXP 	text_blank_distractors_T0: autoDraw = True
53.3317 	EXP 	text_distr_T0: autoDraw = False
53.3491 	EXP 	New trial (rep=1, index=0): None
53.3650 	EXP 	text_blank_distractors_T0: autoDraw = False
53.3650 	EXP 	text_distr_T0: autoDraw = False
53.3650 	EXP 	text_blank_distractors_T0: autoDraw = False
53.3650 	EXP 	text_distr_T0: height = 0.05
53.3650 	EXP 	text_distr_T0: height = 0.05
53.3650 	EXP 	text_distr_T0: height = 0.05
53.3650 	EXP 	text_distr_T0: text = 'LHPSNJZ'
53.3650 	EXP 	text_distr_T0: autoDraw = True
53.3983 	EXP 	text_distr_T0: autoDraw = False
53.3983 	EXP 	text_blank_distractors_T0: autoDraw = True
53.4326 	EXP 	New trial (rep=2, index=0): None
53.4484 	EXP 	text_blank_distractors_T0: autoDraw = False
53.4484 	EXP 	text_distr_T0: autoDraw = False
53.4484 	EXP 	text_blank_distractors_T0: autoDraw = False
53.4484 	EXP 	text_distr_T0: height = 0.05
53.4484 	EXP 	text_distr_T0: height = 0.05
53.4484 	EXP 	text_distr_T0: height = 0.05
53.4484 	EXP 	text_distr_T0: text = 'GFSTLYQ'
53.4484 	EXP 	text_distr_T0: autoDraw = True
53.4817 	EXP 	text_distr_T0: autoDraw = False
53.4817 	EXP 	text_blank_distractors_T0: autoDraw = True
53.5158 	EXP 	New trial (rep=3, index=0): None
53.5317 	EXP 	text_blank_distractors_T0: autoDraw = False
53.5317 	EXP 	text_distr_T0: autoDraw = False
53.5317 	EXP 	text_blank_distractors_T0: autoDraw = False
53.5317 	EXP 	text_distr_T0: height = 0.05
53.5317 	EXP 	text_distr_T0: height = 0.05
53.5317 	EXP 	text_distr_T0: height = 0.05
53.5317 	EXP 	text_distr_T0: text = 'GTZVCSB'
53.5317 	EXP 	text_distr_T0: autoDraw = True
53.5652 	EXP 	text_distr_T0: autoDraw = False
53.5652 	EXP 	text_blank_distractors_T0: autoDraw = True
53.5990 	EXP 	New trial (rep=4, index=0): None
53.6152 	EXP 	text_blank_distractors_T0: autoDraw = False
53.6152 	EXP 	text_distr_T0: autoDraw = False
53.6152 	EXP 	text_blank_distractors_T0: autoDraw = False
53.6152 	EXP 	text_distr_T0: height = 0.05
53.6152 	EXP 	text_distr_T0: height = 0.05
53.6152 	EXP 	text_distr_T0: height = 0.05
53.6152 	EXP 	text_distr_T0: text = 'JQNHGWT'
53.6152 	EXP 	text_distr_T0: autoDraw = True
53.6486 	EXP 	text_distr_T0: autoDraw = False
53.6486 	EXP 	text_blank_distractors_T0: autoDraw = True
53.6824 	EXP 	New trial (rep=5, index=0): None
53.6984 	EXP 	text_blank_distractors_T0: autoDraw = False
53.6984 	EXP 	text_distr_T0: autoDraw = False
53.6984 	EXP 	text_blank_distractors_T0: autoDraw = False
53.6984 	EXP 	text_distr_T0: height = 0.05
53.6984 	EXP 	text_distr_T0: height = 0.05
53.6984 	EXP 	text_distr_T0: height = 0.05
53.6984 	EXP 	text_distr_T0: text = 'QHYBWPF'
53.6984 	EXP 	text_distr_T0: autoDraw = True
53.7317 	EXP 	text_distr_T0: autoDraw = False
53.7317 	EXP 	text_blank_distractors_T0: autoDraw = True
53.7658 	EXP 	New trial (rep=6, index=0): None
53.7817 	EXP 	text_blank_distractors_T0: autoDraw = False
53.7817 	EXP 	text_distr_T0: autoDraw = False
53.7817 	EXP 	text_blank_distractors_T0: autoDraw = False
53.7817 	EXP 	text_distr_T0: height = 0.05
53.7817 	EXP 	text_distr_T0: height = 0.05
53.7817 	EXP 	text_distr_T0: height = 0.05
53.7817 	EXP 	text_distr_T0: text = 'ZVTHCDM'
53.7817 	EXP 	text_distr_T0: autoDraw = True
53.8151 	EXP 	text_distr_T0: autoDraw = False
53.8151 	EXP 	text_blank_distractors_T0: autoDraw = True
53.8492 	EXP 	New trial (rep=7, index=0): None
53.8651 	EXP 	text_blank_distractors_T0: autoDraw = False
53.8651 	EXP 	text_distr_T0: autoDraw = False
53.8651 	EXP 	text_blank_distractors_T0: autoDraw = False
53.8651 	EXP 	text_distr_T0: height = 0.05
53.8651 	EXP 	text_distr_T0: height = 0.05
53.8651 	EXP 	text_distr_T0: height = 0.05
53.8651 	EXP 	text_distr_T0: text = 'XDPFBLC'
53.8651 	EXP 	text_distr_T0: autoDraw = True
53.8984 	EXP 	text_distr_T0: autoDraw = False
53.8984 	EXP 	text_blank_distractors_T0: autoDraw = True
53.9324 	EXP 	New trial (rep=8, index=0): None
53.9484 	EXP 	text_blank_distractors_T0: autoDraw = False
53.9484 	EXP 	text_distr_T0: autoDraw = False
53.9484 	EXP 	text_blank_distractors_T0: autoDraw = False
53.9484 	EXP 	text_distr_T0: height = 0.05
53.9484 	EXP 	text_distr_T0: height = 0.05
53.9484 	EXP 	text_distr_T0: height = 0.05
53.9484 	EXP 	text_distr_T0: text = 'RLSDCTP'
53.9484 	EXP 	text_distr_T0: autoDraw = True
53.9818 	EXP 	text_distr_T0: autoDraw = False
53.9818 	EXP 	text_blank_distractors_T0: autoDraw = True
54.0317 	EXP 	text_blank_distractors_T0: autoDraw = False
54.0317 	EXP 	text_distr_T0: autoDraw = False
54.0317 	EXP 	text_blank_distractors_T0: autoDraw = False
54.0317 	EXP 	text_T1: height = 0.05
54.0317 	EXP 	text_T1: height = 0.05
54.0317 	EXP 	text_T1: height = 0.05
54.0317 	EXP 	text_T1: text = '5555555'
54.0317 	EXP 	text_T1: autoDraw = True
54.0652 	EXP 	text_T1: autoDraw = False
54.0652 	EXP 	text_blank_number_T1: autoDraw = True
54.0991 	EXP 	Created sequence: sequential, trialTypes=1, nReps=7, seed=None
54.0993 	EXP 	New trial (rep=0, index=0): None
54.1152 	EXP 	text_blank_number_T1: autoDraw = False
54.1152 	EXP 	text_T1: autoDraw = False
54.1152 	EXP 	text_blank_number_T1: autoDraw = False
54.1152 	EXP 	text_distr_T1: height = 0.05
54.1152 	EXP 	text_distr_T1: height = 0.05
54.1152 	EXP 	text_distr_T1: height = 0.05
54.1152 	EXP 	text_distr_T1: text = 'SNLPYWJ'
54.1152 	EXP 	text_distr_T1: autoDraw = True
54.1484 	EXP 	text_distr_T1: autoDraw = False
54.1484 	EXP 	text_blank_distractors_T1: autoDraw = True
54.1823 	EXP 	New trial (rep=1, index=0): None
54.1984 	EXP 	text_blank_distractors_T1: autoDraw = False
54.1984 	EXP 	text_distr_T1: autoDraw = False
54.1984 	EXP 	text_blank_distractors_T1: autoDraw = False
54.1984 	EXP 	text_distr_T1: height = 0.05
54.1984 	EXP 	text_distr_T1: height = 0.05
54.1984 	EXP 	text_distr_T1: height = 0.05
54.1984 	EXP 	text_distr_T1: text = 'LQFZNWC'
54.1984 	EXP 	text_distr_T1: autoDraw = True
54.2318 	EXP 	text_distr_T1: autoDraw = False
54.2318 	EXP 	text_blank_distractors_T1: autoDraw = True
54.2818 	EXP 	text_blank_distractors_T1: autoDraw = False
54.2818 	EXP 	text_distr_T1: autoDraw = False
54.2818 	EXP 	text_blank_distractors_T1: autoDraw = False
54.2818 	EXP 	text_T2: height = 0.05
54.2818 	EXP 	text_T2: height = 0.05
54.2818 	EXP 	text_T2: height = 0.05
54.2818 	EXP 	text_T2: text = 'XXITCHX'
54.2818 	EXP 	text_T2: autoDraw = True
54.3152 	EXP 	text_T2: autoDraw = False
54.3152 	EXP 	text_blank_T2_probe: autoDraw = True
54.3493 	EXP 	Created sequence: sequential, trialTypes=1, nReps=12, seed=None
54.3494 	EXP 	New trial (rep=0, index=0): None
54.3651 	EXP 	text_blank_T2_probe: autoDraw = False
54.3651 	EXP 	text_T2: autoDraw = False
54.3651 	EXP 	text_blank_T2_probe: autoDraw = False
54.3651 	EXP 	text_distr_T2: height = 0.05
54.3651 	EXP 	text_distr_T2: height = 0.05
54.3651 	EXP 	text_distr_T2: height = 0.05
54.3651 	EXP 	text_distr_T2: text = 'LQFZNWC'
54.3651 	EXP 	text_distr_T2: autoDraw = True
54.3984 	EXP 	text_distr_T2: autoDraw = False
54.3984 	EXP 	text_blank_distractors_T2: autoDraw = True
54.4325 	EXP 	New trial (rep=1, index=0): None
54.4484 	EXP 	text_blank_distractors_T2: autoDraw = False
54.4484 	EXP 	text_distr_T2: autoDraw = False
54.4484 	EXP 	text_blank_distractors_T2: autoDraw = False
54.4484 	EXP 	text_distr_T2: height = 0.05
54.4484 	EXP 	text_distr_T2: height = 0.05
54.4484 	EXP 	text_distr_T2: height = 0.05
54.4484 	EXP 	text_distr_T2: text = 'WCBFVHQ'
54.4484 	EXP 	text_distr_T2: autoDraw = True
54.4818 	EXP 	text_distr_T2: autoDraw = False
54.4818 	EXP 	text_blank_distractors_T2: autoDraw = True
54.5158 	EXP 	New trial (rep=2, index=0): None
54.5318 	EXP 	text_blank_distractors_T2: autoDraw = False
54.5318 	EXP 	text_distr_T2: autoDraw = False
54.5318 	EXP 	text_blank_distractors_T2: autoDraw = False
54.5318 	EXP 	text_distr_T2: height = 0.05
54.5318 	EXP 	text_distr_T2: height = 0.05
54.5318 	EXP 	text_distr_T2: height = 0.05
54.5318 	EXP 	text_distr_T2: text = 'QZGYFTJ'
54.5318 	EXP 	text_distr_T2: autoDraw = True
54.5651 	EXP 	text_distr_T2: autoDraw = False
54.5651 	EXP 	text_blank_distractors_T2: autoDraw = True
54.5993 	EXP 	New trial (rep=3, index=0): None
54.6152 	EXP 	text_blank_distractors_T2: autoDraw = False
54.6152 	EXP 	text_distr_T2: autoDraw = False
54.6152 	EXP 	text_blank_distractors_T2: autoDraw = False
54.6152 	EXP 	text_distr_T2: height = 0.05
54.6152 	EXP 	text_distr_T2: height = 0.05
54.6152 	EXP 	text_distr_T2: height = 0.05
54.6152 	EXP 	text_distr_T2: text = 'WHSRBTZ'
54.6152 	EXP 	text_distr_T2: autoDraw = True
54.6484 	EXP 	text_distr_T2: autoDraw = False
54.6484 	EXP 	text_blank_distractors_T2: autoDraw = True
54.6827 	EXP 	New trial (rep=4, index=0): None
54.6985 	EXP 	text_blank_distractors_T2: autoDraw = False
54.6985 	EXP 	text_distr_T2: autoDraw = False
54.6985 	EXP 	text_blank_distractors_T2: autoDraw = False
54.6985 	EXP 	text_distr_T2: height = 0.05
54.6985 	EXP 	text_distr_T2: height = 0.05
54.6985 	EXP 	text_distr_T2: height = 0.05
54.6985 	EXP 	text_distr_T2: text = 'XRSGKVM'
54.6985 	EXP 	text_distr_T2: autoDraw = True
54.7317 	EXP 	text_distr_T2: autoDraw = False
54.7317 	EXP 	text_blank_distractors_T2: autoDraw = True
54.7659 	EXP 	New trial (rep=5, index=0): None
54.7818 	EXP 	text_blank_distractors_T2: autoDraw = False
54.7818 	EXP 	text_distr_T2: autoDraw = False
54.7818 	EXP 	text_blank_distractors_T2: autoDraw = False
54.7818 	EXP 	text_distr_T2: height = 0.05
54.7818 	EXP 	text_distr_T2: height = 0.05
54.7818 	EXP 	text_distr_T2: height = 0.05
54.7818 	EXP 	text_distr_T2: text = 'WGTLHVN'
54.7818 	EXP 	text_distr_T2: autoDraw = True
54.8151 	EXP 	text_distr_T2: autoDraw = False
54.8151 	EXP 	text_blank_distractors_T2: autoDraw = True
54.8493 	EXP 	New trial (rep=6, index=0): None
54.8651 	EXP 	text_blank_distractors_T2: autoDraw = False
54.8651 	EXP 	text_distr_T2: autoDraw = False
54.8651 	EXP 	text_blank_distractors_T2: autoDraw = False
54.8651 	EXP 	text_distr_T2: height = 0.05
54.8651 	EXP 	text_distr_T2: height = 0.05
54.8651 	EXP 	text_distr_T2: height = 0.05
54.8651 	EXP 	text_distr_T2: text = 'YDVLFHX'
54.8651 	EXP 	text_distr_T2: autoDraw = True
54.8985 	EXP 	text_distr_T2: autoDraw = False
54.8985 	EXP 	text_blank_distractors_T2: autoDraw = True
54.9485 	EXP 	text_blank_distractors_T2: autoDraw = False
54.9485 	EXP 	text_distr_T2: autoDraw = False
54.9485 	EXP 	text_blank_distractors_T2: autoDraw = False
54.9485 	EXP 	blankT1_1: autoDraw = False
54.9485 	EXP 	text_T1ask: autoDraw = False
54.9485 	EXP 	blankT1_2: autoDraw = False
54.9485 	EXP 	blankT2_1: autoDraw = True
55.9318 	EXP 	text_T2ask: autoDraw = True
55.9485 	EXP 	blankT2_1: autoDraw = False
57.9320 	EXP 	text_T2ask: autoDraw = False
57.9320 	EXP 	blankT2_2: autoDraw = True
58.9163 	EXP 	New trial (rep=0, index=6): {'T0': 'ANIMALS', 'T2': 'XXZOOXX', 'T1': 5555555.0, 'lagT0': 10, 'lagT1': 3, 'lagT2': 7, 'responseT1': 'f', 'responseT2': 'f', 'related': 1}
58.9321 	EXP 	blankT2_2: autoDraw = False
58.9321 	EXP 	blankT2_1: autoDraw = False
58.9321 	EXP 	text_T2ask: autoDraw = False
58.9321 	EXP 	blankT2_2: autoDraw = False
58.9321 	EXP 	context_word: height = 0.05
58.9321 	EXP 	context_word: height = 0.05
58.9321 	EXP 	context_word: height = 0.05
58.9321 	EXP 	context_word: text = 'ANIMALS'
58.9321 	EXP 	context_word: autoDraw = True
59.9320 	EXP 	context_word: autoDraw = False
59.9320 	EXP 	blankContext: autoDraw = True
60.9162 	EXP 	Created sequence: sequential, trialTypes=1, nReps=10, seed=None
60.9164 	EXP 	New trial (rep=0, index=0): None
60.9321 	EXP 	blankContext: autoDraw = False
60.9321 	EXP 	context_word: autoDraw = False
60.9321 	EXP 	blankContext: autoDraw = False
60.9321 	EXP 	text_distr_T0: height = 0.05
60.9321 	EXP 	text_distr_T0: height = 0.05
60.9321 	EXP 	text_distr_T0: height = 0.05
60.9321 	EXP 	text_distr_T0: text = 'MQNHPYW'
60.9321 	EXP 	text_distr_T0: autoDraw = True
60.9655 	EXP 	text_distr_T0: autoDraw = False
60.9655 	EXP 	text_blank_distractors_T0: autoDraw = True
60.9996 	EXP 	New trial (rep=1, index=0): None
61.0155 	EXP 	text_blank_distractors_T0: autoDraw = False
61.0155 	EXP 	text_distr_T0: autoDraw = False
61.0155 	EXP 	text_blank_distractors_T0: autoDraw = False
61.0155 	EXP 	text_distr_T0: height = 0.05
61.0155 	EXP 	text_distr_T0: height = 0.05
61.0155 	EXP 	text_distr_T0: height = 0.05
61.0155 	EXP 	text_distr_T0: text = 'TDLFMWV'
61.0155 	EXP 	text_distr_T0: autoDraw = True
61.0488 	EXP 	text_distr_T0: autoDraw = False
61.0488 	EXP 	text_blank_distractors_T0: autoDraw = True
61.0827 	EXP 	New trial (rep=2, index=0): None
61.0988 	EXP 	text_blank_distractors_T0: autoDraw = False
61.0988 	EXP 	text_distr_T0: autoDraw = False
61.0988 	EXP 	text_blank_distractors_T0: autoDraw = False
61.0988 	EXP 	text_distr_T0: height = 0.05
61.0988 	EXP 	text_distr_T0: height = 0.05
61.0988 	EXP 	text_distr_T0: height = 0.05
61.0988 	EXP 	text_distr_T0: text = 'RLGDHPN'
61.0988 	EXP 	text_distr_T0: autoDraw = True
61.1322 	EXP 	text_distr_T0: autoDraw = False
61.1322 	EXP 	text_blank_distractors_T0: autoDraw = True
61.1661 	EXP 	New trial (rep=3, index=0): None
61.1822 	EXP 	text_blank_distractors_T0: autoDraw = False
61.1822 	EXP 	text_distr_T0: autoDraw = False
61.1822 	EXP 	text_blank_distractors_T0: autoDraw = False
61.1822 	EXP 	text_distr_T0: height = 0.05
61.1822 	EXP 	text_distr_T0: height = 0.05
61.1822 	EXP 	text_distr_T0: height = 0.05
61.1822 	EXP 	text_distr_T0: text = 'XGMWQFH'
61.1822 	EXP 	text_distr_T0: autoDraw = True
61.2155 	EXP 	text_distr_T0: autoDraw = False
61.2155 	EXP 	text_blank_distractors_T0: autoDraw = True
61.2497 	EXP 	New trial (rep=4, index=0): None
61.2655 	EXP 	text_blank_distractors_T0: autoDraw = False
61.2655 	EXP 	text_distr_T0: autoDraw = False
61.2655 	EXP 	text_blank_distractors_T0: autoDraw = False
61.2655 	EXP 	text_distr_T0: height = 0.05
61.2655 	EXP 	text_distr_T0: height = 0.05
61.2655 	EXP 	text_distr_T0: height = 0.05
61.2655 	EXP 	text_distr_T0: text = 'XBZFNKG'
61.2655 	EXP 	text_distr_T0: autoDraw = True
61.2988 	EXP 	text_distr_T0: autoDraw = False
61.2988 	EXP 	text_blank_distractors_T0: autoDraw = True
61.3330 	EXP 	New trial (rep=5, index=0): None
61.3488 	EXP 	text_blank_distractors_T0: autoDraw = False
61.3488 	EXP 	text_distr_T0: autoDraw = False
61.3488 	EXP 	text_blank_distractors_T0: autoDraw = False
61.3488 	EXP 	text_distr_T0: height = 0.05
61.3488 	EXP 	text_distr_T0: height = 0.05
61.3488 	EXP 	text_distr_T0: height = 0.05
61.3488 	EXP 	text_distr_T0: text = 'DHFXNYQ'
61.3488 	EXP 	text_distr_T0: autoDraw = True
61.3822 	EXP 	text_distr_T0: autoDraw = False
61.3822 	EXP 	text_blank_distractors_T0: autoDraw = True
61.4162 	EXP 	New trial (rep=6, index=0): None
61.4322 	EXP 	text_blank_distractors_T0: autoDraw = False
61.4322 	EXP 	text_distr_T0: autoDraw = False
61.4322 	EXP 	text_blank_distractors_T0: autoDraw = False
61.4322 	EXP 	text_distr_T0: height = 0.05
61.4322 	EXP 	text_distr_T0: height = 0.05
61.4322 	EXP 	text_distr_T0: height = 0.05
61.4322 	EXP 	text_distr_T0: text = 'HDSTLBM'
61.4322 	EXP 	text_distr_T0: autoDraw = True
61.4655 	EXP 	text_distr_T0: autoDraw = False
61.4655 	EXP 	text_blank_distractors_T0: autoDraw = True
61.4996 	EXP 	New trial (rep=7, index=0): None
61.5155 	EXP 	text_blank_distractors_T0: autoDraw = False
61.5155 	EXP 	text_distr_T0: autoDraw = False
61.5155 	EXP 	text_blank_distractors_T0: autoDraw = False
61.5155 	EXP 	text_distr_T0: height = 0.05
61.5155 	EXP 	text_distr_T0: height = 0.05
61.5155 	EXP 	text_distr_T0: height = 0.05
61.5155 	EXP 	text_distr_T0: text = 'PZJFCWG'
61.5155 	EXP 	text_distr_T0: autoDraw = True
61.5489 	EXP 	text_distr_T0: autoDraw = False
61.5489 	EXP 	text_blank_distractors_T0: autoDraw = True
61.5830 	EXP 	New trial (rep=8, index=0): None
61.5989 	EXP 	text_blank_distractors_T0: autoDraw = False
61.5989 	EXP 	text_distr_T0: autoDraw = False
61.5989 	EXP 	text_blank_distractors_T0: autoDraw = False
61.5989 	EXP 	text_distr_T0: height = 0.05
61.5989 	EXP 	text_distr_T0: height = 0.05
61.5989 	EXP 	text_distr_T0: height = 0.05
61.5989 	EXP 	text_distr_T0: text = 'FXRTSKM'
61.5989 	EXP 	text_distr_T0: autoDraw = True
61.6322 	EXP 	text_distr_T0: autoDraw = False
61.6322 	EXP 	text_blank_distractors_T0: autoDraw = True
61.6822 	EXP 	text_blank_distractors_T0: autoDraw = False
61.6822 	EXP 	text_distr_T0: autoDraw = False
61.6822 	EXP 	text_blank_distractors_T0: autoDraw = False
61.6822 	EXP 	text_T1: text = '5555555'
61.6822 	EXP 	text_T1: autoDraw = True
61.7157 	EXP 	text_T1: autoDraw = False
61.7157 	EXP 	text_blank_number_T1: autoDraw = True
61.7496 	EXP 	Created sequence: sequential, trialTypes=1, nReps=7, seed=None
61.7497 	EXP 	New trial (rep=0, index=0): None
61.7655 	EXP 	text_blank_number_T1: autoDraw = False
61.7655 	EXP 	text_T1: autoDraw = False
61.7655 	EXP 	text_blank_number_T1: autoDraw = False
61.7655 	EXP 	text_distr_T1: height = 0.05
61.7655 	EXP 	text_distr_T1: height = 0.05
61.7655 	EXP 	text_distr_T1: height = 0.05
61.7655 	EXP 	text_distr_T1: text = 'FLHJDPR'
61.7655 	EXP 	text_distr_T1: autoDraw = True
61.7989 	EXP 	text_distr_T1: autoDraw = False
61.7989 	EXP 	text_blank_distractors_T1: autoDraw = True
61.8331 	EXP 	New trial (rep=1, index=0): None
61.8491 	EXP 	text_blank_distractors_T1: autoDraw = False
61.8491 	EXP 	text_distr_T1: autoDraw = False
61.8491 	EXP 	text_blank_distractors_T1: autoDraw = False
61.8491 	EXP 	text_distr_T1: height = 0.05
61.8491 	EXP 	text_distr_T1: height = 0.05
61.8491 	EXP 	text_distr_T1: height = 0.05
61.8491 	EXP 	text_distr_T1: text = 'RQJHKTM'
61.8491 	EXP 	text_distr_T1: autoDraw = True
61.8822 	EXP 	text_distr_T1: autoDraw = False
61.8822 	EXP 	text_blank_distractors_T1: autoDraw = True
61.9321 	EXP 	text_blank_distractors_T1: autoDraw = False
61.9321 	EXP 	text_distr_T1: autoDraw = False
61.9321 	EXP 	text_blank_distractors_T1: autoDraw = False
61.9321 	EXP 	text_T2: height = 0.05
61.9321 	EXP 	text_T2: height = 0.05
61.9321 	EXP 	text_T2: height = 0.05
61.9321 	EXP 	text_T2: text = 'XXZOOXX'
61.9321 	EXP 	text_T2: autoDraw = True
61.9655 	EXP 	text_T2: autoDraw = False
61.9655 	EXP 	text_blank_T2_probe: autoDraw = True
61.9998 	EXP 	Created sequence: sequential, trialTypes=1, nReps=12, seed=None
61.9999 	EXP 	New trial (rep=0, index=0): None
62.0155 	EXP 	text_blank_T2_probe: autoDraw = False
62.0155 	EXP 	text_T2: autoDraw = False
62.0155 	EXP 	text_blank_T2_probe: autoDraw = False
62.0155 	EXP 	text_distr_T2: height = 0.05
62.0155 	EXP 	text_distr_T2: height = 0.05
62.0155 	EXP 	text_distr_T2: height = 0.05
62.0155 	EXP 	text_distr_T2: text = 'RQJHKTM'
62.0155 	EXP 	text_distr_T2: autoDraw = True
62.0491 	EXP 	text_distr_T2: autoDraw = False
62.0491 	EXP 	text_blank_distractors_T2: autoDraw = True
62.0828 	EXP 	New trial (rep=1, index=0): None
62.0988 	EXP 	text_blank_distractors_T2: autoDraw = False
62.0988 	EXP 	text_distr_T2: autoDraw = False
62.0988 	EXP 	text_blank_distractors_T2: autoDraw = False
62.0988 	EXP 	text_distr_T2: height = 0.05
62.0988 	EXP 	text_distr_T2: height = 0.05
62.0988 	EXP 	text_distr_T2: height = 0.05
62.0988 	EXP 	text_distr_T2: text = 'WMSDQRB'
62.0988 	EXP 	text_distr_T2: autoDraw = True
62.1322 	EXP 	text_distr_T2: autoDraw = False
62.1322 	EXP 	text_blank_distractors_T2: autoDraw = True
62.1663 	EXP 	New trial (rep=2, index=0): None
62.1822 	EXP 	text_blank_distractors_T2: autoDraw = False
62.1822 	EXP 	text_distr_T2: autoDraw = False
62.1822 	EXP 	text_blank_distractors_T2: autoDraw = False
62.1822 	EXP 	text_distr_T2: height = 0.05
62.1822 	EXP 	text_distr_T2: height = 0.05
62.1822 	EXP 	text_distr_T2: height = 0.05
62.1822 	EXP 	text_distr_T2: text = 'LBMXWTR'
62.1822 	EXP 	text_distr_T2: autoDraw = True
62.2155 	EXP 	text_distr_T2: autoDraw = False
62.2155 	EXP 	text_blank_distractors_T2: autoDraw = True
62.2497 	EXP 	New trial (rep=3, index=0): None
62.2656 	EXP 	text_blank_distractors_T2: autoDraw = False
62.2656 	EXP 	text_distr_T2: autoDraw = False
62.2656 	EXP 	text_blank_distractors_T2: autoDraw = False
62.2656 	EXP 	text_distr_T2: height = 0.05
62.2656 	EXP 	text_distr_T2: height = 0.05
62.2656 	EXP 	text_distr_T2: height = 0.05
62.2656 	EXP 	text_distr_T2: text = 'MQXJRVW'
62.2656 	EXP 	text_distr_T2: autoDraw = True
62.2990 	EXP 	text_distr_T2: autoDraw = False
62.2990 	EXP 	text_blank_distractors_T2: autoDraw = True
62.3333 	EXP 	New trial (rep=4, index=0): None
62.3489 	EXP 	text_blank_distractors_T2: autoDraw = False
62.3489 	EXP 	text_distr_T2: autoDraw = False
62.3489 	EXP 	text_blank_distractors_T2: autoDraw = False
62.3489 	EXP 	text_distr_T2: height = 0.05
62.3489 	EXP 	text_distr_T2: height = 0.05
62.3489 	EXP 	text_distr_T2: height = 0.05
62.3489 	EXP 	text_distr_T2: text = 'TNJFXLC'
62.3489 	EXP 	text_distr_T2: autoDraw = True
62.3823 	EXP 	text_distr_T2: autoDraw = False
62.3823 	EXP 	text_blank_distractors_T2: autoDraw = True
62.4162 	EXP 	New trial (rep=5, index=0): None
62.4322 	EXP 	text_blank_distractors_T2: autoDraw = False
62.4322 	EXP 	text_distr_T2: autoDraw = False
62.4322 	EXP 	text_blank_distractors_T2: autoDraw = False
62.4322 	EXP 	text_distr_T2: height = 0.05
62.4322 	EXP 	text_distr_T2: height = 0.05
62.4322 	EXP 	text_distr_T2: height = 0.05
62.4322 	EXP 	text_distr_T2: text = 'GDKXJST'
62.4322 	EXP 	text_distr_T2: autoDraw = True
62.4657 	EXP 	text_distr_T2: autoDraw = False
62.4657 	EXP 	text_blank_distractors_T2: autoDraw = True
62.4998 	EXP 	New trial (rep=6, index=0): None
62.5156 	EXP 	text_blank_distractors_T2: autoDraw = False
62.5156 	EXP 	text_distr_T2: autoDraw = False
62.5156 	EXP 	text_blank_distractors_T2: autoDraw = False
62.5156 	EXP 	text_distr_T2: height = 0.05
62.5156 	EXP 	text_distr_T2: height = 0.05
62.5156 	EXP 	text_distr_T2: height = 0.05
62.5156 	EXP 	text_distr_T2: text = 'VRBYNGK'
62.5156 	EXP 	text_distr_T2: autoDraw = True
62.5489 	EXP 	text_distr_T2: autoDraw = False
62.5489 	EXP 	text_blank_distractors_T2: autoDraw = True
62.5990 	EXP 	text_blank_distractors_T2: autoDraw = False
62.5990 	EXP 	text_distr_T2: autoDraw = False
62.5990 	EXP 	text_blank_distractors_T2: autoDraw = False
62.5990 	EXP 	blankT1_1: autoDraw = False
62.5990 	EXP 	text_T1ask: autoDraw = False
62.5990 	EXP 	blankT1_2: autoDraw = False
62.5990 	EXP 	blankT2_1: autoDraw = True
63.5823 	EXP 	text_T2ask: autoDraw = True
63.5989 	EXP 	blankT2_1: autoDraw = False
65.5825 	EXP 	text_T2ask: autoDraw = False
65.5825 	EXP 	blankT2_2: autoDraw = True
65.8178 	DATA 	Keypress: escape
66.4359 	EXP 	window1: mouseVisible = True
