10.5810 	DEBUG 	Fullscreen settings ignored as running in pilot mode.
10.5816 	INFO 	Loaded monitor calibration from ['2023_03_02 14:28']
11.4063 	EXP 	Created window1 = Window(allowGUI=True, allowStencil=False, autoLog=True, backendConf=UNKNOWN, backgroundFit=<method-wrapper '__getattribute__' of attributeSetter object at 0x000001CEBED725E0>, backgroundImage=<method-wrapper '__getattribute__' of attributeSetter object at 0x000001CEBED72580>, bitsMode=UNKNOWN, blendMode='avg', bpc=(8, 8, 8), color=array([0, 0, 0]), colorSpace='rgb', depthBits=8, fullscr=<method-wrapper '__getattribute__' of attributeSetter object at 0x000001CEBED723D0>, gamma=None, gammaErrorPolicy='raise', infoMsg=UNKNOWN, lms=UNKNOWN, monitor=<psychopy.monitors.calibTools.Monitor object at 0x000001CEBF05AAC0>, multiSample=False, name='window1', numSamples=2, pos=[960.0, 540.0], screen=0, size=array([1920, 1080]), stencilBits=0, stereo=False, title='PsychoPy', units='height', useFBO=True, useRetina=False, viewOri=0.0, viewPos=None, viewScale=None, waitBlanking=True, winType='pyglet')
11.4064 	EXP 	window1: mouseVisible = True
11.4064 	EXP 	window1: backgroundImage = ''
11.4064 	EXP 	window1: backgroundFit = 'none'
11.4066 	EXP 	window1: mouseVisible = True
11.4067 	EXP 	window1: mouseVisible = True
11.4106 	EXP 	window1: mouseVisible = True
11.4112 	EXP 	window1: mouseVisible = True
11.4231 	DEBUG 	TextBox2 loaded 1 chars with 0 blanks and 1 valid
11.4251 	DEBUG 	TextBox2 loaded 1 chars with 0 blanks and 1 valid
11.4271 	DEBUG 	TextBox2 loaded 1 chars with 0 blanks and 1 valid
11.4298 	DEBUG 	TextBox2 loaded 1 chars with 0 blanks and 1 valid
11.4323 	DEBUG 	TextBox2 loaded 1 chars with 0 blanks and 1 valid
11.4336 	DEBUG 	TextBox2 loaded 1 chars with 0 blanks and 1 valid
11.4355 	DEBUG 	TextBox2 loaded 1 chars with 0 blanks and 1 valid
11.4380 	DEBUG 	TextBox2 loaded 1 chars with 0 blanks and 1 valid
11.4389 	DEBUG 	TextBox2 loaded 1 chars with 0 blanks and 1 valid
11.4398 	DEBUG 	TextBox2 loaded 1 chars with 0 blanks and 1 valid
11.4418 	DEBUG 	TextBox2 loaded 1 chars with 0 blanks and 1 valid
11.4437 	DEBUG 	TextBox2 loaded 1 chars with 0 blanks and 1 valid
11.4455 	DEBUG 	TextBox2 loaded 1 chars with 0 blanks and 1 valid
11.4474 	DEBUG 	TextBox2 loaded 1 chars with 0 blanks and 1 valid
11.4490 	DEBUG 	TextBox2 loaded 1 chars with 0 blanks and 1 valid
11.4511 	DEBUG 	TextBox2 loaded 1 chars with 0 blanks and 1 valid
11.4530 	DEBUG 	TextBox2 loaded 1 chars with 0 blanks and 1 valid
11.4541 	DEBUG 	TextBox2 loaded 1 chars with 0 blanks and 1 valid
11.4553 	DEBUG 	TextBox2 loaded 1 chars with 0 blanks and 1 valid
11.4579 	DEBUG 	TextBox2 loaded 1 chars with 0 blanks and 1 valid
11.4588 	DEBUG 	TextBox2 loaded 1 chars with 0 blanks and 1 valid
11.4592 	DEBUG 	Uploading Texture Font fontname to graphics card
11.4723 	DEBUG 	Upload of Texture Font fontname complete
11.4737 	EXP 	window1: mouseVisible = True
11.4738 	EXP 	window1: mouseVisible = True
11.4745 	EXP 	window1: mouseVisible = True
11.4751 	EXP 	window1: mouseVisible = True
11.4847 	DEBUG 	TextBox2 loaded 1 chars with 0 blanks and 1 valid
11.4872 	DEBUG 	TextBox2 loaded 1 chars with 0 blanks and 1 valid
11.4897 	DEBUG 	TextBox2 loaded 1 chars with 0 blanks and 1 valid
11.4899 	DEBUG 	Uploading Texture Font fontname to graphics card
11.4911 	DEBUG 	Upload of Texture Font fontname complete
11.4930 	EXP 	window1: Attempting to measure frame rate of screen (0) ...
11.4930 	EXP 	window1: recordFrameIntervals = False
11.7560 	EXP 	window1: recordFrameIntervals = True
11.9410 	EXP 	Screen (0) actual frame rate measured at 59.64Hz
11.9410 	EXP 	window1: recordFrameIntervals = False
11.9411 	EXP 	window1: mouseVisible = False
11.9417 	EXP 	window1: mouseVisible = True
11.9421 	EXP 	window1: mouseVisible = True
11.9428 	EXP 	window1: mouseVisible = True
11.9434 	EXP 	window1: mouseVisible = True
11.9532 	DEBUG 	TextBox2 loaded 1 chars with 0 blanks and 1 valid
11.9546 	DEBUG 	TextBox2 loaded 1 chars with 0 blanks and 1 valid
11.9569 	DEBUG 	TextBox2 loaded 1 chars with 0 blanks and 1 valid
11.9600 	DEBUG 	TextBox2 loaded 1 chars with 0 blanks and 1 valid
11.9629 	DEBUG 	TextBox2 loaded 1 chars with 0 blanks and 1 valid
11.9658 	DEBUG 	TextBox2 loaded 1 chars with 0 blanks and 1 valid
11.9671 	DEBUG 	TextBox2 loaded 1 chars with 0 blanks and 1 valid
11.9696 	DEBUG 	TextBox2 loaded 1 chars with 0 blanks and 1 valid
11.9727 	DEBUG 	TextBox2 loaded 1 chars with 0 blanks and 1 valid
11.9755 	DEBUG 	TextBox2 loaded 1 chars with 0 blanks and 1 valid
11.9759 	DEBUG 	Uploading Texture Font fontname to graphics card
11.9767 	DEBUG 	Upload of Texture Font fontname complete
11.9784 	EXP 	window1: mouseVisible = True
11.9785 	EXP 	window1: mouseVisible = True
11.9791 	EXP 	window1: mouseVisible = True
11.9797 	EXP 	window1: mouseVisible = True
12.0536 	WARNING 	launchHubServer: If using the iohub mouse or eyetracker devices, fullScr should be True.
14.1493 	INFO 	keyboard.Keyboard is using iohub backend.
14.1493 	INFO 	keyboard.Keyboard is using iohub backend.
14.1494 	INFO 	keyboard.Keyboard is using iohub backend.
14.1494 	INFO 	keyboard.Keyboard is using iohub backend.
14.1494 	EXP 	AB: status = STARTED
14.1497 	EXP 	window1: mouseVisible = True
14.2584 	EXP 	Created text_instructions = TextStim(__class__=<class 'psychopy.visual.text.TextStim'>, alignHoriz=method-wrapper(...), alignText='center', alignVert=method-wrapper(...), anchorHoriz='center', anchorVert='center', antialias=True, autoDraw=False, autoLog=True, bold=False, color=array([1., 1., 1.]), colorSpace='rgb', contrast=1.0, depth=0.0, draggable=False, flipHoriz=False, flipVert=False, font='Open Sans', fontFiles=[], height=0.02, italic=False, languageStyle='LTR', name='text_instructions', opacity=1.0, ori=0.0, pos=array([0., 0.]), rgb=UNKNOWN, text='', units='height', win=Window(...), wrapWidth=1)
14.2908 	EXP 	window1: mouseVisible = True
14.2920 	EXP 	Created context_word = TextStim(__class__=<class 'psychopy.visual.text.TextStim'>, alignHoriz=method-wrapper(...), alignText='center', alignVert=method-wrapper(...), anchorHoriz='center', anchorVert='center', antialias=True, autoDraw=False, autoLog=True, bold=False, color=array([-1., -1.,  1.]), colorSpace='rgb', contrast=1.0, depth=0.0, draggable=False, flipHoriz=False, flipVert=False, font='Open Sans', fontFiles=[], height=0.05, italic=False, languageStyle='LTR', name='context_word', opacity=1.0, ori=0.0, pos=array([0., 0.]), rgb=UNKNOWN, text='', units='height', win=Window(...), wrapWidth=1)
14.2921 	EXP 	window1: mouseVisible = True
14.2936 	EXP 	Created blankContext = TextStim(__class__=<class 'psychopy.visual.text.TextStim'>, alignHoriz=method-wrapper(...), alignText='center', alignVert=method-wrapper(...), anchorHoriz='center', anchorVert='center', antialias=True, autoDraw=False, autoLog=True, bold=False, color=array([1., 1., 1.]), colorSpace='rgb', contrast=1.0, depth=-1.0, draggable=False, flipHoriz=False, flipVert=False, font='Open Sans', fontFiles=[], height=0.05, italic=False, languageStyle='LTR', name='blankContext', opacity=1.0, ori=0.0, pos=array([0., 0.]), rgb=UNKNOWN, text='', units='height', win=Window(...), wrapWidth=1)
14.2937 	EXP 	window1: mouseVisible = True
14.2949 	EXP 	Created text_distractors_2 = TextStim(__class__=<class 'psychopy.visual.text.TextStim'>, alignHoriz=method-wrapper(...), alignText='center', alignVert=method-wrapper(...), anchorHoriz='center', anchorVert='center', antialias=True, autoDraw=False, autoLog=True, bold=False, color=array([-1., -1.,  1.]), colorSpace='rgb', contrast=1.0, depth=0.0, draggable=False, flipHoriz=False, flipVert=False, font='Open Sans', fontFiles=[], height=0.05, italic=False, languageStyle='LTR', name='text_distractors_2', opacity=1.0, ori=0.0, pos=array([0., 0.]), rgb=UNKNOWN, text='', units='height', win=Window(...), wrapWidth=1)
14.2949 	EXP 	window1: mouseVisible = True
14.2961 	EXP 	Created text_T1 = TextStim(__class__=<class 'psychopy.visual.text.TextStim'>, alignHoriz=method-wrapper(...), alignText='center', alignVert=method-wrapper(...), anchorHoriz='center', anchorVert='center', antialias=True, autoDraw=False, autoLog=True, bold=False, color=array([ 1., -1., -1.]), colorSpace='rgb', contrast=1.0, depth=0.0, draggable=False, flipHoriz=False, flipVert=False, font='Open Sans', fontFiles=[], height=0.05, italic=False, languageStyle='LTR', name='text_T1', opacity=1.0, ori=0.0, pos=array([0., 0.]), rgb=UNKNOWN, text='', units='height', win=Window(...), wrapWidth=1)
14.2961 	EXP 	window1: mouseVisible = True
14.2972 	EXP 	Created text_distractors = TextStim(__class__=<class 'psychopy.visual.text.TextStim'>, alignHoriz=method-wrapper(...), alignText='center', alignVert=method-wrapper(...), anchorHoriz='center', anchorVert='center', antialias=True, autoDraw=False, autoLog=True, bold=False, color=array([-1., -1.,  1.]), colorSpace='rgb', contrast=1.0, depth=-1.0, draggable=False, flipHoriz=False, flipVert=False, font='Open Sans', fontFiles=[], height=0.05, italic=False, languageStyle='LTR', name='text_distractors', opacity=1.0, ori=0.0, pos=array([0., 0.]), rgb=UNKNOWN, text='', units='height', win=Window(...), wrapWidth=1)
14.2973 	EXP 	window1: mouseVisible = True
14.2985 	EXP 	Created text_T2 = TextStim(__class__=<class 'psychopy.visual.text.TextStim'>, alignHoriz=method-wrapper(...), alignText='center', alignVert=method-wrapper(...), anchorHoriz='center', anchorVert='center', antialias=True, autoDraw=False, autoLog=True, bold=False, color=array([ 1., -1., -1.]), colorSpace='rgb', contrast=1.0, depth=0.0, draggable=False, flipHoriz=False, flipVert=False, font='Open Sans', fontFiles=[], height=0.05, italic=False, languageStyle='LTR', name='text_T2', opacity=1.0, ori=0.0, pos=array([0., 0.]), rgb=UNKNOWN, text='', units='height', win=Window(...), wrapWidth=1)
14.2986 	EXP 	window1: mouseVisible = True
14.2997 	EXP 	Created text_distractors_2 = TextStim(__class__=<class 'psychopy.visual.text.TextStim'>, alignHoriz=method-wrapper(...), alignText='center', alignVert=method-wrapper(...), anchorHoriz='center', anchorVert='center', antialias=True, autoDraw=False, autoLog=True, bold=False, color=array([-1., -1.,  1.]), colorSpace='rgb', contrast=1.0, depth=0.0, draggable=False, flipHoriz=False, flipVert=False, font='Open Sans', fontFiles=[], height=0.05, italic=False, languageStyle='LTR', name='text_distractors_2', opacity=1.0, ori=0.0, pos=array([0., 0.]), rgb=UNKNOWN, text='', units='height', win=Window(...), wrapWidth=1)
14.2997 	EXP 	window1: mouseVisible = True
14.3012 	EXP 	Created blankT1_1 = TextStim(__class__=<class 'psychopy.visual.text.TextStim'>, alignHoriz=method-wrapper(...), alignText='center', alignVert=method-wrapper(...), anchorHoriz='center', anchorVert='center', antialias=True, autoDraw=False, autoLog=True, bold=False, color=array([1., 1., 1.]), colorSpace='rgb', contrast=1.0, depth=0.0, draggable=False, flipHoriz=False, flipVert=False, font='Open Sans', fontFiles=[], height=0.05, italic=False, languageStyle='LTR', name='blankT1_1', opacity=1.0, ori=0.0, pos=array([0., 0.]), rgb=UNKNOWN, text='', units='height', win=Window(...), wrapWidth=1)
14.3012 	EXP 	window1: mouseVisible = True
14.3119 	EXP 	Created text_T1ask = TextStim(__class__=<class 'psychopy.visual.text.TextStim'>, alignHoriz=method-wrapper(...), alignText='center', alignVert=method-wrapper(...), anchorHoriz='center', anchorVert='center', antialias=True, autoDraw=False, autoLog=True, bold=False, color=array([-1., -1.,  1.]), colorSpace='rgb', contrast=1.0, depth=-1.0, draggable=False, flipHoriz=False, flipVert=False, font='Open Sans', fontFiles=[], height=0.05, italic=False, languageStyle='LTR', name='text_T1ask', opacity=1.0, ori=0.0, pos=array([0., 0.]), rgb=UNKNOWN, text='?\n\nOdd-F    Even-J', units='height', win=Window(...), wrapWidth=1)
14.3120 	EXP 	window1: mouseVisible = True
14.3134 	EXP 	Created blankT1_2 = TextStim(__class__=<class 'psychopy.visual.text.TextStim'>, alignHoriz=method-wrapper(...), alignText='center', alignVert=method-wrapper(...), anchorHoriz='center', anchorVert='center', antialias=True, autoDraw=False, autoLog=True, bold=False, color=array([1., 1., 1.]), colorSpace='rgb', contrast=1.0, depth=-2.0, draggable=False, flipHoriz=False, flipVert=False, font='Open Sans', fontFiles=[], height=0.05, italic=False, languageStyle='LTR', name='blankT1_2', opacity=1.0, ori=0.0, pos=array([0., 0.]), rgb=UNKNOWN, text='', units='height', win=Window(...), wrapWidth=1)
14.3135 	EXP 	window1: mouseVisible = True
14.3150 	EXP 	Created blankT2_1 = TextStim(__class__=<class 'psychopy.visual.text.TextStim'>, alignHoriz=method-wrapper(...), alignText='center', alignVert=method-wrapper(...), anchorHoriz='center', anchorVert='center', antialias=True, autoDraw=False, autoLog=True, bold=False, color=array([1., 1., 1.]), colorSpace='rgb', contrast=1.0, depth=0.0, draggable=False, flipHoriz=False, flipVert=False, font='Open Sans', fontFiles=[], height=0.05, italic=False, languageStyle='LTR', name='blankT2_1', opacity=1.0, ori=0.0, pos=array([0., 0.]), rgb=UNKNOWN, text='', units='height', win=Window(...), wrapWidth=1)
14.3151 	EXP 	window1: mouseVisible = True
14.3226 	EXP 	Created text_T2ask = TextStim(__class__=<class 'psychopy.visual.text.TextStim'>, alignHoriz=method-wrapper(...), alignText='center', alignVert=method-wrapper(...), anchorHoriz='center', anchorVert='center', antialias=True, autoDraw=False, autoLog=True, bold=False, color=array([-1., -1.,  1.]), colorSpace='rgb', contrast=1.0, depth=-1.0, draggable=False, flipHoriz=False, flipVert=False, font='Open Sans', fontFiles=[], height=0.05, italic=False, languageStyle='LTR', name='text_T2ask', opacity=1.0, ori=0.0, pos=array([0., 0.]), rgb=UNKNOWN, text='?\n\nRelated-F    Unrelated-J', units='height', win=Window(...), wrapWidth=1)
14.3227 	EXP 	window1: mouseVisible = True
14.3242 	EXP 	Created blankT2_2 = TextStim(__class__=<class 'psychopy.visual.text.TextStim'>, alignHoriz=method-wrapper(...), alignText='center', alignVert=method-wrapper(...), anchorHoriz='center', anchorVert='center', antialias=True, autoDraw=False, autoLog=True, bold=False, color=array([1., 1., 1.]), colorSpace='rgb', contrast=1.0, depth=-2.0, draggable=False, flipHoriz=False, flipVert=False, font='Open Sans', fontFiles=[], height=0.05, italic=False, languageStyle='LTR', name='blankT2_2', opacity=1.0, ori=0.0, pos=array([0., 0.]), rgb=UNKNOWN, text='', units='height', win=Window(...), wrapWidth=1)
14.3243 	EXP 	window1: mouseVisible = True
14.3275 	EXP 	Created text = TextStim(__class__=<class 'psychopy.visual.text.TextStim'>, alignHoriz=method-wrapper(...), alignText='center', alignVert=method-wrapper(...), anchorHoriz='center', anchorVert='center', antialias=True, autoDraw=False, autoLog=True, bold=False, color=array([1., 1., 1.]), colorSpace='rgb', contrast=1.0, depth=0.0, draggable=False, flipHoriz=False, flipVert=False, font='Open Sans', fontFiles=[], height=0.05, italic=False, languageStyle='LTR', name='text', opacity=1.0, ori=0.0, pos=array([0., 0.]), rgb=UNKNOWN, text='rest', units='height', win=Window(...), wrapWidth=1)
0.0118 	EXP 	text_instructions: height = 0.02
0.0118 	EXP 	text_instructions: height = 0.02
0.0118 	EXP 	text_instructions: height = 0.02
0.0118 	EXP 	text_instructions: text = 'Instructions\n\nIf you see an odd number, please press the F key on your keyboard.\nIf you see an even number, please press the J key on your keyboard.\nPlease focus your attention and try to respond as accurately and swiftly as possible. Once you are ready, we will begin the test.'
0.0292 	INFO 	Keyboard events cleared
0.0290 	EXP 	text_instructions: autoDraw = True
2.4679 	DEBUG 	Read excel file with openpyxl: task_type.xlsx
2.4683 	EXP 	Imported task_type.xlsx as conditions, 12 conditions, 2 params
2.4688 	EXP 	Created sequence: sequential, trialTypes=12, nReps=1, seed=None
2.4689 	EXP 	New trial (rep=0, index=0): {'task1': 'single', 'task2': 'dual'}
2.4886 	EXP 	window1: mouseVisible = True
2.4906 	DEBUG 	Saving data for AB ExperimentHandler
2.4912 	INFO 	saved data to D:\GoogleDisk\scienceDocs\#eegmanylabs\ReplicationDocs\Luck1996\code\Luck1996AB_3\data/981469_AB_2024-06-21_10h06.05.429.psydat
2.4915 	INFO 	saved data to 'D:\\GoogleDisk\\scienceDocs\\#eegmanylabs\\ReplicationDocs\\Luck1996\\code\\Luck1996AB_3\\data/981469_AB_2024-06-21_10h06.05.429.csv'
